<?xml version="1.0" encoding="UTF-8"?>
<coverage generated="1776917012640" clover="3.2.0">
  <project timestamp="1776917012640" name="All files">
    <metrics statements="1300" coveredstatements="835" conditionals="733" coveredconditionals="396" methods="143" coveredmethods="92" elements="2176" coveredelements="1323" complexity="0" loc="1300" ncloc="1300" packages="3" files="18" classes="18"/>
    <package name="controllers">
      <metrics statements="773" coveredstatements="415" conditionals="388" coveredconditionals="158" methods="67" coveredmethods="36"/>
      <file name="auditController.js" path="/Users/tannu/Capstone-Projects/current/campus-booking-system/backend/controllers/auditController.js">
        <metrics statements="35" coveredstatements="0" conditionals="14" coveredconditionals="0" methods="3" coveredmethods="0"/>
        <line num="1" count="0" type="stmt"/>
        <line num="2" count="0" type="stmt"/>
        <line num="6" count="0" type="stmt"/>
        <line num="7" count="0" type="stmt"/>
        <line num="9" count="0" type="stmt"/>
        <line num="10" count="0" type="stmt"/>
        <line num="11" count="0" type="stmt"/>
        <line num="12" count="0" type="stmt"/>
        <line num="13" count="0" type="stmt"/>
        <line num="14" count="0" type="stmt"/>
        <line num="15" count="0" type="stmt"/>
        <line num="17" count="0" type="stmt"/>
        <line num="19" count="0" type="cond" truecount="0" falsecount="2"/>
        <line num="20" count="0" type="cond" truecount="0" falsecount="2"/>
        <line num="21" count="0" type="cond" truecount="0" falsecount="2"/>
        <line num="22" count="0" type="cond" truecount="0" falsecount="4"/>
        <line num="23" count="0" type="stmt"/>
        <line num="24" count="0" type="cond" truecount="0" falsecount="2"/>
        <line num="25" count="0" type="cond" truecount="0" falsecount="2"/>
        <line num="28" count="0" type="stmt"/>
        <line num="29" count="0" type="stmt"/>
        <line num="38" count="0" type="stmt"/>
        <line num="45" count="0" type="stmt"/>
        <line num="51" count="0" type="stmt"/>
        <line num="52" count="0" type="stmt"/>
        <line num="54" count="0" type="stmt"/>
        <line num="56" count="0" type="stmt"/>
        <line num="61" count="0" type="stmt"/>
        <line num="63" count="0" type="stmt"/>
        <line num="69" count="0" type="stmt"/>
        <line num="70" count="0" type="stmt"/>
        <line num="71" count="0" type="stmt"/>
        <line num="72" count="0" type="stmt"/>
        <line num="74" count="0" type="stmt"/>
        <line num="78" count="0" type="stmt"/>
      </file>
      <file name="authController.js" path="/Users/tannu/Capstone-Projects/current/campus-booking-system/backend/controllers/authController.js">
        <metrics statements="91" coveredstatements="17" conditionals="34" coveredconditionals="0" methods="10" coveredmethods="0"/>
        <line num="1" count="1" type="stmt"/>
        <line num="2" count="1" type="stmt"/>
        <line num="3" count="1" type="stmt"/>
        <line num="4" count="1" type="stmt"/>
        <line num="5" count="1" type="stmt"/>
        <line num="6" count="1" type="stmt"/>
        <line num="7" count="1" type="stmt"/>
        <line num="9" count="1" type="stmt"/>
        <line num="10" count="0" type="stmt"/>
        <line num="15" count="1" type="stmt"/>
        <line num="16" count="0" type="stmt"/>
        <line num="21" count="1" type="stmt"/>
        <line num="22" count="0" type="stmt"/>
        <line num="23" count="0" type="stmt"/>
        <line num="32" count="1" type="stmt"/>
        <line num="43" count="1" type="stmt"/>
        <line num="44" count="0" type="stmt"/>
        <line num="45" count="0" type="stmt"/>
        <line num="47" count="0" type="stmt"/>
        <line num="48" count="0" type="cond" truecount="0" falsecount="2"/>
        <line num="49" count="0" type="stmt"/>
        <line num="52" count="0" type="stmt"/>
        <line num="54" count="0" type="stmt"/>
        <line num="63" count="0" type="stmt"/>
        <line num="65" count="0" type="stmt"/>
        <line num="66" count="0" type="stmt"/>
        <line num="67" count="0" type="stmt"/>
        <line num="68" count="0" type="stmt"/>
        <line num="70" count="0" type="stmt"/>
        <line num="76" count="1" type="stmt"/>
        <line num="77" count="0" type="stmt"/>
        <line num="78" count="0" type="stmt"/>
        <line num="80" count="0" type="stmt"/>
        <line num="81" count="0" type="cond" truecount="0" falsecount="2"/>
        <line num="82" count="0" type="stmt"/>
        <line num="86" count="0" type="cond" truecount="0" falsecount="2"/>
        <line num="87" count="0" type="stmt"/>
        <line num="91" count="0" type="cond" truecount="0" falsecount="2"/>
        <line num="92" count="0" type="cond" truecount="0" falsecount="4"/>
        <line num="93" count="0" type="stmt"/>
        <line num="94" count="0" type="stmt"/>
        <line num="95" count="0" type="stmt"/>
        <line num="96" count="0" type="stmt"/>
        <line num="98" count="0" type="stmt"/>
        <line num="106" count="0" type="cond" truecount="0" falsecount="2"/>
        <line num="107" count="0" type="stmt"/>
        <line num="108" count="0" type="stmt"/>
        <line num="110" count="0" type="stmt"/>
        <line num="118" count="0" type="stmt"/>
        <line num="119" count="0" type="stmt"/>
        <line num="120" count="0" type="stmt"/>
        <line num="121" count="0" type="stmt"/>
        <line num="123" count="0" type="stmt"/>
        <line num="126" count="0" type="stmt"/>
        <line num="132" count="1" type="stmt"/>
        <line num="133" count="0" type="stmt"/>
        <line num="134" count="0" type="stmt"/>
        <line num="135" count="0" type="cond" truecount="0" falsecount="2"/>
        <line num="136" count="0" type="stmt"/>
        <line num="140" count="0" type="stmt"/>
        <line num="141" count="0" type="stmt"/>
        <line num="143" count="0" type="stmt"/>
        <line num="146" count="0" type="cond" truecount="0" falsecount="2"/>
        <line num="147" count="0" type="stmt"/>
        <line num="149" count="0" type="cond" truecount="0" falsecount="2"/>
        <line num="150" count="0" type="stmt"/>
        <line num="153" count="0" type="stmt"/>
        <line num="154" count="0" type="cond" truecount="0" falsecount="2"/>
        <line num="155" count="0" type="stmt"/>
        <line num="157" count="0" type="cond" truecount="0" falsecount="2"/>
        <line num="158" count="0" type="stmt"/>
        <line num="161" count="0" type="stmt"/>
        <line num="162" count="0" type="stmt"/>
        <line num="163" count="0" type="stmt"/>
        <line num="164" count="0" type="stmt"/>
        <line num="165" count="0" type="stmt"/>
        <line num="167" count="0" type="stmt"/>
        <line num="173" count="1" type="stmt"/>
        <line num="174" count="0" type="stmt"/>
        <line num="175" count="0" type="cond" truecount="0" falsecount="4"/>
        <line num="176" count="0" type="stmt"/>
        <line num="177" count="0" type="stmt"/>
        <line num="180" count="0" type="stmt"/>
        <line num="181" count="0" type="cond" truecount="0" falsecount="2"/>
        <line num="182" count="0" type="stmt"/>
        <line num="185" count="0" type="stmt"/>
        <line num="186" count="0" type="stmt"/>
        <line num="187" count="0" type="stmt"/>
        <line num="192" count="1" type="stmt"/>
        <line num="193" count="0" type="stmt"/>
        <line num="196" count="1" type="stmt"/>
      </file>
      <file name="bookingController.js" path="/Users/tannu/Capstone-Projects/current/campus-booking-system/backend/controllers/bookingController.js">
        <metrics statements="454" coveredstatements="268" conditionals="263" coveredconditionals="115" methods="35" coveredmethods="23"/>
        <line num="1" count="7" type="stmt"/>
        <line num="2" count="7" type="stmt"/>
        <line num="3" count="7" type="stmt"/>
        <line num="4" count="7" type="stmt"/>
        <line num="5" count="7" type="stmt"/>
        <line num="6" count="7" type="stmt"/>
        <line num="7" count="7" type="stmt"/>
        <line num="8" count="7" type="stmt"/>
        <line num="9" count="7" type="stmt"/>
        <line num="10" count="7" type="stmt"/>
        <line num="11" count="7" type="stmt"/>
        <line num="12" count="7" type="stmt"/>
        <line num="13" count="7" type="stmt"/>
        <line num="14" count="7" type="stmt"/>
        <line num="17" count="7" type="stmt"/>
        <line num="19" count="7" type="stmt"/>
        <line num="23" count="123" type="cond" truecount="4" falsecount="0"/>
        <line num="24" count="40" type="stmt"/>
        <line num="25" count="40" type="stmt"/>
        <line num="27" count="83" type="stmt"/>
        <line num="30" count="123" type="stmt"/>
        <line num="31" count="123" type="stmt"/>
        <line num="34" count="7" type="stmt"/>
        <line num="35" count="41" type="cond" truecount="4" falsecount="0"/>
        <line num="36" count="17" type="stmt"/>
        <line num="39" count="24" type="stmt"/>
        <line num="40" count="24" type="stmt"/>
        <line num="41" count="24" type="stmt"/>
        <line num="42" count="24" type="stmt"/>
        <line num="43" count="24" type="stmt"/>
        <line num="46" count="7" type="stmt"/>
        <line num="47" count="82" type="stmt"/>
        <line num="48" count="82" type="stmt"/>
        <line num="49" count="82" type="stmt"/>
        <line num="52" count="7" type="stmt"/>
        <line num="53" count="55" type="stmt"/>
        <line num="54" count="55" type="stmt"/>
        <line num="55" count="55" type="stmt"/>
        <line num="56" count="55" type="stmt"/>
        <line num="59" count="7" type="stmt"/>
        <line num="60" count="44" type="cond" truecount="2" falsecount="0"/>
        <line num="62" count="7" type="stmt"/>
        <line num="63" count="7" type="stmt"/>
        <line num="72" count="7" type="stmt"/>
        <line num="73" count="20" type="stmt"/>
        <line num="74" count="20" type="stmt"/>
        <line num="76" count="20" type="stmt"/>
        <line num="77" count="20" type="stmt"/>
        <line num="80" count="20" type="cond" truecount="1" falsecount="1"/>
        <line num="81" count="0" type="stmt"/>
        <line num="84" count="20" type="stmt"/>
        <line num="85" count="20" type="cond" truecount="1" falsecount="1"/>
        <line num="86" count="0" type="stmt"/>
        <line num="89" count="20" type="stmt"/>
        <line num="90" count="20" type="cond" truecount="1" falsecount="1"/>
        <line num="91" count="0" type="stmt"/>
        <line num="94" count="20" type="stmt"/>
        <line num="100" count="20" type="cond" truecount="2" falsecount="2"/>
        <line num="101" count="0" type="stmt"/>
        <line num="110" count="20" type="stmt"/>
        <line num="111" count="20" type="cond" truecount="2" falsecount="0"/>
        <line num="112" count="1" type="stmt"/>
        <line num="114" count="19" type="cond" truecount="4" falsecount="0"/>
        <line num="115" count="1" type="stmt"/>
        <line num="119" count="18" type="stmt"/>
        <line num="120" count="18" type="cond" truecount="2" falsecount="0"/>
        <line num="121" count="1" type="stmt"/>
        <line num="124" count="17" type="stmt"/>
        <line num="125" count="17" type="stmt"/>
        <line num="126" count="17" type="stmt"/>
        <line num="127" count="17" type="stmt"/>
        <line num="128" count="17" type="stmt"/>
        <line num="129" count="17" type="stmt"/>
        <line num="130" count="17" type="stmt"/>
        <line num="134" count="17" type="stmt"/>
        <line num="135" count="17" type="cond" truecount="1" falsecount="1"/>
        <line num="136" count="0" type="stmt"/>
        <line num="143" count="17" type="stmt"/>
        <line num="144" count="17" type="stmt"/>
        <line num="150" count="17" type="stmt"/>
        <line num="151" count="7" type="cond" truecount="1" falsecount="1"/>
        <line num="154" count="17" type="cond" truecount="2" falsecount="0"/>
        <line num="155" count="6" type="stmt"/>
        <line num="158" count="6" type="stmt"/>
        <line num="160" count="6" type="stmt"/>
        <line num="163" count="6" type="stmt"/>
        <line num="178" count="11" type="stmt"/>
        <line num="179" count="11" type="stmt"/>
        <line num="180" count="11" type="stmt"/>
        <line num="181" count="11" type="stmt"/>
        <line num="185" count="0" type="stmt"/>
        <line num="186" count="0" type="stmt"/>
        <line num="189" count="11" type="stmt"/>
        <line num="190" count="11" type="stmt"/>
        <line num="191" count="11" type="stmt"/>
        <line num="192" count="11" type="cond" truecount="2" falsecount="0"/>
        <line num="197" count="11" type="stmt"/>
        <line num="199" count="11" type="stmt"/>
        <line num="217" count="11" type="cond" truecount="1" falsecount="1"/>
        <line num="218" count="11" type="stmt"/>
        <line num="219" count="0" type="stmt"/>
        <line num="220" count="0" type="stmt"/>
        <line num="222" count="0" type="stmt"/>
        <line num="226" count="11" type="cond" truecount="3" falsecount="1"/>
        <line num="227" count="11" type="stmt"/>
        <line num="231" count="11" type="cond" truecount="2" falsecount="2"/>
        <line num="232" count="0" type="stmt"/>
        <line num="235" count="0" type="stmt"/>
        <line num="237" count="0" type="stmt"/>
        <line num="246" count="11" type="stmt"/>
        <line num="248" count="11" type="cond" truecount="1" falsecount="1"/>
        <line num="249" count="11" type="stmt"/>
        <line num="250" count="11" type="stmt"/>
        <line num="256" count="0" type="stmt"/>
        <line num="257" count="0" type="stmt"/>
        <line num="258" count="0" type="cond" truecount="0" falsecount="2"/>
        <line num="259" count="0" type="stmt"/>
        <line num="260" count="0" type="stmt"/>
        <line num="262" count="0" type="stmt"/>
        <line num="264" count="0" type="stmt"/>
        <line num="265" count="0" type="stmt"/>
        <line num="267" count="0" type="stmt"/>
        <line num="270" count="0" type="stmt"/>
        <line num="287" count="0" type="stmt"/>
        <line num="295" count="0" type="stmt"/>
        <line num="298" count="11" type="cond" truecount="1" falsecount="1"/>
        <line num="299" count="11" type="stmt"/>
        <line num="302" count="11" type="cond" truecount="1" falsecount="1"/>
        <line num="303" count="0" type="stmt"/>
        <line num="304" count="0" type="stmt"/>
        <line num="306" count="11" type="stmt"/>
        <line num="312" count="7" type="stmt"/>
        <line num="313" count="0" type="stmt"/>
        <line num="314" count="0" type="stmt"/>
        <line num="317" count="0" type="stmt"/>
        <line num="319" count="0" type="stmt"/>
        <line num="325" count="7" type="stmt"/>
        <line num="326" count="1" type="stmt"/>
        <line num="328" count="1" type="stmt"/>
        <line num="329" count="1" type="stmt"/>
        <line num="330" count="1" type="stmt"/>
        <line num="331" count="1" type="stmt"/>
        <line num="332" count="1" type="stmt"/>
        <line num="333" count="1" type="stmt"/>
        <line num="335" count="1" type="stmt"/>
        <line num="336" count="1" type="cond" truecount="1" falsecount="1"/>
        <line num="337" count="1" type="cond" truecount="3" falsecount="1"/>
        <line num="338" count="0" type="stmt"/>
        <line num="339" count="0" type="cond" truecount="0" falsecount="2"/>
        <line num="340" count="0" type="cond" truecount="0" falsecount="2"/>
        <line num="344" count="1" type="stmt"/>
        <line num="347" count="3" type="stmt"/>
        <line num="349" count="1" type="cond" truecount="2" falsecount="2"/>
        <line num="350" count="0" type="stmt"/>
        <line num="352" count="1" type="cond" truecount="1" falsecount="1"/>
        <line num="354" count="1" type="stmt"/>
        <line num="355" count="1" type="stmt"/>
        <line num="364" count="1" type="stmt"/>
        <line num="371" count="0" type="stmt"/>
        <line num="377" count="7" type="stmt"/>
        <line num="378" count="1" type="stmt"/>
        <line num="379" count="1" type="stmt"/>
        <line num="380" count="1" type="cond" truecount="1" falsecount="1"/>
        <line num="381" count="1" type="stmt"/>
        <line num="384" count="0" type="stmt"/>
        <line num="388" count="0" type="stmt"/>
        <line num="390" count="0" type="stmt"/>
        <line num="396" count="7" type="stmt"/>
        <line num="397" count="10" type="stmt"/>
        <line num="398" count="10" type="stmt"/>
        <line num="400" count="10" type="cond" truecount="1" falsecount="1"/>
        <line num="401" count="0" type="stmt"/>
        <line num="405" count="10" type="cond" truecount="3" falsecount="1"/>
        <line num="406" count="0" type="stmt"/>
        <line num="411" count="10" type="stmt"/>
        <line num="412" count="10" type="stmt"/>
        <line num="414" count="10" type="cond" truecount="2" falsecount="0"/>
        <line num="415" count="10" type="stmt"/>
        <line num="418" count="10" type="stmt"/>
        <line num="419" count="33" type="cond" truecount="2" falsecount="0"/>
        <line num="420" count="15" type="stmt"/>
        <line num="425" count="10" type="stmt"/>
        <line num="428" count="120" type="stmt"/>
        <line num="430" count="10" type="cond" truecount="2" falsecount="0"/>
        <line num="431" count="9" type="stmt"/>
        <line num="439" count="1" type="cond" truecount="1" falsecount="1"/>
        <line num="440" count="0" type="stmt"/>
        <line num="446" count="1" type="stmt"/>
        <line num="449" count="1" type="cond" truecount="4" falsecount="1"/>
        <line num="450" count="0" type="cond" truecount="0" falsecount="3"/>
        <line num="451" count="0" type="cond" truecount="0" falsecount="2"/>
        <line num="452" count="0" type="cond" truecount="0" falsecount="2"/>
        <line num="454" count="0" type="stmt"/>
        <line num="455" count="0" type="stmt"/>
        <line num="456" count="0" type="stmt"/>
        <line num="459" count="1" type="stmt"/>
        <line num="460" count="1" type="stmt"/>
        <line num="462" count="1" type="stmt"/>
        <line num="464" count="1" type="stmt"/>
        <line num="472" count="1" type="stmt"/>
        <line num="474" count="0" type="stmt"/>
        <line num="480" count="7" type="stmt"/>
        <line num="481" count="5" type="stmt"/>
        <line num="482" count="5" type="stmt"/>
        <line num="484" count="5" type="cond" truecount="1" falsecount="1"/>
        <line num="485" count="0" type="stmt"/>
        <line num="488" count="5" type="cond" truecount="4" falsecount="0"/>
        <line num="489" count="1" type="stmt"/>
        <line num="492" count="4" type="stmt"/>
        <line num="493" count="4" type="cond" truecount="2" falsecount="0"/>
        <line num="494" count="4" type="stmt"/>
        <line num="495" count="4" type="stmt"/>
        <line num="497" count="4" type="stmt"/>
        <line num="511" count="4" type="stmt"/>
        <line num="512" count="4" type="cond" truecount="3" falsecount="1"/>
        <line num="513" count="4" type="stmt"/>
        <line num="520" count="4" type="stmt"/>
        <line num="522" count="0" type="stmt"/>
        <line num="528" count="7" type="stmt"/>
        <line num="529" count="5" type="stmt"/>
        <line num="531" count="5" type="stmt"/>
        <line num="532" count="5" type="stmt"/>
        <line num="534" count="5" type="stmt"/>
        <line num="535" count="5" type="cond" truecount="1" falsecount="1"/>
        <line num="536" count="0" type="stmt"/>
        <line num="539" count="5" type="stmt"/>
        <line num="542" count="5" type="cond" truecount="3" falsecount="1"/>
        <line num="543" count="5" type="stmt"/>
        <line num="544" count="5" type="stmt"/>
        <line num="547" count="5" type="stmt"/>
        <line num="548" count="5" type="stmt"/>
        <line num="549" count="5" type="stmt"/>
        <line num="550" count="5" type="stmt"/>
        <line num="554" count="0" type="stmt"/>
        <line num="555" count="0" type="stmt"/>
        <line num="558" count="5" type="stmt"/>
        <line num="560" count="5" type="cond" truecount="1" falsecount="1"/>
        <line num="564" count="0" type="cond" truecount="0" falsecount="2"/>
        <line num="565" count="0" type="cond" truecount="0" falsecount="2"/>
        <line num="566" count="0" type="stmt"/>
        <line num="570" count="0" type="cond" truecount="0" falsecount="2"/>
        <line num="571" count="0" type="cond" truecount="0" falsecount="2"/>
        <line num="572" count="0" type="stmt"/>
        <line num="573" count="0" type="stmt"/>
        <line num="575" count="0" type="stmt"/>
        <line num="576" count="0" type="stmt"/>
        <line num="580" count="0" type="stmt"/>
        <line num="587" count="0" type="cond" truecount="0" falsecount="2"/>
        <line num="591" count="0" type="stmt"/>
        <line num="592" count="0" type="stmt"/>
        <line num="601" count="0" type="cond" truecount="0" falsecount="2"/>
        <line num="602" count="0" type="cond" truecount="0" falsecount="2"/>
        <line num="603" count="0" type="stmt"/>
        <line num="610" count="0" type="stmt"/>
        <line num="611" count="0" type="cond" truecount="0" falsecount="2"/>
        <line num="613" count="0" type="cond" truecount="0" falsecount="2"/>
        <line num="614" count="0" type="stmt"/>
        <line num="615" count="0" type="stmt"/>
        <line num="617" count="0" type="stmt"/>
        <line num="620" count="5" type="cond" truecount="1" falsecount="1"/>
        <line num="623" count="5" type="cond" truecount="2" falsecount="2"/>
        <line num="624" count="0" type="stmt"/>
        <line num="630" count="5" type="stmt"/>
        <line num="632" count="5" type="cond" truecount="1" falsecount="1"/>
        <line num="633" count="5" type="stmt"/>
        <line num="634" count="5" type="stmt"/>
        <line num="639" count="0" type="stmt"/>
        <line num="640" count="0" type="cond" truecount="0" falsecount="2"/>
        <line num="641" count="0" type="stmt"/>
        <line num="642" count="0" type="stmt"/>
        <line num="646" count="0" type="stmt"/>
        <line num="647" count="0" type="cond" truecount="0" falsecount="2"/>
        <line num="648" count="0" type="stmt"/>
        <line num="651" count="0" type="stmt"/>
        <line num="653" count="0" type="stmt"/>
        <line num="659" count="0" type="cond" truecount="0" falsecount="2"/>
        <line num="668" count="0" type="cond" truecount="0" falsecount="4"/>
        <line num="669" count="0" type="stmt"/>
        <line num="676" count="0" type="stmt"/>
        <line num="679" count="5" type="cond" truecount="1" falsecount="1"/>
        <line num="680" count="0" type="stmt"/>
        <line num="681" count="0" type="stmt"/>
        <line num="683" count="5" type="stmt"/>
        <line num="689" count="7" type="stmt"/>
        <line num="690" count="0" type="stmt"/>
        <line num="691" count="0" type="stmt"/>
        <line num="693" count="0" type="cond" truecount="0" falsecount="2"/>
        <line num="694" count="0" type="stmt"/>
        <line num="697" count="0" type="stmt"/>
        <line num="698" count="0" type="cond" truecount="0" falsecount="2"/>
        <line num="699" count="0" type="stmt"/>
        <line num="703" count="0" type="stmt"/>
        <line num="704" count="0" type="stmt"/>
        <line num="705" count="0" type="stmt"/>
        <line num="706" count="0" type="stmt"/>
        <line num="709" count="0" type="stmt"/>
        <line num="710" count="0" type="cond" truecount="0" falsecount="3"/>
        <line num="711" count="0" type="cond" truecount="0" falsecount="2"/>
        <line num="712" count="0" type="cond" truecount="0" falsecount="2"/>
        <line num="713" count="0" type="stmt"/>
        <line num="730" count="0" type="stmt"/>
        <line num="744" count="0" type="cond" truecount="0" falsecount="2"/>
        <line num="745" count="0" type="stmt"/>
        <line num="752" count="0" type="stmt"/>
        <line num="753" count="0" type="stmt"/>
        <line num="759" count="0" type="stmt"/>
        <line num="765" count="7" type="stmt"/>
        <line num="766" count="5" type="stmt"/>
        <line num="767" count="5" type="stmt"/>
        <line num="768" count="5" type="cond" truecount="1" falsecount="1"/>
        <line num="769" count="0" type="stmt"/>
        <line num="772" count="5" type="cond" truecount="4" falsecount="0"/>
        <line num="773" count="1" type="stmt"/>
        <line num="776" count="4" type="cond" truecount="2" falsecount="0"/>
        <line num="777" count="1" type="stmt"/>
        <line num="781" count="3" type="stmt"/>
        <line num="782" count="3" type="cond" truecount="1" falsecount="1"/>
        <line num="783" count="3" type="cond" truecount="1" falsecount="1"/>
        <line num="784" count="3" type="cond" truecount="1" falsecount="1"/>
        <line num="786" count="3" type="cond" truecount="1" falsecount="1"/>
        <line num="787" count="3" type="stmt"/>
        <line num="794" count="0" type="cond" truecount="0" falsecount="2"/>
        <line num="795" count="0" type="stmt"/>
        <line num="803" count="0" type="stmt"/>
        <line num="818" count="0" type="cond" truecount="0" falsecount="2"/>
        <line num="820" count="0" type="cond" truecount="0" falsecount="2"/>
        <line num="821" count="0" type="stmt"/>
        <line num="824" count="0" type="stmt"/>
        <line num="830" count="0" type="stmt"/>
        <line num="838" count="0" type="stmt"/>
        <line num="840" count="0" type="stmt"/>
        <line num="846" count="7" type="stmt"/>
        <line num="847" count="8" type="stmt"/>
        <line num="848" count="8" type="stmt"/>
        <line num="851" count="8" type="stmt"/>
        <line num="852" count="8" type="cond" truecount="1" falsecount="1"/>
        <line num="853" count="0" type="stmt"/>
        <line num="859" count="8" type="stmt"/>
        <line num="860" count="8" type="stmt"/>
        <line num="862" count="8" type="cond" truecount="1" falsecount="1"/>
        <line num="863" count="0" type="stmt"/>
        <line num="867" count="8" type="stmt"/>
        <line num="868" count="8" type="cond" truecount="1" falsecount="1"/>
        <line num="869" count="0" type="stmt"/>
        <line num="876" count="8" type="stmt"/>
        <line num="877" count="8" type="stmt"/>
        <line num="878" count="8" type="stmt"/>
        <line num="879" count="8" type="stmt"/>
        <line num="881" count="8" type="stmt"/>
        <line num="882" count="8" type="stmt"/>
        <line num="884" count="8" type="stmt"/>
        <line num="886" count="8" type="cond" truecount="1" falsecount="1"/>
        <line num="887" count="0" type="stmt"/>
        <line num="891" count="8" type="stmt"/>
        <line num="897" count="8" type="cond" truecount="1" falsecount="1"/>
        <line num="898" count="8" type="stmt"/>
        <line num="899" count="8" type="stmt"/>
        <line num="901" count="8" type="cond" truecount="2" falsecount="0"/>
        <line num="902" count="2" type="stmt"/>
        <line num="913" count="6" type="stmt"/>
        <line num="914" count="6" type="stmt"/>
        <line num="915" count="6" type="stmt"/>
        <line num="916" count="27" type="stmt"/>
        <line num="917" count="27" type="stmt"/>
        <line num="918" count="27" type="stmt"/>
        <line num="920" count="27" type="stmt"/>
        <line num="921" count="27" type="stmt"/>
        <line num="927" count="27" type="stmt"/>
        <line num="928" count="1" type="cond" truecount="1" falsecount="1"/>
        <line num="931" count="27" type="cond" truecount="2" falsecount="0"/>
        <line num="932" count="1" type="stmt"/>
        <line num="937" count="1" type="stmt"/>
        <line num="949" count="6" type="cond" truecount="2" falsecount="0"/>
        <line num="950" count="1" type="stmt"/>
        <line num="954" count="1" type="stmt"/>
        <line num="965" count="5" type="stmt"/>
        <line num="966" count="5" type="stmt"/>
        <line num="967" count="24" type="stmt"/>
        <line num="968" count="24" type="stmt"/>
        <line num="969" count="24" type="stmt"/>
        <line num="970" count="24" type="stmt"/>
        <line num="971" count="24" type="stmt"/>
        <line num="972" count="24" type="stmt"/>
        <line num="973" count="24" type="cond" truecount="1" falsecount="1"/>
        <line num="977" count="24" type="stmt"/>
        <line num="999" count="24" type="stmt"/>
        <line num="1002" count="5" type="stmt"/>
        <line num="1016" count="5" type="stmt"/>
        <line num="1024" count="0" type="stmt"/>
        <line num="1030" count="7" type="stmt"/>
        <line num="1031" count="0" type="stmt"/>
        <line num="1032" count="0" type="stmt"/>
        <line num="1033" count="0" type="cond" truecount="0" falsecount="1"/>
        <line num="1035" count="0" type="stmt"/>
        <line num="1040" count="0" type="cond" truecount="0" falsecount="2"/>
        <line num="1041" count="0" type="stmt"/>
        <line num="1045" count="0" type="stmt"/>
        <line num="1046" count="0" type="cond" truecount="0" falsecount="4"/>
        <line num="1047" count="0" type="stmt"/>
        <line num="1050" count="0" type="stmt"/>
        <line num="1052" count="0" type="cond" truecount="0" falsecount="4"/>
        <line num="1054" count="0" type="cond" truecount="0" falsecount="2"/>
        <line num="1055" count="0" type="stmt"/>
        <line num="1057" count="0" type="stmt"/>
        <line num="1058" count="0" type="stmt"/>
        <line num="1060" count="0" type="stmt"/>
        <line num="1063" count="0" type="cond" truecount="0" falsecount="2"/>
        <line num="1064" count="0" type="stmt"/>
        <line num="1066" count="0" type="stmt"/>
        <line num="1067" count="0" type="stmt"/>
        <line num="1071" count="0" type="stmt"/>
        <line num="1072" count="0" type="stmt"/>
        <line num="1076" count="0" type="stmt"/>
        <line num="1077" count="0" type="stmt"/>
        <line num="1078" count="0" type="stmt"/>
        <line num="1079" count="0" type="stmt"/>
        <line num="1080" count="0" type="stmt"/>
        <line num="1081" count="0" type="stmt"/>
        <line num="1082" count="0" type="stmt"/>
        <line num="1083" count="0" type="stmt"/>
        <line num="1086" count="0" type="stmt"/>
        <line num="1098" count="0" type="stmt"/>
        <line num="1104" count="0" type="stmt"/>
        <line num="1109" count="7" type="stmt"/>
        <line num="1110" count="6" type="stmt"/>
        <line num="1111" count="6" type="stmt"/>
        <line num="1119" count="6" type="stmt"/>
        <line num="1121" count="6" type="stmt"/>
        <line num="1122" count="0" type="stmt"/>
        <line num="1123" count="0" type="stmt"/>
        <line num="1129" count="0" type="stmt"/>
        <line num="1130" count="0" type="cond" truecount="0" falsecount="2"/>
        <line num="1133" count="0" type="cond" truecount="0" falsecount="2"/>
        <line num="1134" count="0" type="stmt"/>
        <line num="1138" count="6" type="stmt"/>
        <line num="1143" count="7" type="stmt"/>
        <line num="1144" count="0" type="stmt"/>
        <line num="1145" count="0" type="cond" truecount="0" falsecount="1"/>
        <line num="1146" count="0" type="stmt"/>
        <line num="1147" count="0" type="stmt"/>
        <line num="1148" count="0" type="stmt"/>
        <line num="1159" count="0" type="stmt"/>
        <line num="1171" count="0" type="stmt"/>
        <line num="1181" count="0" type="stmt"/>
        <line num="1193" count="0" type="stmt"/>
        <line num="1194" count="0" type="stmt"/>
        <line num="1195" count="0" type="stmt"/>
        <line num="1196" count="0" type="stmt"/>
        <line num="1198" count="0" type="stmt"/>
        <line num="1204" count="0" type="stmt"/>
        <line num="1210" count="0" type="stmt"/>
        <line num="1217" count="0" type="stmt"/>
        <line num="1234" count="0" type="stmt"/>
        <line num="1238" count="7" type="stmt"/>
      </file>
      <file name="roomController.js" path="/Users/tannu/Capstone-Projects/current/campus-booking-system/backend/controllers/roomController.js">
        <metrics statements="114" coveredstatements="74" conditionals="47" coveredconditionals="26" methods="13" coveredmethods="9"/>
        <line num="1" count="4" type="stmt"/>
        <line num="2" count="4" type="stmt"/>
        <line num="3" count="4" type="stmt"/>
        <line num="4" count="4" type="stmt"/>
        <line num="8" count="4" type="stmt"/>
        <line num="9" count="4" type="stmt"/>
        <line num="11" count="4" type="stmt"/>
        <line num="12" count="4" type="stmt"/>
        <line num="13" count="4" type="stmt"/>
        <line num="14" count="4" type="stmt"/>
        <line num="16" count="4" type="stmt"/>
        <line num="18" count="4" type="cond" truecount="2" falsecount="0"/>
        <line num="19" count="4" type="cond" truecount="2" falsecount="0"/>
        <line num="20" count="1" type="stmt"/>
        <line num="21" count="1" type="cond" truecount="1" falsecount="1"/>
        <line num="22" count="0" type="stmt"/>
        <line num="28" count="1" type="stmt"/>
        <line num="30" count="4" type="cond" truecount="1" falsecount="1"/>
        <line num="31" count="4" type="cond" truecount="2" falsecount="0"/>
        <line num="32" count="1" type="stmt"/>
        <line num="33" count="1" type="cond" truecount="1" falsecount="1"/>
        <line num="34" count="0" type="stmt"/>
        <line num="40" count="1" type="stmt"/>
        <line num="47" count="4" type="stmt"/>
        <line num="48" count="4" type="stmt"/>
        <line num="50" count="0" type="stmt"/>
        <line num="56" count="4" type="stmt"/>
        <line num="57" count="1" type="stmt"/>
        <line num="58" count="1" type="stmt"/>
        <line num="59" count="1" type="cond" truecount="1" falsecount="1"/>
        <line num="60" count="1" type="stmt"/>
        <line num="62" count="0" type="stmt"/>
        <line num="64" count="0" type="stmt"/>
        <line num="70" count="4" type="stmt"/>
        <line num="71" count="0" type="stmt"/>
        <line num="72" count="0" type="stmt"/>
        <line num="73" count="0" type="cond" truecount="0" falsecount="2"/>
        <line num="75" count="0" type="stmt"/>
        <line num="81" count="0" type="stmt"/>
        <line num="83" count="0" type="stmt"/>
        <line num="89" count="0" type="stmt"/>
        <line num="95" count="4" type="stmt"/>
        <line num="96" count="0" type="stmt"/>
        <line num="97" count="0" type="cond" truecount="0" falsecount="1"/>
        <line num="98" count="0" type="stmt"/>
        <line num="99" count="0" type="stmt"/>
        <line num="101" count="0" type="stmt"/>
        <line num="102" count="0" type="cond" truecount="0" falsecount="2"/>
        <line num="104" count="0" type="stmt"/>
        <line num="111" count="0" type="stmt"/>
        <line num="112" count="0" type="cond" truecount="0" falsecount="2"/>
        <line num="113" count="0" type="cond" truecount="0" falsecount="2"/>
        <line num="114" count="0" type="stmt"/>
        <line num="117" count="0" type="stmt"/>
        <line num="118" count="0" type="stmt"/>
        <line num="119" count="0" type="stmt"/>
        <line num="120" count="0" type="stmt"/>
        <line num="121" count="0" type="stmt"/>
        <line num="124" count="0" type="stmt"/>
        <line num="125" count="0" type="cond" truecount="0" falsecount="2"/>
        <line num="129" count="0" type="stmt"/>
        <line num="138" count="0" type="stmt"/>
        <line num="144" count="4" type="stmt"/>
        <line num="145" count="2" type="stmt"/>
        <line num="147" count="2" type="stmt"/>
        <line num="153" count="2" type="stmt"/>
        <line num="154" count="2" type="stmt"/>
        <line num="155" count="26" type="cond" truecount="2" falsecount="0"/>
        <line num="156" count="11" type="stmt"/>
        <line num="161" count="2" type="cond" truecount="5" falsecount="1"/>
        <line num="162" count="0" type="stmt"/>
        <line num="168" count="2" type="stmt"/>
        <line num="170" count="2" type="stmt"/>
        <line num="178" count="2" type="stmt"/>
        <line num="180" count="0" type="stmt"/>
        <line num="186" count="4" type="stmt"/>
        <line num="187" count="3" type="stmt"/>
        <line num="188" count="3" type="stmt"/>
        <line num="189" count="3" type="cond" truecount="1" falsecount="1"/>
        <line num="190" count="0" type="stmt"/>
        <line num="194" count="3" type="stmt"/>
        <line num="200" count="3" type="stmt"/>
        <line num="201" count="3" type="stmt"/>
        <line num="202" count="39" type="cond" truecount="2" falsecount="0"/>
        <line num="203" count="6" type="stmt"/>
        <line num="208" count="3" type="stmt"/>
        <line num="209" count="12" type="stmt"/>
        <line num="211" count="3" type="cond" truecount="2" falsecount="0"/>
        <line num="212" count="2" type="stmt"/>
        <line num="220" count="1" type="cond" truecount="1" falsecount="1"/>
        <line num="221" count="0" type="stmt"/>
        <line num="228" count="1" type="stmt"/>
        <line num="229" count="1" type="stmt"/>
        <line num="231" count="1" type="stmt"/>
        <line num="239" count="1" type="stmt"/>
        <line num="241" count="0" type="stmt"/>
        <line num="247" count="4" type="stmt"/>
        <line num="248" count="1" type="stmt"/>
        <line num="249" count="1" type="stmt"/>
        <line num="250" count="1" type="cond" truecount="1" falsecount="1"/>
        <line num="251" count="0" type="stmt"/>
        <line num="255" count="1" type="stmt"/>
        <line num="256" count="1" type="stmt"/>
        <line num="257" count="1" type="stmt"/>
        <line num="260" count="1" type="stmt"/>
        <line num="266" count="1" type="stmt"/>
        <line num="274" count="1" type="stmt"/>
        <line num="276" count="0" type="stmt"/>
        <line num="282" count="4" type="stmt"/>
        <line num="283" count="1" type="stmt"/>
        <line num="284" count="1" type="stmt"/>
        <line num="285" count="1" type="stmt"/>
        <line num="287" count="0" type="stmt"/>
        <line num="291" count="4" type="stmt"/>
      </file>
      <file name="userController.js" path="/Users/tannu/Capstone-Projects/current/campus-booking-system/backend/controllers/userController.js">
        <metrics statements="79" coveredstatements="56" conditionals="30" coveredconditionals="17" methods="6" coveredmethods="4"/>
        <line num="1" count="1" type="stmt"/>
        <line num="2" count="1" type="stmt"/>
        <line num="3" count="1" type="stmt"/>
        <line num="4" count="1" type="stmt"/>
        <line num="8" count="1" type="stmt"/>
        <line num="9" count="1" type="stmt"/>
        <line num="11" count="1" type="stmt"/>
        <line num="12" count="1" type="stmt"/>
        <line num="13" count="1" type="stmt"/>
        <line num="14" count="1" type="stmt"/>
        <line num="15" count="1" type="stmt"/>
        <line num="17" count="1" type="stmt"/>
        <line num="19" count="1" type="cond" truecount="1" falsecount="1"/>
        <line num="20" count="1" type="cond" truecount="1" falsecount="1"/>
        <line num="21" count="1" type="cond" truecount="1" falsecount="1"/>
        <line num="22" count="0" type="stmt"/>
        <line num="23" count="0" type="cond" truecount="0" falsecount="2"/>
        <line num="24" count="0" type="stmt"/>
        <line num="31" count="0" type="stmt"/>
        <line num="38" count="1" type="stmt"/>
        <line num="39" count="1" type="stmt"/>
        <line num="49" count="1" type="stmt"/>
        <line num="50" count="2" type="stmt"/>
        <line num="51" count="2" type="stmt"/>
        <line num="56" count="2" type="stmt"/>
        <line num="63" count="1" type="stmt"/>
        <line num="70" count="0" type="stmt"/>
        <line num="76" count="1" type="stmt"/>
        <line num="77" count="0" type="stmt"/>
        <line num="78" count="0" type="stmt"/>
        <line num="79" count="0" type="cond" truecount="0" falsecount="2"/>
        <line num="80" count="0" type="stmt"/>
        <line num="83" count="0" type="stmt"/>
        <line num="88" count="0" type="stmt"/>
        <line num="104" count="0" type="stmt"/>
        <line num="106" count="0" type="stmt"/>
        <line num="112" count="1" type="stmt"/>
        <line num="113" count="3" type="stmt"/>
        <line num="114" count="3" type="stmt"/>
        <line num="115" count="3" type="stmt"/>
        <line num="117" count="3" type="cond" truecount="1" falsecount="1"/>
        <line num="118" count="0" type="stmt"/>
        <line num="122" count="3" type="cond" truecount="2" falsecount="0"/>
        <line num="123" count="1" type="stmt"/>
        <line num="126" count="2" type="stmt"/>
        <line num="127" count="2" type="stmt"/>
        <line num="128" count="2" type="cond" truecount="2" falsecount="0"/>
        <line num="129" count="1" type="cond" truecount="1" falsecount="1"/>
        <line num="130" count="1" type="cond" truecount="2" falsecount="0"/>
        <line num="132" count="1" type="stmt"/>
        <line num="133" count="1" type="stmt"/>
        <line num="135" count="2" type="stmt"/>
        <line num="137" count="2" type="stmt"/>
        <line num="143" count="2" type="cond" truecount="1" falsecount="1"/>
        <line num="151" count="2" type="stmt"/>
        <line num="156" count="0" type="stmt"/>
        <line num="162" count="1" type="stmt"/>
        <line num="163" count="3" type="stmt"/>
        <line num="164" count="3" type="stmt"/>
        <line num="165" count="3" type="stmt"/>
        <line num="166" count="3" type="cond" truecount="1" falsecount="1"/>
        <line num="167" count="0" type="stmt"/>
        <line num="170" count="3" type="stmt"/>
        <line num="171" count="3" type="stmt"/>
        <line num="174" count="3" type="cond" truecount="1" falsecount="1"/>
        <line num="175" count="3" type="cond" truecount="2" falsecount="0"/>
        <line num="176" count="1" type="cond" truecount="1" falsecount="1"/>
        <line num="177" count="0" type="stmt"/>
        <line num="179" count="3" type="stmt"/>
        <line num="181" count="3" type="stmt"/>
        <line num="189" count="3" type="stmt"/>
        <line num="191" count="0" type="stmt"/>
        <line num="197" count="1" type="stmt"/>
        <line num="198" count="0" type="stmt"/>
        <line num="199" count="0" type="stmt"/>
        <line num="208" count="0" type="stmt"/>
        <line num="213" count="0" type="stmt"/>
        <line num="215" count="0" type="stmt"/>
        <line num="219" count="1" type="stmt"/>
      </file>
    </package>
    <package name="middleware">
      <metrics statements="41" coveredstatements="38" conditionals="18" coveredconditionals="14" methods="4" coveredmethods="4"/>
      <file name="auth.js" path="/Users/tannu/Capstone-Projects/current/campus-booking-system/backend/middleware/auth.js">
        <metrics statements="24" coveredstatements="21" conditionals="16" coveredconditionals="12" methods="2" coveredmethods="2"/>
        <line num="1" count="9" type="stmt"/>
        <line num="2" count="9" type="stmt"/>
        <line num="3" count="9" type="stmt"/>
        <line num="5" count="9" type="stmt"/>
        <line num="8" count="82" type="cond" truecount="4" falsecount="0"/>
        <line num="9" count="81" type="stmt"/>
        <line num="10" count="81" type="stmt"/>
        <line num="11" count="81" type="stmt"/>
        <line num="12" count="77" type="cond" truecount="1" falsecount="1"/>
        <line num="13" count="0" type="stmt"/>
        <line num="16" count="77" type="stmt"/>
        <line num="17" count="77" type="cond" truecount="1" falsecount="1"/>
        <line num="18" count="0" type="stmt"/>
        <line num="20" count="77" type="cond" truecount="1" falsecount="1"/>
        <line num="21" count="0" type="stmt"/>
        <line num="23" count="77" type="stmt"/>
        <line num="25" count="4" type="stmt"/>
        <line num="29" count="1" type="cond" truecount="1" falsecount="1"/>
        <line num="30" count="1" type="stmt"/>
        <line num="34" count="9" type="stmt"/>
        <line num="35" count="25" type="cond" truecount="4" falsecount="0"/>
        <line num="36" count="22" type="stmt"/>
        <line num="38" count="3" type="stmt"/>
        <line num="42" count="9" type="stmt"/>
      </file>
      <file name="rateLimiters.js" path="/Users/tannu/Capstone-Projects/current/campus-booking-system/backend/middleware/rateLimiters.js">
        <metrics statements="4" coveredstatements="4" conditionals="0" coveredconditionals="0" methods="0" coveredmethods="0"/>
        <line num="1" count="9" type="stmt"/>
        <line num="3" count="9" type="stmt"/>
        <line num="14" count="9" type="stmt"/>
        <line num="25" count="9" type="stmt"/>
      </file>
      <file name="requestValidators.js" path="/Users/tannu/Capstone-Projects/current/campus-booking-system/backend/middleware/requestValidators.js">
        <metrics statements="13" coveredstatements="13" conditionals="2" coveredconditionals="2" methods="2" coveredmethods="2"/>
        <line num="1" count="9" type="stmt"/>
        <line num="3" count="9" type="stmt"/>
        <line num="4" count="9" type="stmt"/>
        <line num="6" count="9" type="stmt"/>
        <line num="7" count="75" type="stmt"/>
        <line num="8" count="75" type="cond" truecount="2" falsecount="0"/>
        <line num="10" count="8" type="stmt"/>
        <line num="13" count="10" type="stmt"/>
        <line num="20" count="9" type="stmt"/>
        <line num="36" count="9" type="stmt"/>
        <line num="72" count="9" type="stmt"/>
        <line num="131" count="9" type="stmt"/>
        <line num="149" count="9" type="stmt"/>
      </file>
    </package>
    <package name="utils">
      <metrics statements="486" coveredstatements="382" conditionals="327" coveredconditionals="224" methods="72" coveredmethods="52"/>
      <file name="IntervalTree.js" path="/Users/tannu/Capstone-Projects/current/campus-booking-system/backend/utils/IntervalTree.js">
        <metrics statements="69" coveredstatements="51" conditionals="43" coveredconditionals="29" methods="12" coveredmethods="10"/>
        <line num="9" count="12" type="stmt"/>
        <line num="10" count="12" type="stmt"/>
        <line num="11" count="12" type="stmt"/>
        <line num="12" count="12" type="stmt"/>
        <line num="13" count="12" type="stmt"/>
        <line num="14" count="12" type="stmt"/>
        <line num="20" count="7" type="stmt"/>
        <line num="21" count="7" type="stmt"/>
        <line num="28" count="44" type="stmt"/>
        <line num="29" count="44" type="stmt"/>
        <line num="39" count="12" type="stmt"/>
        <line num="40" count="12" type="stmt"/>
        <line num="41" count="12" type="stmt"/>
        <line num="42" count="12" type="stmt"/>
        <line num="46" count="20" type="cond" truecount="2" falsecount="0"/>
        <line num="47" count="12" type="stmt"/>
        <line num="51" count="8" type="cond" truecount="1" falsecount="1"/>
        <line num="52" count="0" type="stmt"/>
        <line num="54" count="8" type="stmt"/>
        <line num="58" count="8" type="stmt"/>
        <line num="59" count="8" type="cond" truecount="1" falsecount="1"/>
        <line num="60" count="8" type="cond" truecount="1" falsecount="1"/>
        <line num="62" count="8" type="stmt"/>
        <line num="73" count="8" type="stmt"/>
        <line num="74" count="8" type="stmt"/>
        <line num="75" count="8" type="stmt"/>
        <line num="76" count="8" type="stmt"/>
        <line num="77" count="8" type="stmt"/>
        <line num="81" count="15" type="cond" truecount="2" falsecount="0"/>
        <line num="84" count="14" type="stmt"/>
        <line num="85" count="14" type="stmt"/>
        <line num="87" count="14" type="cond" truecount="4" falsecount="0"/>
        <line num="88" count="4" type="stmt"/>
        <line num="92" count="14" type="cond" truecount="2" falsecount="2"/>
        <line num="93" count="0" type="stmt"/>
        <line num="97" count="14" type="cond" truecount="4" falsecount="0"/>
        <line num="98" count="7" type="stmt"/>
        <line num="107" count="2" type="stmt"/>
        <line num="111" count="6" type="cond" truecount="2" falsecount="0"/>
        <line num="114" count="3" type="cond" truecount="2" falsecount="0"/>
        <line num="115" count="1" type="stmt"/>
        <line num="118" count="1" type="cond" truecount="3" falsecount="1"/>
        <line num="119" count="0" type="stmt"/>
        <line num="123" count="1" type="cond" truecount="1" falsecount="1"/>
        <line num="124" count="0" type="cond" truecount="0" falsecount="2"/>
        <line num="127" count="0" type="stmt"/>
        <line num="128" count="0" type="stmt"/>
        <line num="129" count="0" type="stmt"/>
        <line num="133" count="0" type="stmt"/>
        <line num="134" count="0" type="stmt"/>
        <line num="135" count="0" type="stmt"/>
        <line num="138" count="0" type="stmt"/>
        <line num="141" count="2" type="stmt"/>
        <line num="142" count="2" type="stmt"/>
        <line num="146" count="2" type="cond" truecount="1" falsecount="1"/>
        <line num="147" count="2" type="stmt"/>
        <line num="148" count="2" type="cond" truecount="1" falsecount="1"/>
        <line num="149" count="2" type="cond" truecount="2" falsecount="0"/>
        <line num="152" count="2" type="stmt"/>
        <line num="159" count="1" type="stmt"/>
        <line num="160" count="1" type="stmt"/>
        <line num="167" count="0" type="stmt"/>
        <line num="168" count="0" type="stmt"/>
        <line num="169" count="0" type="stmt"/>
        <line num="173" count="0" type="cond" truecount="0" falsecount="2"/>
        <line num="174" count="0" type="stmt"/>
        <line num="175" count="0" type="stmt"/>
        <line num="181" count="0" type="stmt"/>
        <line num="185" count="8" type="stmt"/>
      </file>
      <file name="auditLogger.js" path="/Users/tannu/Capstone-Projects/current/campus-booking-system/backend/utils/auditLogger.js">
        <metrics statements="9" coveredstatements="7" conditionals="14" coveredconditionals="6" methods="2" coveredmethods="1"/>
        <line num="1" count="9" type="stmt"/>
        <line num="8" count="9" type="cond" truecount="0" falsecount="1"/>
        <line num="9" count="19" type="stmt"/>
        <line num="10" count="19" type="stmt"/>
        <line num="20" count="5" type="stmt"/>
        <line num="27" count="9" type="stmt"/>
        <line num="28" count="0" type="cond" truecount="0" falsecount="3"/>
        <line num="29" count="0" type="stmt"/>
        <line num="32" count="9" type="stmt"/>
      </file>
      <file name="autoReleaseWorker.js" path="/Users/tannu/Capstone-Projects/current/campus-booking-system/backend/utils/autoReleaseWorker.js">
        <metrics statements="53" coveredstatements="15" conditionals="19" coveredconditionals="0" methods="8" coveredmethods="1"/>
        <line num="7" count="7" type="stmt"/>
        <line num="8" count="7" type="stmt"/>
        <line num="9" count="7" type="stmt"/>
        <line num="11" count="7" type="stmt"/>
        <line num="12" count="7" type="stmt"/>
        <line num="17" count="7" type="stmt"/>
        <line num="18" count="0" type="stmt"/>
        <line num="19" count="0" type="stmt"/>
        <line num="22" count="0" type="stmt"/>
        <line num="28" count="0" type="cond" truecount="0" falsecount="2"/>
        <line num="29" count="0" type="stmt"/>
        <line num="32" count="0" type="stmt"/>
        <line num="34" count="0" type="stmt"/>
        <line num="35" count="0" type="stmt"/>
        <line num="37" count="0" type="stmt"/>
        <line num="53" count="0" type="cond" truecount="0" falsecount="2"/>
        <line num="54" count="0" type="stmt"/>
        <line num="57" count="0" type="stmt"/>
        <line num="72" count="0" type="cond" truecount="0" falsecount="2"/>
        <line num="73" count="0" type="stmt"/>
        <line num="78" count="0" type="stmt"/>
        <line num="82" count="0" type="stmt"/>
        <line num="85" count="0" type="stmt"/>
        <line num="89" count="0" type="stmt"/>
        <line num="91" count="0" type="stmt"/>
        <line num="92" count="0" type="stmt"/>
        <line num="99" count="7" type="stmt"/>
        <line num="100" count="0" type="cond" truecount="0" falsecount="2"/>
        <line num="101" count="0" type="stmt"/>
        <line num="108" count="0" type="stmt"/>
        <line num="137" count="7" type="stmt"/>
        <line num="138" count="0" type="cond" truecount="0" falsecount="2"/>
        <line num="139" count="0" type="stmt"/>
        <line num="140" count="0" type="stmt"/>
        <line num="143" count="0" type="stmt"/>
        <line num="146" count="0" type="stmt"/>
        <line num="147" count="0" type="stmt"/>
        <line num="151" count="0" type="stmt"/>
        <line num="152" count="0" type="stmt"/>
        <line num="153" count="0" type="cond" truecount="0" falsecount="2"/>
        <line num="154" count="0" type="stmt"/>
        <line num="158" count="0" type="stmt"/>
        <line num="164" count="7" type="stmt"/>
        <line num="165" count="0" type="cond" truecount="0" falsecount="2"/>
        <line num="166" count="0" type="stmt"/>
        <line num="167" count="0" type="stmt"/>
        <line num="168" count="0" type="stmt"/>
        <line num="179" count="7" type="cond" truecount="0" falsecount="1"/>
        <line num="180" count="32" type="stmt"/>
        <line num="181" count="32" type="stmt"/>
        <line num="182" count="32" type="stmt"/>
        <line num="183" count="32" type="stmt"/>
        <line num="186" count="7" type="stmt"/>
      </file>
      <file name="bookingValidator.js" path="/Users/tannu/Capstone-Projects/current/campus-booking-system/backend/utils/bookingValidator.js">
        <metrics statements="85" coveredstatements="85" conditionals="71" coveredconditionals="65" methods="9" coveredmethods="9"/>
        <line num="7" count="11" type="stmt"/>
        <line num="8" count="11" type="stmt"/>
        <line num="9" count="11" type="stmt"/>
        <line num="14" count="11" type="stmt"/>
        <line num="15" count="29" type="cond" truecount="2" falsecount="0"/>
        <line num="16" count="4" type="stmt"/>
        <line num="18" count="25" type="cond" truecount="2" falsecount="0"/>
        <line num="19" count="1" type="stmt"/>
        <line num="22" count="24" type="cond" truecount="2" falsecount="0"/>
        <line num="23" count="3" type="stmt"/>
        <line num="26" count="21" type="stmt"/>
        <line num="32" count="11" type="cond" truecount="2" falsecount="0"/>
        <line num="33" count="33" type="stmt"/>
        <line num="34" count="33" type="stmt"/>
        <line num="35" count="33" type="stmt"/>
        <line num="37" count="33" type="cond" truecount="2" falsecount="0"/>
        <line num="38" count="4" type="stmt"/>
        <line num="47" count="29" type="cond" truecount="2" falsecount="0"/>
        <line num="48" count="2" type="stmt"/>
        <line num="57" count="27" type="stmt"/>
        <line num="63" count="11" type="cond" truecount="1" falsecount="0"/>
        <line num="64" count="33" type="stmt"/>
        <line num="65" count="33" type="stmt"/>
        <line num="68" count="33" type="stmt"/>
        <line num="69" count="33" type="stmt"/>
        <line num="71" count="33" type="cond" truecount="2" falsecount="0"/>
        <line num="72" count="5" type="stmt"/>
        <line num="75" count="28" type="stmt"/>
        <line num="76" count="28" type="stmt"/>
        <line num="78" count="28" type="cond" truecount="2" falsecount="0"/>
        <line num="79" count="3" type="stmt"/>
        <line num="87" count="25" type="stmt"/>
        <line num="93" count="11" type="cond" truecount="2" falsecount="0"/>
        <line num="94" count="28" type="cond" truecount="2" falsecount="0"/>
        <line num="95" count="2" type="stmt"/>
        <line num="104" count="26" type="cond" truecount="2" falsecount="0"/>
        <line num="105" count="2" type="stmt"/>
        <line num="114" count="24" type="stmt"/>
        <line num="120" count="11" type="stmt"/>
        <line num="121" count="13" type="cond" truecount="2" falsecount="0"/>
        <line num="127" count="11" type="cond" truecount="0" falsecount="1"/>
        <line num="128" count="15" type="cond" truecount="2" falsecount="0"/>
        <line num="129" count="1" type="stmt"/>
        <line num="133" count="14" type="stmt"/>
        <line num="134" count="14" type="stmt"/>
        <line num="135" count="14" type="stmt"/>
        <line num="138" count="14" type="stmt"/>
        <line num="139" count="14" type="stmt"/>
        <line num="140" count="14" type="cond" truecount="1" falsecount="1"/>
        <line num="144" count="14" type="cond" truecount="2" falsecount="0"/>
        <line num="150" count="11" type="stmt"/>
        <line num="151" count="15" type="cond" truecount="4" falsecount="0"/>
        <line num="152" count="2" type="stmt"/>
        <line num="155" count="13" type="cond" truecount="2" falsecount="0"/>
        <line num="156" count="2" type="stmt"/>
        <line num="163" count="11" type="cond" truecount="2" falsecount="0"/>
        <line num="164" count="4" type="stmt"/>
        <line num="173" count="7" type="stmt"/>
        <line num="179" count="11" type="stmt"/>
        <line num="180" count="188" type="stmt"/>
        <line num="181" count="188" type="stmt"/>
        <line num="182" count="188" type="stmt"/>
        <line num="183" count="188" type="stmt"/>
        <line num="184" count="752" type="stmt"/>
        <line num="186" count="188" type="stmt"/>
        <line num="192" count="11" type="stmt"/>
        <line num="193" count="22" type="stmt"/>
        <line num="196" count="22" type="stmt"/>
        <line num="197" count="22" type="cond" truecount="2" falsecount="0"/>
        <line num="200" count="22" type="cond" truecount="4" falsecount="0"/>
        <line num="201" count="21" type="stmt"/>
        <line num="202" count="21" type="cond" truecount="2" falsecount="0"/>
        <line num="206" count="22" type="cond" truecount="1" falsecount="1"/>
        <line num="207" count="22" type="stmt"/>
        <line num="208" count="22" type="cond" truecount="2" falsecount="0"/>
        <line num="212" count="22" type="cond" truecount="5" falsecount="0"/>
        <line num="213" count="20" type="stmt"/>
        <line num="219" count="20" type="cond" truecount="1" falsecount="1"/>
        <line num="223" count="22" type="cond" truecount="4" falsecount="0"/>
        <line num="224" count="5" type="stmt"/>
        <line num="225" count="5" type="cond" truecount="2" falsecount="0"/>
        <line num="228" count="22" type="cond" truecount="2" falsecount="0"/>
        <line num="229" count="3" type="stmt"/>
        <line num="232" count="19" type="stmt"/>
        <line num="235" count="11" type="stmt"/>
      </file>
      <file name="emailTemplates.js" path="/Users/tannu/Capstone-Projects/current/campus-booking-system/backend/utils/emailTemplates.js">
        <metrics statements="15" coveredstatements="15" conditionals="14" coveredconditionals="5" methods="4" coveredmethods="2"/>
        <line num="5" count="7" type="stmt"/>
        <line num="15" count="7" type="stmt"/>
        <line num="22" count="7" type="stmt"/>
        <line num="28" count="7" type="stmt"/>
        <line num="37" count="7" type="stmt"/>
        <line num="49" count="7" type="stmt"/>
        <line num="57" count="28" type="cond" truecount="1" falsecount="1"/>
        <line num="67" count="7" type="stmt"/>
        <line num="98" count="7" type="stmt"/>
        <line num="130" count="7" type="stmt"/>
        <line num="131" count="4" type="stmt"/>
        <line num="138" count="4" type="stmt"/>
        <line num="145" count="4" type="cond" truecount="1" falsecount="1"/>
        <line num="147" count="4" type="stmt"/>
        <line num="177" count="7" type="stmt"/>
      </file>
      <file name="lockManager.js" path="/Users/tannu/Capstone-Projects/current/campus-booking-system/backend/utils/lockManager.js">
        <metrics statements="61" coveredstatements="53" conditionals="34" coveredconditionals="25" methods="13" coveredmethods="11"/>
        <line num="21" count="8" type="stmt"/>
        <line num="24" count="8" type="stmt"/>
        <line num="37" count="39" type="stmt"/>
        <line num="38" count="45" type="stmt"/>
        <line num="40" count="45" type="cond" truecount="2" falsecount="0"/>
        <line num="41" count="37" type="stmt"/>
        <line num="45" count="8" type="cond" truecount="2" falsecount="0"/>
        <line num="46" count="6" type="stmt"/>
        <line num="47" count="6" type="stmt"/>
        <line num="48" count="6" type="stmt"/>
        <line num="52" count="2" type="stmt"/>
        <line num="59" count="45" type="stmt"/>
        <line num="60" count="45" type="stmt"/>
        <line num="63" count="45" type="cond" truecount="4" falsecount="0"/>
        <line num="64" count="8" type="stmt"/>
        <line num="68" count="37" type="stmt"/>
        <line num="69" count="37" type="stmt"/>
        <line num="70" count="37" type="stmt"/>
        <line num="79" count="23" type="cond" truecount="3" falsecount="1"/>
        <line num="81" count="23" type="stmt"/>
        <line num="84" count="23" type="cond" truecount="4" falsecount="0"/>
        <line num="85" count="22" type="stmt"/>
        <line num="86" count="22" type="stmt"/>
        <line num="89" count="1" type="stmt"/>
        <line num="101" count="3" type="stmt"/>
        <line num="102" count="3" type="stmt"/>
        <line num="104" count="3" type="stmt"/>
        <line num="105" count="3" type="stmt"/>
        <line num="106" count="8" type="stmt"/>
        <line num="108" count="8" type="cond" truecount="2" falsecount="0"/>
        <line num="110" count="1" type="stmt"/>
        <line num="111" count="1" type="stmt"/>
        <line num="113" count="1" type="stmt"/>
        <line num="116" count="7" type="stmt"/>
        <line num="119" count="2" type="stmt"/>
        <line num="122" count="0" type="stmt"/>
        <line num="123" count="0" type="stmt"/>
        <line num="125" count="0" type="stmt"/>
        <line num="134" count="1" type="cond" truecount="3" falsecount="1"/>
        <line num="136" count="1" type="stmt"/>
        <line num="137" count="3" type="stmt"/>
        <line num="147" count="12" type="stmt"/>
        <line num="148" count="12" type="cond" truecount="2" falsecount="0"/>
        <line num="155" count="0" type="stmt"/>
        <line num="156" count="0" type="stmt"/>
        <line num="157" count="0" type="cond" truecount="0" falsecount="2"/>
        <line num="158" count="0" type="stmt"/>
        <line num="167" count="6" type="stmt"/>
        <line num="174" count="1" type="stmt"/>
        <line num="175" count="1" type="stmt"/>
        <line num="176" count="1" type="stmt"/>
        <line num="178" count="1" type="stmt"/>
        <line num="179" count="2" type="cond" truecount="1" falsecount="1"/>
        <line num="180" count="2" type="stmt"/>
        <line num="182" count="0" type="stmt"/>
        <line num="186" count="1" type="stmt"/>
        <line num="193" count="1" type="cond" truecount="1" falsecount="1"/>
        <line num="194" count="1" type="stmt"/>
        <line num="196" count="1" type="stmt"/>
        <line num="201" count="8" type="stmt"/>
        <line num="203" count="8" type="stmt"/>
      </file>
      <file name="priorityCalculator.js" path="/Users/tannu/Capstone-Projects/current/campus-booking-system/backend/utils/priorityCalculator.js">
        <metrics statements="21" coveredstatements="21" conditionals="14" coveredconditionals="12" methods="6" coveredmethods="6"/>
        <line num="7" count="8" type="stmt"/>
        <line num="20" count="8" type="stmt"/>
        <line num="21" count="56" type="cond" truecount="2" falsecount="0"/>
        <line num="30" count="8" type="stmt"/>
        <line num="32" count="42" type="cond" truecount="2" falsecount="0"/>
        <line num="33" count="7" type="stmt"/>
        <line num="37" count="35" type="cond" truecount="4" falsecount="0"/>
        <line num="38" count="16" type="stmt"/>
        <line num="41" count="19" type="stmt"/>
        <line num="50" count="8" type="stmt"/>
        <line num="51" count="3" type="stmt"/>
        <line num="52" count="6" type="cond" truecount="1" falsecount="1"/>
        <line num="53" count="6" type="stmt"/>
        <line num="63" count="8" type="stmt"/>
        <line num="64" count="3" type="stmt"/>
        <line num="65" count="3" type="cond" truecount="1" falsecount="1"/>
        <line num="68" count="3" type="stmt"/>
        <line num="76" count="8" type="stmt"/>
        <line num="77" count="6" type="stmt"/>
        <line num="84" count="6" type="cond" truecount="2" falsecount="0"/>
        <line num="87" count="8" type="stmt"/>
      </file>
      <file name="recurrenceEngine.js" path="/Users/tannu/Capstone-Projects/current/campus-booking-system/backend/utils/recurrenceEngine.js">
        <metrics statements="82" coveredstatements="73" conditionals="48" coveredconditionals="43" methods="6" coveredmethods="5"/>
        <line num="7" count="8" type="stmt"/>
        <line num="14" count="8" type="stmt"/>
        <line num="15" count="31" type="stmt"/>
        <line num="16" count="31" type="stmt"/>
        <line num="18" count="31" type="stmt"/>
        <line num="19" count="62" type="stmt"/>
        <line num="20" count="62" type="cond" truecount="3" falsecount="1"/>
        <line num="21" count="62" type="stmt"/>
        <line num="25" count="31" type="stmt"/>
        <line num="31" count="8" type="stmt"/>
        <line num="43" count="8" type="cond" truecount="1" falsecount="0"/>
        <line num="44" count="14" type="stmt"/>
        <line num="45" count="14" type="stmt"/>
        <line num="47" count="14" type="cond" truecount="1" falsecount="1"/>
        <line num="48" count="0" type="stmt"/>
        <line num="51" count="14" type="stmt"/>
        <line num="52" count="14" type="stmt"/>
        <line num="55" count="14" type="stmt"/>
        <line num="56" count="14" type="cond" truecount="2" falsecount="0"/>
        <line num="57" count="1" type="stmt"/>
        <line num="58" count="1" type="stmt"/>
        <line num="59" count="1" type="stmt"/>
        <line num="60" count="1" type="stmt"/>
        <line num="64" count="14" type="cond" truecount="2" falsecount="0"/>
        <line num="65" count="14" type="stmt"/>
        <line num="68" count="14" type="cond" truecount="2" falsecount="0"/>
        <line num="70" count="14" type="stmt"/>
        <line num="71" count="14" type="stmt"/>
        <line num="73" count="14" type="stmt"/>
        <line num="75" count="167" type="cond" truecount="4" falsecount="0"/>
        <line num="76" count="1" type="stmt"/>
        <line num="80" count="166" type="stmt"/>
        <line num="82" count="166" type="cond" truecount="4" falsecount="0"/>
        <line num="83" count="12" type="stmt"/>
        <line num="84" count="12" type="stmt"/>
        <line num="87" count="166" type="cond" truecount="2" falsecount="0"/>
        <line num="88" count="160" type="stmt"/>
        <line num="89" count="160" type="stmt"/>
        <line num="90" count="160" type="stmt"/>
        <line num="91" count="160" type="stmt"/>
        <line num="95" count="166" type="cond" truecount="3" falsecount="1"/>
        <line num="97" count="116" type="stmt"/>
        <line num="98" count="116" type="stmt"/>
        <line num="101" count="47" type="stmt"/>
        <line num="102" count="47" type="stmt"/>
        <line num="105" count="3" type="stmt"/>
        <line num="106" count="3" type="stmt"/>
        <line num="109" count="0" type="stmt"/>
        <line num="113" count="166" type="cond" truecount="1" falsecount="1"/>
        <line num="114" count="0" type="stmt"/>
        <line num="118" count="14" type="stmt"/>
        <line num="126" count="8" type="stmt"/>
        <line num="127" count="15" type="stmt"/>
        <line num="128" count="15" type="stmt"/>
        <line num="130" count="15" type="cond" truecount="2" falsecount="0"/>
        <line num="131" count="1" type="stmt"/>
        <line num="134" count="14" type="stmt"/>
        <line num="135" count="14" type="cond" truecount="2" falsecount="0"/>
        <line num="136" count="1" type="stmt"/>
        <line num="139" count="13" type="cond" truecount="2" falsecount="0"/>
        <line num="140" count="2" type="stmt"/>
        <line num="141" count="2" type="stmt"/>
        <line num="142" count="2" type="stmt"/>
        <line num="143" count="3" type="cond" truecount="2" falsecount="0"/>
        <line num="144" count="1" type="stmt"/>
        <line num="149" count="12" type="cond" truecount="2" falsecount="0"/>
        <line num="150" count="2" type="cond" truecount="2" falsecount="0"/>
        <line num="151" count="1" type="stmt"/>
        <line num="155" count="11" type="cond" truecount="2" falsecount="0"/>
        <line num="156" count="9" type="stmt"/>
        <line num="157" count="9" type="cond" truecount="4" falsecount="1"/>
        <line num="158" count="0" type="stmt"/>
        <line num="162" count="11" type="stmt"/>
        <line num="164" count="0" type="stmt"/>
        <line num="172" count="8" type="stmt"/>
        <line num="173" count="8" type="stmt"/>
        <line num="181" count="8" type="stmt"/>
        <line num="182" count="0" type="stmt"/>
        <line num="183" count="0" type="stmt"/>
        <line num="184" count="0" type="stmt"/>
        <line num="185" count="0" type="stmt"/>
        <line num="188" count="8" type="stmt"/>
      </file>
      <file name="sanitizeQuery.js" path="/Users/tannu/Capstone-Projects/current/campus-booking-system/backend/utils/sanitizeQuery.js">
        <metrics statements="71" coveredstatements="54" conditionals="56" coveredconditionals="38" methods="8" coveredmethods="6"/>
        <line num="18" count="10" type="stmt"/>
        <line num="20" count="103" type="cond" truecount="4" falsecount="0"/>
        <line num="21" count="27" type="stmt"/>
        <line num="25" count="76" type="cond" truecount="2" falsecount="0"/>
        <line num="27" count="19" type="stmt"/>
        <line num="31" count="57" type="stmt"/>
        <line num="41" count="10" type="cond" truecount="0" falsecount="1"/>
        <line num="42" count="0" type="stmt"/>
        <line num="45" count="0" type="cond" truecount="0" falsecount="2"/>
        <line num="49" count="0" type="stmt"/>
        <line num="50" count="0" type="cond" truecount="0" falsecount="2"/>
        <line num="51" count="0" type="stmt"/>
        <line num="54" count="0" type="cond" truecount="0" falsecount="2"/>
        <line num="55" count="0" type="stmt"/>
        <line num="60" count="0" type="stmt"/>
        <line num="70" count="10" type="cond" truecount="1" falsecount="0"/>
        <line num="71" count="50" type="stmt"/>
        <line num="73" count="50" type="cond" truecount="2" falsecount="0"/>
        <line num="74" count="20" type="stmt"/>
        <line num="77" count="30" type="stmt"/>
        <line num="80" count="30" type="cond" truecount="4" falsecount="0"/>
        <line num="81" count="5" type="stmt"/>
        <line num="84" count="25" type="stmt"/>
        <line num="93" count="10" type="stmt"/>
        <line num="94" count="8" type="stmt"/>
        <line num="96" count="8" type="cond" truecount="2" falsecount="0"/>
        <line num="97" count="2" type="stmt"/>
        <line num="100" count="6" type="stmt"/>
        <line num="103" count="6" type="cond" truecount="2" falsecount="0"/>
        <line num="104" count="5" type="stmt"/>
        <line num="107" count="1" type="stmt"/>
        <line num="120" count="10" type="cond" truecount="1" falsecount="0"/>
        <line num="121" count="25" type="cond" truecount="1" falsecount="0"/>
        <line num="123" count="25" type="stmt"/>
        <line num="125" count="25" type="cond" truecount="2" falsecount="0"/>
        <line num="126" count="10" type="stmt"/>
        <line num="129" count="15" type="stmt"/>
        <line num="132" count="15" type="cond" truecount="2" falsecount="0"/>
        <line num="133" count="3" type="stmt"/>
        <line num="137" count="12" type="cond" truecount="4" falsecount="0"/>
        <line num="138" count="1" type="stmt"/>
        <line num="140" count="11" type="cond" truecount="4" falsecount="0"/>
        <line num="141" count="1" type="stmt"/>
        <line num="144" count="10" type="stmt"/>
        <line num="153" count="10" type="stmt"/>
        <line num="154" count="6" type="stmt"/>
        <line num="156" count="6" type="cond" truecount="2" falsecount="0"/>
        <line num="157" count="3" type="stmt"/>
        <line num="160" count="3" type="stmt"/>
        <line num="163" count="3" type="cond" truecount="2" falsecount="0"/>
        <line num="164" count="2" type="stmt"/>
        <line num="167" count="1" type="stmt"/>
        <line num="178" count="10" type="cond" truecount="0" falsecount="1"/>
        <line num="179" count="2" type="cond" truecount="0" falsecount="1"/>
        <line num="180" count="2" type="stmt"/>
        <line num="182" count="2" type="cond" truecount="1" falsecount="1"/>
        <line num="183" count="0" type="stmt"/>
        <line num="186" count="2" type="stmt"/>
        <line num="187" count="2" type="cond" truecount="1" falsecount="1"/>
        <line num="188" count="0" type="stmt"/>
        <line num="191" count="2" type="cond" truecount="1" falsecount="1"/>
        <line num="192" count="0" type="stmt"/>
        <line num="195" count="2" type="stmt"/>
        <line num="202" count="10" type="stmt"/>
        <line num="203" count="0" type="cond" truecount="0" falsecount="2"/>
        <line num="204" count="0" type="stmt"/>
        <line num="205" count="0" type="stmt"/>
        <line num="208" count="0" type="cond" truecount="0" falsecount="4"/>
        <line num="209" count="0" type="stmt"/>
        <line num="218" count="0" type="stmt"/>
        <line num="221" count="10" type="stmt"/>
      </file>
      <file name="tokenRevocation.js" path="/Users/tannu/Capstone-Projects/current/campus-booking-system/backend/utils/tokenRevocation.js">
        <metrics statements="20" coveredstatements="8" conditionals="14" coveredconditionals="1" methods="4" coveredmethods="1"/>
        <line num="1" count="9" type="stmt"/>
        <line num="2" count="9" type="stmt"/>
        <line num="4" count="9" type="stmt"/>
        <line num="5" count="0" type="stmt"/>
        <line num="6" count="0" type="cond" truecount="0" falsecount="4"/>
        <line num="7" count="0" type="stmt"/>
        <line num="10" count="0" type="cond" truecount="0" falsecount="2"/>
        <line num="11" count="0" type="stmt"/>
        <line num="18" count="9" type="stmt"/>
        <line num="19" count="0" type="cond" truecount="0" falsecount="4"/>
        <line num="20" count="0" type="stmt"/>
        <line num="27" count="9" type="stmt"/>
        <line num="28" count="0" type="stmt"/>
        <line num="29" count="0" type="cond" truecount="0" falsecount="2"/>
        <line num="30" count="0" type="stmt"/>
        <line num="33" count="9" type="stmt"/>
        <line num="34" count="77" type="cond" truecount="1" falsecount="1"/>
        <line num="35" count="0" type="stmt"/>
        <line num="36" count="0" type="stmt"/>
        <line num="39" count="9" type="stmt"/>
      </file>
    </package>
  </project>
</coverage>
