{"/Users/tannu/Capstone-Projects/current/campus-booking-system/backend/controllers/auditController.js": {"path":"/Users/tannu/Capstone-Projects/current/campus-booking-system/backend/controllers/auditController.js","statementMap":{"0":{"start":{"line":1,"column":17},"end":{"line":1,"column":46}},"1":{"start":{"line":2,"column":75},"end":{"line":2,"column":108}},"2":{"start":{"line":6,"column":21},"end":{"line":47,"column":1}},"3":{"start":{"line":7,"column":2},"end":{"line":46,"column":3}},"4":{"start":{"line":9,"column":19},"end":{"line":9,"column":51}},"5":{"start":{"line":10,"column":23},"end":{"line":10,"column":88}},"6":{"start":{"line":11,"column":24},"end":{"line":11,"column":63}},"7":{"start":{"line":12,"column":22},"end":{"line":12,"column":55}},"8":{"start":{"line":13,"column":20},"end":{"line":13,"column":51}},"9":{"start":{"line":14,"column":17},"end":{"line":14,"column":71}},"10":{"start":{"line":15,"column":18},"end":{"line":15,"column":84}},"11":{"start":{"line":17,"column":19},"end":{"line":17,"column":21}},"12":{"start":{"line":19,"column":4},"end":{"line":19,"column":39}},"13":{"start":{"line":19,"column":16},"end":{"line":19,"column":39}},"14":{"start":{"line":20,"column":4},"end":{"line":20,"column":51}},"15":{"start":{"line":20,"column":20},"end":{"line":20,"column":51}},"16":{"start":{"line":21,"column":4},"end":{"line":21,"column":54}},"17":{"start":{"line":21,"column":21},"end":{"line":21,"column":54}},"18":{"start":{"line":22,"column":4},"end":{"line":26,"column":5}},"19":{"start":{"line":23,"column":6},"end":{"line":23,"column":28}},"20":{"start":{"line":24,"column":6},"end":{"line":24,"column":55}},"21":{"start":{"line":24,"column":21},"end":{"line":24,"column":55}},"22":{"start":{"line":25,"column":6},"end":{"line":25,"column":51}},"23":{"start":{"line":25,"column":19},"end":{"line":25,"column":51}},"24":{"start":{"line":28,"column":17},"end":{"line":28,"column":35}},"25":{"start":{"line":29,"column":26},"end":{"line":36,"column":6}},"26":{"start":{"line":38,"column":4},"end":{"line":43,"column":7}},"27":{"start":{"line":45,"column":4},"end":{"line":45,"column":53}},"28":{"start":{"line":51,"column":26},"end":{"line":65,"column":1}},"29":{"start":{"line":52,"column":2},"end":{"line":64,"column":3}},"30":{"start":{"line":54,"column":18},"end":{"line":54,"column":83}},"31":{"start":{"line":56,"column":17},"end":{"line":59,"column":19}},"32":{"start":{"line":61,"column":4},"end":{"line":61,"column":19}},"33":{"start":{"line":63,"column":4},"end":{"line":63,"column":53}},"34":{"start":{"line":69,"column":23},"end":{"line":76,"column":1}},"35":{"start":{"line":70,"column":2},"end":{"line":75,"column":3}},"36":{"start":{"line":71,"column":20},"end":{"line":71,"column":53}},"37":{"start":{"line":72,"column":4},"end":{"line":72,"column":29}},"38":{"start":{"line":74,"column":4},"end":{"line":74,"column":53}},"39":{"start":{"line":78,"column":0},"end":{"line":78,"column":69}}},"fnMap":{"0":{"name":"(anonymous_0)","decl":{"start":{"line":6,"column":21},"end":{"line":6,"column":22}},"loc":{"start":{"line":6,"column":41},"end":{"line":47,"column":1}},"line":6},"1":{"name":"(anonymous_1)","decl":{"start":{"line":51,"column":26},"end":{"line":51,"column":27}},"loc":{"start":{"line":51,"column":46},"end":{"line":65,"column":1}},"line":51},"2":{"name":"(anonymous_2)","decl":{"start":{"line":69,"column":23},"end":{"line":69,"column":24}},"loc":{"start":{"line":69,"column":43},"end":{"line":76,"column":1}},"line":69}},"branchMap":{"0":{"loc":{"start":{"line":19,"column":4},"end":{"line":19,"column":39}},"type":"if","locations":[{"start":{"line":19,"column":4},"end":{"line":19,"column":39}},{"start":{},"end":{}}],"line":19},"1":{"loc":{"start":{"line":20,"column":4},"end":{"line":20,"column":51}},"type":"if","locations":[{"start":{"line":20,"column":4},"end":{"line":20,"column":51}},{"start":{},"end":{}}],"line":20},"2":{"loc":{"start":{"line":21,"column":4},"end":{"line":21,"column":54}},"type":"if","locations":[{"start":{"line":21,"column":4},"end":{"line":21,"column":54}},{"start":{},"end":{}}],"line":21},"3":{"loc":{"start":{"line":22,"column":4},"end":{"line":26,"column":5}},"type":"if","locations":[{"start":{"line":22,"column":4},"end":{"line":26,"column":5}},{"start":{},"end":{}}],"line":22},"4":{"loc":{"start":{"line":22,"column":8},"end":{"line":22,"column":28}},"type":"binary-expr","locations":[{"start":{"line":22,"column":8},"end":{"line":22,"column":17}},{"start":{"line":22,"column":21},"end":{"line":22,"column":28}}],"line":22},"5":{"loc":{"start":{"line":24,"column":6},"end":{"line":24,"column":55}},"type":"if","locations":[{"start":{"line":24,"column":6},"end":{"line":24,"column":55}},{"start":{},"end":{}}],"line":24},"6":{"loc":{"start":{"line":25,"column":6},"end":{"line":25,"column":51}},"type":"if","locations":[{"start":{"line":25,"column":6},"end":{"line":25,"column":51}},{"start":{},"end":{}}],"line":25}},"s":{"0":0,"1":0,"2":0,"3":0,"4":0,"5":0,"6":0,"7":0,"8":0,"9":0,"10":0,"11":0,"12":0,"13":0,"14":0,"15":0,"16":0,"17":0,"18":0,"19":0,"20":0,"21":0,"22":0,"23":0,"24":0,"25":0,"26":0,"27":0,"28":0,"29":0,"30":0,"31":0,"32":0,"33":0,"34":0,"35":0,"36":0,"37":0,"38":0,"39":0},"f":{"0":0,"1":0,"2":0},"b":{"0":[0,0],"1":[0,0],"2":[0,0],"3":[0,0],"4":[0,0],"5":[0,0],"6":[0,0]}}
,"/Users/tannu/Capstone-Projects/current/campus-booking-system/backend/controllers/authController.js": {"path":"/Users/tannu/Capstone-Projects/current/campus-booking-system/backend/controllers/authController.js","statementMap":{"0":{"start":{"line":1,"column":13},"end":{"line":1,"column":38}},"1":{"start":{"line":2,"column":12},"end":{"line":2,"column":35}},"2":{"start":{"line":3,"column":15},"end":{"line":3,"column":32}},"3":{"start":{"line":4,"column":22},"end":{"line":4,"column":49}},"4":{"start":{"line":5,"column":25},"end":{"line":5,"column":59}},"5":{"start":{"line":6,"column":21},"end":{"line":6,"column":52}},"6":{"start":{"line":7,"column":41},"end":{"line":7,"column":76}},"7":{"start":{"line":9,"column":28},"end":{"line":13,"column":1}},"8":{"start":{"line":10,"column":2},"end":{"line":12,"column":5}},"9":{"start":{"line":15,"column":29},"end":{"line":19,"column":1}},"10":{"start":{"line":16,"column":2},"end":{"line":18,"column":5}},"11":{"start":{"line":21,"column":32},"end":{"line":30,"column":1}},"12":{"start":{"line":22,"column":23},"end":{"line":22,"column":60}},"13":{"start":{"line":23,"column":2},"end":{"line":29,"column":4}},"14":{"start":{"line":32,"column":25},"end":{"line":39,"column":2}},"15":{"start":{"line":32,"column":36},"end":{"line":39,"column":1}},"16":{"start":{"line":43,"column":17},"end":{"line":72,"column":1}},"17":{"start":{"line":44,"column":2},"end":{"line":71,"column":3}},"18":{"start":{"line":45,"column":57},"end":{"line":45,"column":65}},"19":{"start":{"line":47,"column":23},"end":{"line":47,"column":52}},"20":{"start":{"line":48,"column":4},"end":{"line":50,"column":5}},"21":{"start":{"line":49,"column":6},"end":{"line":49,"column":70}},"22":{"start":{"line":52,"column":17},"end":{"line":52,"column":80}},"23":{"start":{"line":54,"column":4},"end":{"line":60,"column":7}},"24":{"start":{"line":63,"column":4},"end":{"line":63,"column":86}},"25":{"start":{"line":65,"column":18},"end":{"line":65,"column":47}},"26":{"start":{"line":66,"column":25},"end":{"line":66,"column":55}},"27":{"start":{"line":67,"column":4},"end":{"line":67,"column":72}},"28":{"start":{"line":68,"column":4},"end":{"line":68,"column":63}},"29":{"start":{"line":70,"column":4},"end":{"line":70,"column":53}},"30":{"start":{"line":76,"column":14},"end":{"line":128,"column":1}},"31":{"start":{"line":77,"column":2},"end":{"line":127,"column":3}},"32":{"start":{"line":78,"column":32},"end":{"line":78,"column":40}},"33":{"start":{"line":80,"column":17},"end":{"line":80,"column":46}},"34":{"start":{"line":81,"column":4},"end":{"line":83,"column":5}},"35":{"start":{"line":82,"column":6},"end":{"line":82,"column":76}},"36":{"start":{"line":86,"column":4},"end":{"line":88,"column":5}},"37":{"start":{"line":87,"column":6},"end":{"line":87,"column":95}},"38":{"start":{"line":91,"column":4},"end":{"line":104,"column":5}},"39":{"start":{"line":92,"column":6},"end":{"line":103,"column":7}},"40":{"start":{"line":93,"column":8},"end":{"line":93,"column":31}},"41":{"start":{"line":94,"column":8},"end":{"line":94,"column":32}},"42":{"start":{"line":95,"column":8},"end":{"line":95,"column":35}},"43":{"start":{"line":96,"column":8},"end":{"line":96,"column":26}},"44":{"start":{"line":98,"column":8},"end":{"line":102,"column":11}},"45":{"start":{"line":106,"column":4},"end":{"line":124,"column":5}},"46":{"start":{"line":107,"column":6},"end":{"line":107,"column":34}},"47":{"start":{"line":108,"column":6},"end":{"line":108,"column":24}},"48":{"start":{"line":110,"column":6},"end":{"line":116,"column":9}},"49":{"start":{"line":118,"column":20},"end":{"line":118,"column":49}},"50":{"start":{"line":119,"column":27},"end":{"line":119,"column":57}},"51":{"start":{"line":120,"column":6},"end":{"line":120,"column":74}},"52":{"start":{"line":121,"column":6},"end":{"line":121,"column":53}},"53":{"start":{"line":123,"column":6},"end":{"line":123,"column":69}},"54":{"start":{"line":126,"column":4},"end":{"line":126,"column":53}},"55":{"start":{"line":132,"column":16},"end":{"line":169,"column":1}},"56":{"start":{"line":133,"column":2},"end":{"line":168,"column":3}},"57":{"start":{"line":134,"column":25},"end":{"line":134,"column":50}},"58":{"start":{"line":135,"column":4},"end":{"line":137,"column":5}},"59":{"start":{"line":136,"column":6},"end":{"line":136,"column":83}},"60":{"start":{"line":140,"column":4},"end":{"line":144,"column":5}},"61":{"start":{"line":141,"column":6},"end":{"line":141,"column":65}},"62":{"start":{"line":143,"column":6},"end":{"line":143,"column":87}},"63":{"start":{"line":146,"column":4},"end":{"line":148,"column":5}},"64":{"start":{"line":147,"column":6},"end":{"line":147,"column":85}},"65":{"start":{"line":149,"column":4},"end":{"line":151,"column":5}},"66":{"start":{"line":150,"column":6},"end":{"line":150,"column":88}},"67":{"start":{"line":153,"column":17},"end":{"line":153,"column":68}},"68":{"start":{"line":154,"column":4},"end":{"line":156,"column":5}},"69":{"start":{"line":155,"column":6},"end":{"line":155,"column":81}},"70":{"start":{"line":157,"column":4},"end":{"line":159,"column":5}},"71":{"start":{"line":158,"column":6},"end":{"line":158,"column":88}},"72":{"start":{"line":161,"column":18},"end":{"line":161,"column":47}},"73":{"start":{"line":162,"column":32},"end":{"line":162,"column":62}},"74":{"start":{"line":163,"column":4},"end":{"line":163,"column":42}},"75":{"start":{"line":164,"column":4},"end":{"line":164,"column":79}},"76":{"start":{"line":165,"column":4},"end":{"line":165,"column":51}},"77":{"start":{"line":167,"column":4},"end":{"line":167,"column":53}},"78":{"start":{"line":173,"column":15},"end":{"line":188,"column":1}},"79":{"start":{"line":174,"column":21},"end":{"line":174,"column":46}},"80":{"start":{"line":175,"column":2},"end":{"line":178,"column":3}},"81":{"start":{"line":176,"column":24},"end":{"line":176,"column":48}},"82":{"start":{"line":177,"column":4},"end":{"line":177,"column":41}},"83":{"start":{"line":180,"column":23},"end":{"line":180,"column":48}},"84":{"start":{"line":181,"column":2},"end":{"line":183,"column":3}},"85":{"start":{"line":182,"column":4},"end":{"line":182,"column":42}},"86":{"start":{"line":185,"column":47},"end":{"line":185,"column":72}},"87":{"start":{"line":186,"column":2},"end":{"line":186,"column":72}},"88":{"start":{"line":187,"column":2},"end":{"line":187,"column":50}},"89":{"start":{"line":192,"column":14},"end":{"line":194,"column":1}},"90":{"start":{"line":193,"column":2},"end":{"line":193,"column":21}},"91":{"start":{"line":196,"column":0},"end":{"line":196,"column":61}}},"fnMap":{"0":{"name":"(anonymous_0)","decl":{"start":{"line":9,"column":28},"end":{"line":9,"column":29}},"loc":{"start":{"line":9,"column":36},"end":{"line":13,"column":1}},"line":9},"1":{"name":"(anonymous_1)","decl":{"start":{"line":15,"column":29},"end":{"line":15,"column":30}},"loc":{"start":{"line":15,"column":37},"end":{"line":19,"column":1}},"line":15},"2":{"name":"(anonymous_2)","decl":{"start":{"line":21,"column":32},"end":{"line":21,"column":33}},"loc":{"start":{"line":21,"column":38},"end":{"line":30,"column":1}},"line":21},"3":{"name":"(anonymous_3)","decl":{"start":{"line":32,"column":25},"end":{"line":32,"column":26}},"loc":{"start":{"line":32,"column":36},"end":{"line":39,"column":1}},"line":32},"4":{"name":"(anonymous_4)","decl":{"start":{"line":43,"column":17},"end":{"line":43,"column":18}},"loc":{"start":{"line":43,"column":37},"end":{"line":72,"column":1}},"line":43},"5":{"name":"(anonymous_5)","decl":{"start":{"line":63,"column":76},"end":{"line":63,"column":77}},"loc":{"start":{"line":63,"column":82},"end":{"line":63,"column":84}},"line":63},"6":{"name":"(anonymous_6)","decl":{"start":{"line":76,"column":14},"end":{"line":76,"column":15}},"loc":{"start":{"line":76,"column":34},"end":{"line":128,"column":1}},"line":76},"7":{"name":"(anonymous_7)","decl":{"start":{"line":132,"column":16},"end":{"line":132,"column":17}},"loc":{"start":{"line":132,"column":36},"end":{"line":169,"column":1}},"line":132},"8":{"name":"(anonymous_8)","decl":{"start":{"line":173,"column":15},"end":{"line":173,"column":16}},"loc":{"start":{"line":173,"column":35},"end":{"line":188,"column":1}},"line":173},"9":{"name":"(anonymous_9)","decl":{"start":{"line":192,"column":14},"end":{"line":192,"column":15}},"loc":{"start":{"line":192,"column":34},"end":{"line":194,"column":1}},"line":192}},"branchMap":{"0":{"loc":{"start":{"line":11,"column":15},"end":{"line":11,"column":56}},"type":"binary-expr","locations":[{"start":{"line":11,"column":15},"end":{"line":11,"column":48}},{"start":{"line":11,"column":52},"end":{"line":11,"column":56}}],"line":11},"1":{"loc":{"start":{"line":17,"column":15},"end":{"line":17,"column":57}},"type":"binary-expr","locations":[{"start":{"line":17,"column":15},"end":{"line":17,"column":49}},{"start":{"line":17,"column":53},"end":{"line":17,"column":57}}],"line":17},"2":{"loc":{"start":{"line":48,"column":4},"end":{"line":50,"column":5}},"type":"if","locations":[{"start":{"line":48,"column":4},"end":{"line":50,"column":5}},{"start":{},"end":{}}],"line":48},"3":{"loc":{"start":{"line":81,"column":4},"end":{"line":83,"column":5}},"type":"if","locations":[{"start":{"line":81,"column":4},"end":{"line":83,"column":5}},{"start":{},"end":{}}],"line":81},"4":{"loc":{"start":{"line":86,"column":4},"end":{"line":88,"column":5}},"type":"if","locations":[{"start":{"line":86,"column":4},"end":{"line":88,"column":5}},{"start":{},"end":{}}],"line":86},"5":{"loc":{"start":{"line":91,"column":4},"end":{"line":104,"column":5}},"type":"if","locations":[{"start":{"line":91,"column":4},"end":{"line":104,"column":5}},{"start":{},"end":{}}],"line":91},"6":{"loc":{"start":{"line":92,"column":6},"end":{"line":103,"column":7}},"type":"if","locations":[{"start":{"line":92,"column":6},"end":{"line":103,"column":7}},{"start":{"line":97,"column":13},"end":{"line":103,"column":7}}],"line":92},"7":{"loc":{"start":{"line":92,"column":10},"end":{"line":92,"column":65}},"type":"binary-expr","locations":[{"start":{"line":92,"column":10},"end":{"line":92,"column":29}},{"start":{"line":92,"column":33},"end":{"line":92,"column":65}}],"line":92},"8":{"loc":{"start":{"line":106,"column":4},"end":{"line":124,"column":5}},"type":"if","locations":[{"start":{"line":106,"column":4},"end":{"line":124,"column":5}},{"start":{"line":122,"column":11},"end":{"line":124,"column":5}}],"line":106},"9":{"loc":{"start":{"line":135,"column":4},"end":{"line":137,"column":5}},"type":"if","locations":[{"start":{"line":135,"column":4},"end":{"line":137,"column":5}},{"start":{},"end":{}}],"line":135},"10":{"loc":{"start":{"line":146,"column":4},"end":{"line":148,"column":5}},"type":"if","locations":[{"start":{"line":146,"column":4},"end":{"line":148,"column":5}},{"start":{},"end":{}}],"line":146},"11":{"loc":{"start":{"line":149,"column":4},"end":{"line":151,"column":5}},"type":"if","locations":[{"start":{"line":149,"column":4},"end":{"line":151,"column":5}},{"start":{},"end":{}}],"line":149},"12":{"loc":{"start":{"line":154,"column":4},"end":{"line":156,"column":5}},"type":"if","locations":[{"start":{"line":154,"column":4},"end":{"line":156,"column":5}},{"start":{},"end":{}}],"line":154},"13":{"loc":{"start":{"line":157,"column":4},"end":{"line":159,"column":5}},"type":"if","locations":[{"start":{"line":157,"column":4},"end":{"line":159,"column":5}},{"start":{},"end":{}}],"line":157},"14":{"loc":{"start":{"line":175,"column":2},"end":{"line":178,"column":3}},"type":"if","locations":[{"start":{"line":175,"column":2},"end":{"line":178,"column":3}},{"start":{},"end":{}}],"line":175},"15":{"loc":{"start":{"line":175,"column":6},"end":{"line":175,"column":52}},"type":"binary-expr","locations":[{"start":{"line":175,"column":6},"end":{"line":175,"column":16}},{"start":{"line":175,"column":20},"end":{"line":175,"column":52}}],"line":175},"16":{"loc":{"start":{"line":181,"column":2},"end":{"line":183,"column":3}},"type":"if","locations":[{"start":{"line":181,"column":2},"end":{"line":183,"column":3}},{"start":{},"end":{}}],"line":181}},"s":{"0":1,"1":1,"2":1,"3":1,"4":1,"5":1,"6":1,"7":1,"8":0,"9":1,"10":0,"11":1,"12":0,"13":0,"14":1,"15":0,"16":1,"17":0,"18":0,"19":0,"20":0,"21":0,"22":0,"23":0,"24":0,"25":0,"26":0,"27":0,"28":0,"29":0,"30":1,"31":0,"32":0,"33":0,"34":0,"35":0,"36":0,"37":0,"38":0,"39":0,"40":0,"41":0,"42":0,"43":0,"44":0,"45":0,"46":0,"47":0,"48":0,"49":0,"50":0,"51":0,"52":0,"53":0,"54":0,"55":1,"56":0,"57":0,"58":0,"59":0,"60":0,"61":0,"62":0,"63":0,"64":0,"65":0,"66":0,"67":0,"68":0,"69":0,"70":0,"71":0,"72":0,"73":0,"74":0,"75":0,"76":0,"77":0,"78":1,"79":0,"80":0,"81":0,"82":0,"83":0,"84":0,"85":0,"86":0,"87":0,"88":0,"89":1,"90":0,"91":1},"f":{"0":0,"1":0,"2":0,"3":0,"4":0,"5":0,"6":0,"7":0,"8":0,"9":0},"b":{"0":[0,0],"1":[0,0],"2":[0,0],"3":[0,0],"4":[0,0],"5":[0,0],"6":[0,0],"7":[0,0],"8":[0,0],"9":[0,0],"10":[0,0],"11":[0,0],"12":[0,0],"13":[0,0],"14":[0,0],"15":[0,0],"16":[0,0]},"_coverageSchema":"1a1c01bbd47fc00a2c39e90264f33305004495a9","hash":"a017ee6ed5ab335bad01b9ec1dbe3a0598689960"}
,"/Users/tannu/Capstone-Projects/current/campus-booking-system/backend/controllers/bookingController.js": {"path":"/Users/tannu/Capstone-Projects/current/campus-booking-system/backend/controllers/bookingController.js","statementMap":{"0":{"start":{"line":1,"column":16},"end":{"line":1,"column":44}},"1":{"start":{"line":2,"column":13},"end":{"line":2,"column":38}},"2":{"start":{"line":3,"column":13},"end":{"line":3,"column":38}},"3":{"start":{"line":4,"column":17},"end":{"line":4,"column":36}},"4":{"start":{"line":5,"column":22},"end":{"line":5,"column":49}},"5":{"start":{"line":6,"column":57},"end":{"line":6,"column":91}},"6":{"start":{"line":7,"column":87},"end":{"line":7,"column":123}},"7":{"start":{"line":8,"column":21},"end":{"line":8,"column":52}},"8":{"start":{"line":9,"column":20},"end":{"line":9,"column":51}},"9":{"start":{"line":10,"column":21},"end":{"line":10,"column":53}},"10":{"start":{"line":11,"column":54},"end":{"line":11,"column":92}},"11":{"start":{"line":12,"column":84},"end":{"line":12,"column":120}},"12":{"start":{"line":13,"column":37},"end":{"line":13,"column":74}},"13":{"start":{"line":14,"column":75},"end":{"line":14,"column":108}},"14":{"start":{"line":17,"column":26},"end":{"line":17,"column":35}},"15":{"start":{"line":19,"column":34},"end":{"line":32,"column":1}},"16":{"start":{"line":23,"column":2},"end":{"line":28,"column":3}},"17":{"start":{"line":24,"column":31},"end":{"line":24,"column":63}},"18":{"start":{"line":25,"column":4},"end":{"line":25,"column":42}},"19":{"start":{"line":27,"column":4},"end":{"line":27,"column":31}},"20":{"start":{"line":30,"column":2},"end":{"line":30,"column":28}},"21":{"start":{"line":31,"column":2},"end":{"line":31,"column":14}},"22":{"start":{"line":34,"column":18},"end":{"line":44,"column":1}},"23":{"start":{"line":35,"column":2},"end":{"line":37,"column":3}},"24":{"start":{"line":36,"column":4},"end":{"line":36,"column":21}},"25":{"start":{"line":39,"column":15},"end":{"line":39,"column":34}},"26":{"start":{"line":40,"column":15},"end":{"line":40,"column":36}},"27":{"start":{"line":41,"column":16},"end":{"line":41,"column":63}},"28":{"start":{"line":42,"column":14},"end":{"line":42,"column":56}},"29":{"start":{"line":43,"column":2},"end":{"line":43,"column":35}},"30":{"start":{"line":46,"column":32},"end":{"line":50,"column":1}},"31":{"start":{"line":47,"column":29},"end":{"line":47,"column":59}},"32":{"start":{"line":48,"column":27},"end":{"line":48,"column":59}},"33":{"start":{"line":49,"column":2},"end":{"line":49,"column":72}},"34":{"start":{"line":52,"column":27},"end":{"line":57,"column":1}},"35":{"start":{"line":53,"column":16},"end":{"line":53,"column":52}},"36":{"start":{"line":54,"column":14},"end":{"line":54,"column":29}},"37":{"start":{"line":55,"column":2},"end":{"line":55,"column":33}},"38":{"start":{"line":56,"column":2},"end":{"line":56,"column":24}},"39":{"start":{"line":59,"column":33},"end":{"line":60,"column":59}},"40":{"start":{"line":60,"column":2},"end":{"line":60,"column":59}},"41":{"start":{"line":62,"column":27},"end":{"line":68,"column":4}},"42":{"start":{"line":63,"column":2},"end":{"line":68,"column":4}},"43":{"start":{"line":72,"column":22},"end":{"line":308,"column":1}},"44":{"start":{"line":73,"column":13},"end":{"line":73,"column":17}},"45":{"start":{"line":74,"column":16},"end":{"line":74,"column":20}},"46":{"start":{"line":76,"column":2},"end":{"line":307,"column":3}},"47":{"start":{"line":77,"column":78},"end":{"line":77,"column":86}},"48":{"start":{"line":80,"column":4},"end":{"line":82,"column":5}},"49":{"start":{"line":81,"column":6},"end":{"line":81,"column":87}},"50":{"start":{"line":84,"column":17},"end":{"line":84,"column":50}},"51":{"start":{"line":85,"column":4},"end":{"line":87,"column":5}},"52":{"start":{"line":86,"column":6},"end":{"line":86,"column":95}},"53":{"start":{"line":89,"column":20},"end":{"line":89,"column":34}},"54":{"start":{"line":90,"column":4},"end":{"line":92,"column":5}},"55":{"start":{"line":91,"column":6},"end":{"line":91,"column":107}},"56":{"start":{"line":94,"column":27},"end":{"line":98,"column":6}},"57":{"start":{"line":100,"column":4},"end":{"line":107,"column":5}},"58":{"start":{"line":101,"column":6},"end":{"line":106,"column":9}},"59":{"start":{"line":110,"column":20},"end":{"line":110,"column":45}},"60":{"start":{"line":111,"column":4},"end":{"line":113,"column":5}},"61":{"start":{"line":112,"column":6},"end":{"line":112,"column":65}},"62":{"start":{"line":114,"column":4},"end":{"line":116,"column":5}},"63":{"start":{"line":115,"column":6},"end":{"line":115,"column":113}},"64":{"start":{"line":119,"column":23},"end":{"line":119,"column":99}},"65":{"start":{"line":120,"column":4},"end":{"line":122,"column":5}},"66":{"start":{"line":121,"column":6},"end":{"line":121,"column":95}},"67":{"start":{"line":124,"column":24},"end":{"line":124,"column":55}},"68":{"start":{"line":125,"column":45},"end":{"line":125,"column":69}},"69":{"start":{"line":126,"column":20},"end":{"line":126,"column":35}},"70":{"start":{"line":127,"column":29},"end":{"line":127,"column":72}},"71":{"start":{"line":128,"column":27},"end":{"line":128,"column":68}},"72":{"start":{"line":129,"column":20},"end":{"line":129,"column":45}},"73":{"start":{"line":130,"column":22},"end":{"line":130,"column":53}},"74":{"start":{"line":134,"column":4},"end":{"line":134,"column":77}},"75":{"start":{"line":135,"column":4},"end":{"line":140,"column":5}},"76":{"start":{"line":136,"column":6},"end":{"line":139,"column":9}},"77":{"start":{"line":143,"column":28},"end":{"line":143,"column":78}},"78":{"start":{"line":144,"column":29},"end":{"line":148,"column":6}},"79":{"start":{"line":150,"column":22},"end":{"line":152,"column":5}},"80":{"start":{"line":151,"column":6},"end":{"line":151,"column":116}},"81":{"start":{"line":154,"column":4},"end":{"line":174,"column":5}},"82":{"start":{"line":155,"column":6},"end":{"line":155,"column":36}},"83":{"start":{"line":158,"column":31},"end":{"line":158,"column":118}},"84":{"start":{"line":160,"column":6},"end":{"line":173,"column":9}},"85":{"start":{"line":163,"column":50},"end":{"line":170,"column":9}},"86":{"start":{"line":178,"column":25},"end":{"line":178,"column":29}},"87":{"start":{"line":179,"column":4},"end":{"line":187,"column":5}},"88":{"start":{"line":180,"column":6},"end":{"line":180,"column":46}},"89":{"start":{"line":181,"column":6},"end":{"line":181,"column":33}},"90":{"start":{"line":185,"column":6},"end":{"line":185,"column":29}},"91":{"start":{"line":186,"column":6},"end":{"line":186,"column":21}},"92":{"start":{"line":189,"column":26},"end":{"line":189,"column":63}},"93":{"start":{"line":190,"column":29},"end":{"line":190,"column":55}},"94":{"start":{"line":191,"column":26},"end":{"line":191,"column":54}},"95":{"start":{"line":192,"column":26},"end":{"line":194,"column":12}},"96":{"start":{"line":197,"column":4},"end":{"line":252,"column":5}},"97":{"start":{"line":199,"column":26},"end":{"line":215,"column":7}},"98":{"start":{"line":217,"column":6},"end":{"line":223,"column":7}},"99":{"start":{"line":218,"column":25},"end":{"line":218,"column":73}},"100":{"start":{"line":219,"column":8},"end":{"line":219,"column":30}},"101":{"start":{"line":220,"column":8},"end":{"line":220,"column":42}},"102":{"start":{"line":222,"column":8},"end":{"line":222,"column":52}},"103":{"start":{"line":226,"column":6},"end":{"line":228,"column":7}},"104":{"start":{"line":227,"column":8},"end":{"line":227,"column":41}},"105":{"start":{"line":231,"column":6},"end":{"line":243,"column":7}},"106":{"start":{"line":232,"column":8},"end":{"line":232,"column":38}},"107":{"start":{"line":235,"column":33},"end":{"line":235,"column":120}},"108":{"start":{"line":237,"column":8},"end":{"line":242,"column":11}},"109":{"start":{"line":246,"column":6},"end":{"line":246,"column":18}},"110":{"start":{"line":248,"column":6},"end":{"line":251,"column":7}},"111":{"start":{"line":249,"column":8},"end":{"line":249,"column":29}},"112":{"start":{"line":250,"column":8},"end":{"line":250,"column":23}},"113":{"start":{"line":256,"column":21},"end":{"line":256,"column":41}},"114":{"start":{"line":257,"column":15},"end":{"line":257,"column":46}},"115":{"start":{"line":258,"column":4},"end":{"line":261,"column":5}},"116":{"start":{"line":259,"column":6},"end":{"line":259,"column":32}},"117":{"start":{"line":260,"column":6},"end":{"line":260,"column":44}},"118":{"start":{"line":262,"column":4},"end":{"line":262,"column":60}},"119":{"start":{"line":264,"column":4},"end":{"line":264,"column":34}},"120":{"start":{"line":265,"column":4},"end":{"line":265,"column":16}},"121":{"start":{"line":267,"column":22},"end":{"line":267,"column":62}},"122":{"start":{"line":270,"column":4},"end":{"line":285,"column":7}},"123":{"start":{"line":287,"column":4},"end":{"line":293,"column":22}},"124":{"start":{"line":295,"column":4},"end":{"line":295,"column":36}},"125":{"start":{"line":298,"column":4},"end":{"line":300,"column":5}},"126":{"start":{"line":299,"column":6},"end":{"line":299,"column":36}},"127":{"start":{"line":302,"column":4},"end":{"line":305,"column":5}},"128":{"start":{"line":303,"column":6},"end":{"line":303,"column":39}},"129":{"start":{"line":304,"column":6},"end":{"line":304,"column":27}},"130":{"start":{"line":306,"column":4},"end":{"line":306,"column":53}},"131":{"start":{"line":312,"column":22},"end":{"line":321,"column":1}},"132":{"start":{"line":313,"column":2},"end":{"line":320,"column":3}},"133":{"start":{"line":314,"column":21},"end":{"line":316,"column":25}},"134":{"start":{"line":317,"column":4},"end":{"line":317,"column":23}},"135":{"start":{"line":319,"column":4},"end":{"line":319,"column":53}},"136":{"start":{"line":325,"column":23},"end":{"line":373,"column":1}},"137":{"start":{"line":326,"column":2},"end":{"line":372,"column":3}},"138":{"start":{"line":328,"column":19},"end":{"line":328,"column":142}},"139":{"start":{"line":329,"column":17},"end":{"line":329,"column":49}},"140":{"start":{"line":330,"column":22},"end":{"line":330,"column":55}},"141":{"start":{"line":331,"column":20},"end":{"line":331,"column":51}},"142":{"start":{"line":332,"column":17},"end":{"line":332,"column":71}},"143":{"start":{"line":333,"column":18},"end":{"line":333,"column":84}},"144":{"start":{"line":335,"column":19},"end":{"line":335,"column":21}},"145":{"start":{"line":336,"column":4},"end":{"line":336,"column":39}},"146":{"start":{"line":336,"column":16},"end":{"line":336,"column":39}},"147":{"start":{"line":337,"column":4},"end":{"line":341,"column":5}},"148":{"start":{"line":338,"column":6},"end":{"line":338,"column":23}},"149":{"start":{"line":339,"column":6},"end":{"line":339,"column":50}},"150":{"start":{"line":339,"column":21},"end":{"line":339,"column":50}},"151":{"start":{"line":340,"column":6},"end":{"line":340,"column":46}},"152":{"start":{"line":340,"column":19},"end":{"line":340,"column":46}},"153":{"start":{"line":344,"column":27},"end":{"line":346,"column":19}},"154":{"start":{"line":347,"column":26},"end":{"line":347,"column":58}},"155":{"start":{"line":347,"column":52},"end":{"line":347,"column":57}},"156":{"start":{"line":349,"column":4},"end":{"line":351,"column":5}},"157":{"start":{"line":350,"column":6},"end":{"line":350,"column":71}},"158":{"start":{"line":352,"column":4},"end":{"line":352,"column":55}},"159":{"start":{"line":354,"column":17},"end":{"line":354,"column":35}},"160":{"start":{"line":355,"column":30},"end":{"line":362,"column":6}},"161":{"start":{"line":364,"column":4},"end":{"line":369,"column":7}},"162":{"start":{"line":371,"column":4},"end":{"line":371,"column":53}},"163":{"start":{"line":377,"column":26},"end":{"line":392,"column":1}},"164":{"start":{"line":378,"column":2},"end":{"line":391,"column":3}},"165":{"start":{"line":379,"column":17},"end":{"line":379,"column":93}},"166":{"start":{"line":380,"column":4},"end":{"line":382,"column":5}},"167":{"start":{"line":381,"column":6},"end":{"line":381,"column":65}},"168":{"start":{"line":384,"column":21},"end":{"line":387,"column":23}},"169":{"start":{"line":388,"column":4},"end":{"line":388,"column":23}},"170":{"start":{"line":390,"column":4},"end":{"line":390,"column":53}},"171":{"start":{"line":396,"column":22},"end":{"line":476,"column":1}},"172":{"start":{"line":397,"column":2},"end":{"line":475,"column":3}},"173":{"start":{"line":398,"column":20},"end":{"line":398,"column":57}},"174":{"start":{"line":400,"column":4},"end":{"line":402,"column":5}},"175":{"start":{"line":401,"column":6},"end":{"line":401,"column":68}},"176":{"start":{"line":405,"column":4},"end":{"line":407,"column":5}},"177":{"start":{"line":406,"column":6},"end":{"line":406,"column":65}},"178":{"start":{"line":411,"column":30},"end":{"line":411,"column":67}},"179":{"start":{"line":412,"column":31},"end":{"line":412,"column":85}},"180":{"start":{"line":414,"column":26},"end":{"line":414,"column":92}},"181":{"start":{"line":415,"column":20},"end":{"line":415,"column":22}},"182":{"start":{"line":418,"column":4},"end":{"line":422,"column":7}},"183":{"start":{"line":419,"column":6},"end":{"line":421,"column":7}},"184":{"start":{"line":420,"column":8},"end":{"line":420,"column":41}},"185":{"start":{"line":425,"column":28},"end":{"line":427,"column":82}},"186":{"start":{"line":428,"column":37},"end":{"line":428,"column":99}},"187":{"start":{"line":428,"column":69},"end":{"line":428,"column":98}},"188":{"start":{"line":430,"column":4},"end":{"line":437,"column":5}},"189":{"start":{"line":431,"column":6},"end":{"line":436,"column":9}},"190":{"start":{"line":439,"column":4},"end":{"line":444,"column":5}},"191":{"start":{"line":440,"column":6},"end":{"line":443,"column":9}},"192":{"start":{"line":446,"column":19},"end":{"line":446,"column":44}},"193":{"start":{"line":449,"column":4},"end":{"line":457,"column":5}},"194":{"start":{"line":450,"column":31},"end":{"line":450,"column":96}},"195":{"start":{"line":451,"column":33},"end":{"line":451,"column":71}},"196":{"start":{"line":452,"column":31},"end":{"line":452,"column":65}},"197":{"start":{"line":454,"column":6},"end":{"line":454,"column":48}},"198":{"start":{"line":455,"column":6},"end":{"line":455,"column":95}},"199":{"start":{"line":456,"column":6},"end":{"line":456,"column":91}},"200":{"start":{"line":459,"column":4},"end":{"line":459,"column":36}},"201":{"start":{"line":460,"column":4},"end":{"line":460,"column":25}},"202":{"start":{"line":462,"column":20},"end":{"line":462,"column":60}},"203":{"start":{"line":464,"column":4},"end":{"line":470,"column":7}},"204":{"start":{"line":472,"column":4},"end":{"line":472,"column":22}},"205":{"start":{"line":474,"column":4},"end":{"line":474,"column":53}},"206":{"start":{"line":480,"column":22},"end":{"line":524,"column":1}},"207":{"start":{"line":481,"column":2},"end":{"line":523,"column":3}},"208":{"start":{"line":482,"column":20},"end":{"line":482,"column":84}},"209":{"start":{"line":484,"column":4},"end":{"line":486,"column":5}},"210":{"start":{"line":485,"column":6},"end":{"line":485,"column":68}},"211":{"start":{"line":488,"column":4},"end":{"line":490,"column":5}},"212":{"start":{"line":489,"column":6},"end":{"line":489,"column":65}},"213":{"start":{"line":492,"column":4},"end":{"line":492,"column":33}},"214":{"start":{"line":493,"column":4},"end":{"line":493,"column":50}},"215":{"start":{"line":494,"column":4},"end":{"line":494,"column":39}},"216":{"start":{"line":495,"column":4},"end":{"line":495,"column":25}},"217":{"start":{"line":497,"column":4},"end":{"line":508,"column":7}},"218":{"start":{"line":511,"column":24},"end":{"line":511,"column":36}},"219":{"start":{"line":512,"column":4},"end":{"line":518,"column":5}},"220":{"start":{"line":513,"column":6},"end":{"line":517,"column":24}},"221":{"start":{"line":520,"column":4},"end":{"line":520,"column":91}},"222":{"start":{"line":522,"column":4},"end":{"line":522,"column":53}},"223":{"start":{"line":528,"column":28},"end":{"line":685,"column":1}},"224":{"start":{"line":529,"column":16},"end":{"line":529,"column":20}},"225":{"start":{"line":531,"column":2},"end":{"line":684,"column":3}},"226":{"start":{"line":532,"column":31},"end":{"line":532,"column":39}},"227":{"start":{"line":534,"column":20},"end":{"line":534,"column":74}},"228":{"start":{"line":535,"column":4},"end":{"line":537,"column":5}},"229":{"start":{"line":536,"column":6},"end":{"line":536,"column":68}},"230":{"start":{"line":539,"column":27},"end":{"line":539,"column":41}},"231":{"start":{"line":542,"column":4},"end":{"line":649,"column":5}},"232":{"start":{"line":543,"column":22},"end":{"line":543,"column":34}},"233":{"start":{"line":544,"column":47},"end":{"line":544,"column":79}},"234":{"start":{"line":547,"column":27},"end":{"line":547,"column":31}},"235":{"start":{"line":548,"column":6},"end":{"line":556,"column":7}},"236":{"start":{"line":549,"column":8},"end":{"line":549,"column":48}},"237":{"start":{"line":550,"column":8},"end":{"line":550,"column":35}},"238":{"start":{"line":554,"column":8},"end":{"line":554,"column":31}},"239":{"start":{"line":555,"column":8},"end":{"line":555,"column":23}},"240":{"start":{"line":558,"column":6},"end":{"line":636,"column":7}},"241":{"start":{"line":560,"column":28},"end":{"line":562,"column":49}},"242":{"start":{"line":564,"column":8},"end":{"line":567,"column":9}},"243":{"start":{"line":565,"column":10},"end":{"line":565,"column":63}},"244":{"start":{"line":565,"column":30},"end":{"line":565,"column":63}},"245":{"start":{"line":566,"column":10},"end":{"line":566,"column":72}},"246":{"start":{"line":570,"column":8},"end":{"line":577,"column":9}},"247":{"start":{"line":571,"column":10},"end":{"line":574,"column":11}},"248":{"start":{"line":572,"column":12},"end":{"line":572,"column":45}},"249":{"start":{"line":573,"column":12},"end":{"line":573,"column":33}},"250":{"start":{"line":575,"column":28},"end":{"line":575,"column":68}},"251":{"start":{"line":576,"column":10},"end":{"line":576,"column":37}},"252":{"start":{"line":580,"column":22},"end":{"line":585,"column":10}},"253":{"start":{"line":587,"column":32},"end":{"line":589,"column":51}},"254":{"start":{"line":591,"column":28},"end":{"line":599,"column":9}},"255":{"start":{"line":592,"column":10},"end":{"line":598,"column":11}},"256":{"start":{"line":601,"column":8},"end":{"line":607,"column":9}},"257":{"start":{"line":602,"column":10},"end":{"line":602,"column":63}},"258":{"start":{"line":602,"column":30},"end":{"line":602,"column":63}},"259":{"start":{"line":603,"column":10},"end":{"line":606,"column":13}},"260":{"start":{"line":610,"column":8},"end":{"line":610,"column":36}},"261":{"start":{"line":611,"column":8},"end":{"line":611,"column":54}},"262":{"start":{"line":611,"column":20},"end":{"line":611,"column":54}},"263":{"start":{"line":613,"column":8},"end":{"line":618,"column":9}},"264":{"start":{"line":614,"column":10},"end":{"line":614,"column":46}},"265":{"start":{"line":615,"column":10},"end":{"line":615,"column":44}},"266":{"start":{"line":617,"column":10},"end":{"line":617,"column":35}},"267":{"start":{"line":620,"column":8},"end":{"line":620,"column":61}},"268":{"start":{"line":620,"column":28},"end":{"line":620,"column":61}},"269":{"start":{"line":623,"column":8},"end":{"line":628,"column":9}},"270":{"start":{"line":624,"column":10},"end":{"line":627,"column":13}},"271":{"start":{"line":630,"column":8},"end":{"line":630,"column":20}},"272":{"start":{"line":632,"column":8},"end":{"line":635,"column":9}},"273":{"start":{"line":633,"column":10},"end":{"line":633,"column":31}},"274":{"start":{"line":634,"column":10},"end":{"line":634,"column":25}},"275":{"start":{"line":639,"column":29},"end":{"line":639,"column":81}},"276":{"start":{"line":640,"column":6},"end":{"line":643,"column":7}},"277":{"start":{"line":641,"column":8},"end":{"line":641,"column":47}},"278":{"start":{"line":642,"column":8},"end":{"line":642,"column":59}},"279":{"start":{"line":646,"column":6},"end":{"line":646,"column":30}},"280":{"start":{"line":647,"column":6},"end":{"line":647,"column":48}},"281":{"start":{"line":647,"column":18},"end":{"line":647,"column":48}},"282":{"start":{"line":648,"column":6},"end":{"line":648,"column":27}},"283":{"start":{"line":651,"column":22},"end":{"line":651,"column":62}},"284":{"start":{"line":653,"column":22},"end":{"line":657,"column":5}},"285":{"start":{"line":659,"column":4},"end":{"line":665,"column":7}},"286":{"start":{"line":668,"column":4},"end":{"line":674,"column":5}},"287":{"start":{"line":669,"column":6},"end":{"line":673,"column":24}},"288":{"start":{"line":676,"column":4},"end":{"line":676,"column":24}},"289":{"start":{"line":679,"column":4},"end":{"line":682,"column":5}},"290":{"start":{"line":680,"column":6},"end":{"line":680,"column":39}},"291":{"start":{"line":681,"column":6},"end":{"line":681,"column":27}},"292":{"start":{"line":683,"column":4},"end":{"line":683,"column":53}},"293":{"start":{"line":689,"column":29},"end":{"line":761,"column":1}},"294":{"start":{"line":690,"column":2},"end":{"line":760,"column":3}},"295":{"start":{"line":691,"column":92},"end":{"line":691,"column":100}},"296":{"start":{"line":693,"column":4},"end":{"line":695,"column":5}},"297":{"start":{"line":694,"column":6},"end":{"line":694,"column":78}},"298":{"start":{"line":697,"column":28},"end":{"line":697,"column":96}},"299":{"start":{"line":698,"column":4},"end":{"line":700,"column":5}},"300":{"start":{"line":699,"column":6},"end":{"line":699,"column":77}},"301":{"start":{"line":703,"column":4},"end":{"line":703,"column":41}},"302":{"start":{"line":704,"column":4},"end":{"line":704,"column":71}},"303":{"start":{"line":705,"column":4},"end":{"line":705,"column":47}},"304":{"start":{"line":706,"column":4},"end":{"line":706,"column":33}},"305":{"start":{"line":709,"column":29},"end":{"line":709,"column":55}},"306":{"start":{"line":710,"column":28},"end":{"line":710,"column":101}},"307":{"start":{"line":711,"column":30},"end":{"line":711,"column":68}},"308":{"start":{"line":712,"column":28},"end":{"line":712,"column":62}},"309":{"start":{"line":713,"column":23},"end":{"line":728,"column":6}},"310":{"start":{"line":730,"column":4},"end":{"line":741,"column":7}},"311":{"start":{"line":744,"column":4},"end":{"line":750,"column":5}},"312":{"start":{"line":745,"column":6},"end":{"line":749,"column":24}},"313":{"start":{"line":752,"column":22},"end":{"line":752,"column":65}},"314":{"start":{"line":753,"column":4},"end":{"line":757,"column":7}},"315":{"start":{"line":759,"column":4},"end":{"line":759,"column":53}},"316":{"start":{"line":765,"column":23},"end":{"line":842,"column":1}},"317":{"start":{"line":766,"column":2},"end":{"line":841,"column":3}},"318":{"start":{"line":767,"column":20},"end":{"line":767,"column":84}},"319":{"start":{"line":768,"column":4},"end":{"line":770,"column":5}},"320":{"start":{"line":769,"column":6},"end":{"line":769,"column":68}},"321":{"start":{"line":772,"column":4},"end":{"line":774,"column":5}},"322":{"start":{"line":773,"column":6},"end":{"line":773,"column":65}},"323":{"start":{"line":776,"column":4},"end":{"line":778,"column":5}},"324":{"start":{"line":777,"column":6},"end":{"line":777,"column":91}},"325":{"start":{"line":781,"column":16},"end":{"line":781,"column":26}},"326":{"start":{"line":782,"column":28},"end":{"line":782,"column":77}},"327":{"start":{"line":783,"column":26},"end":{"line":783,"column":113}},"328":{"start":{"line":784,"column":24},"end":{"line":784,"column":107}},"329":{"start":{"line":786,"column":4},"end":{"line":792,"column":5}},"330":{"start":{"line":787,"column":6},"end":{"line":791,"column":9}},"331":{"start":{"line":794,"column":4},"end":{"line":800,"column":5}},"332":{"start":{"line":795,"column":6},"end":{"line":799,"column":9}},"333":{"start":{"line":803,"column":20},"end":{"line":816,"column":32}},"334":{"start":{"line":818,"column":4},"end":{"line":828,"column":5}},"335":{"start":{"line":820,"column":6},"end":{"line":822,"column":7}},"336":{"start":{"line":821,"column":8},"end":{"line":821,"column":33}},"337":{"start":{"line":824,"column":6},"end":{"line":827,"column":9}},"338":{"start":{"line":830,"column":4},"end":{"line":836,"column":7}},"339":{"start":{"line":838,"column":4},"end":{"line":838,"column":22}},"340":{"start":{"line":840,"column":4},"end":{"line":840,"column":53}},"341":{"start":{"line":846,"column":31},"end":{"line":1026,"column":1}},"342":{"start":{"line":847,"column":2},"end":{"line":1025,"column":3}},"343":{"start":{"line":848,"column":94},"end":{"line":848,"column":102}},"344":{"start":{"line":851,"column":27},"end":{"line":851,"column":65}},"345":{"start":{"line":852,"column":4},"end":{"line":857,"column":5}},"346":{"start":{"line":853,"column":6},"end":{"line":856,"column":9}},"347":{"start":{"line":859,"column":17},"end":{"line":859,"column":50}},"348":{"start":{"line":860,"column":20},"end":{"line":860,"column":45}},"349":{"start":{"line":862,"column":4},"end":{"line":864,"column":5}},"350":{"start":{"line":863,"column":6},"end":{"line":863,"column":65}},"351":{"start":{"line":867,"column":20},"end":{"line":867,"column":34}},"352":{"start":{"line":868,"column":4},"end":{"line":873,"column":5}},"353":{"start":{"line":869,"column":6},"end":{"line":872,"column":9}},"354":{"start":{"line":876,"column":23},"end":{"line":876,"column":37}},"355":{"start":{"line":877,"column":29},"end":{"line":877,"column":61}},"356":{"start":{"line":878,"column":25},"end":{"line":878,"column":55}},"357":{"start":{"line":879,"column":4},"end":{"line":879,"column":46}},"358":{"start":{"line":881,"column":21},"end":{"line":881,"column":35}},"359":{"start":{"line":882,"column":4},"end":{"line":882,"column":40}},"360":{"start":{"line":884,"column":24},"end":{"line":884,"column":82}},"361":{"start":{"line":886,"column":4},"end":{"line":888,"column":5}},"362":{"start":{"line":887,"column":6},"end":{"line":887,"column":96}},"363":{"start":{"line":891,"column":27},"end":{"line":895,"column":6}},"364":{"start":{"line":897,"column":24},"end":{"line":897,"column":51}},"365":{"start":{"line":898,"column":29},"end":{"line":898,"column":47}},"366":{"start":{"line":899,"column":31},"end":{"line":899,"column":64}},"367":{"start":{"line":901,"column":4},"end":{"line":910,"column":5}},"368":{"start":{"line":902,"column":6},"end":{"line":909,"column":9}},"369":{"start":{"line":913,"column":20},"end":{"line":913,"column":47}},"370":{"start":{"line":914,"column":22},"end":{"line":914,"column":24}},"371":{"start":{"line":915,"column":4},"end":{"line":947,"column":5}},"372":{"start":{"line":915,"column":17},"end":{"line":915,"column":18}},"373":{"start":{"line":916,"column":25},"end":{"line":916,"column":39}},"374":{"start":{"line":917,"column":22},"end":{"line":917,"column":65}},"375":{"start":{"line":918,"column":53},"end":{"line":918,"column":80}},"376":{"start":{"line":920,"column":30},"end":{"line":920,"column":80}},"377":{"start":{"line":921,"column":31},"end":{"line":925,"column":8}},"378":{"start":{"line":927,"column":34},"end":{"line":929,"column":7}},"379":{"start":{"line":928,"column":8},"end":{"line":928,"column":118}},"380":{"start":{"line":931,"column":6},"end":{"line":946,"column":7}},"381":{"start":{"line":932,"column":8},"end":{"line":945,"column":11}},"382":{"start":{"line":937,"column":62},"end":{"line":944,"column":11}},"383":{"start":{"line":949,"column":4},"end":{"line":963,"column":5}},"384":{"start":{"line":950,"column":6},"end":{"line":962,"column":9}},"385":{"start":{"line":954,"column":57},"end":{"line":961,"column":9}},"386":{"start":{"line":965,"column":28},"end":{"line":965,"column":30}},"387":{"start":{"line":966,"column":4},"end":{"line":1000,"column":5}},"388":{"start":{"line":966,"column":17},"end":{"line":966,"column":18}},"389":{"start":{"line":967,"column":25},"end":{"line":967,"column":39}},"390":{"start":{"line":968,"column":22},"end":{"line":968,"column":65}},"391":{"start":{"line":969,"column":25},"end":{"line":969,"column":43}},"392":{"start":{"line":970,"column":28},"end":{"line":970,"column":65}},"393":{"start":{"line":971,"column":31},"end":{"line":971,"column":57}},"394":{"start":{"line":972,"column":28},"end":{"line":972,"column":56}},"395":{"start":{"line":973,"column":28},"end":{"line":975,"column":14}},"396":{"start":{"line":977,"column":22},"end":{"line":997,"column":8}},"397":{"start":{"line":999,"column":6},"end":{"line":999,"column":36}},"398":{"start":{"line":1002,"column":4},"end":{"line":1014,"column":7}},"399":{"start":{"line":1016,"column":4},"end":{"line":1022,"column":7}},"400":{"start":{"line":1024,"column":4},"end":{"line":1024,"column":53}},"401":{"start":{"line":1030,"column":31},"end":{"line":1106,"column":1}},"402":{"start":{"line":1031,"column":2},"end":{"line":1105,"column":3}},"403":{"start":{"line":1032,"column":24},"end":{"line":1032,"column":34}},"404":{"start":{"line":1033,"column":40},"end":{"line":1033,"column":48}},"405":{"start":{"line":1035,"column":21},"end":{"line":1038,"column":6}},"406":{"start":{"line":1040,"column":4},"end":{"line":1042,"column":5}},"407":{"start":{"line":1041,"column":6},"end":{"line":1041,"column":94}},"408":{"start":{"line":1045,"column":25},"end":{"line":1045,"column":36}},"409":{"start":{"line":1046,"column":4},"end":{"line":1048,"column":5}},"410":{"start":{"line":1047,"column":6},"end":{"line":1047,"column":65}},"411":{"start":{"line":1050,"column":27},"end":{"line":1050,"column":29}},"412":{"start":{"line":1052,"column":4},"end":{"line":1073,"column":5}},"413":{"start":{"line":1054,"column":8},"end":{"line":1056,"column":9}},"414":{"start":{"line":1055,"column":10},"end":{"line":1055,"column":92}},"415":{"start":{"line":1057,"column":8},"end":{"line":1059,"column":10}},"416":{"start":{"line":1058,"column":10},"end":{"line":1058,"column":95}},"417":{"start":{"line":1060,"column":8},"end":{"line":1060,"column":14}},"418":{"start":{"line":1063,"column":8},"end":{"line":1065,"column":9}},"419":{"start":{"line":1064,"column":10},"end":{"line":1064,"column":98}},"420":{"start":{"line":1066,"column":8},"end":{"line":1066,"column":78}},"421":{"start":{"line":1066,"column":48},"end":{"line":1066,"column":76}},"422":{"start":{"line":1067,"column":8},"end":{"line":1067,"column":14}},"423":{"start":{"line":1071,"column":8},"end":{"line":1071,"column":36}},"424":{"start":{"line":1072,"column":8},"end":{"line":1072,"column":14}},"425":{"start":{"line":1076,"column":25},"end":{"line":1076,"column":27}},"426":{"start":{"line":1077,"column":4},"end":{"line":1084,"column":5}},"427":{"start":{"line":1078,"column":6},"end":{"line":1078,"column":35}},"428":{"start":{"line":1079,"column":6},"end":{"line":1079,"column":70}},"429":{"start":{"line":1080,"column":6},"end":{"line":1080,"column":41}},"430":{"start":{"line":1081,"column":6},"end":{"line":1081,"column":39}},"431":{"start":{"line":1082,"column":6},"end":{"line":1082,"column":27}},"432":{"start":{"line":1083,"column":6},"end":{"line":1083,"column":37}},"433":{"start":{"line":1086,"column":4},"end":{"line":1096,"column":7}},"434":{"start":{"line":1098,"column":4},"end":{"line":1102,"column":7}},"435":{"start":{"line":1104,"column":4},"end":{"line":1104,"column":53}},"436":{"start":{"line":1109,"column":29},"end":{"line":1139,"column":1}},"437":{"start":{"line":1110,"column":43},"end":{"line":1110,"column":67}},"438":{"start":{"line":1111,"column":16},"end":{"line":1117,"column":74}},"439":{"start":{"line":1119,"column":23},"end":{"line":1119,"column":25}},"440":{"start":{"line":1121,"column":2},"end":{"line":1136,"column":3}},"441":{"start":{"line":1122,"column":28},"end":{"line":1122,"column":75}},"442":{"start":{"line":1123,"column":29},"end":{"line":1127,"column":6}},"443":{"start":{"line":1129,"column":24},"end":{"line":1131,"column":5}},"444":{"start":{"line":1130,"column":6},"end":{"line":1130,"column":113}},"445":{"start":{"line":1133,"column":4},"end":{"line":1135,"column":5}},"446":{"start":{"line":1134,"column":6},"end":{"line":1134,"column":30}},"447":{"start":{"line":1138,"column":2},"end":{"line":1138,"column":34}},"448":{"start":{"line":1143,"column":24},"end":{"line":1236,"column":1}},"449":{"start":{"line":1144,"column":2},"end":{"line":1235,"column":3}},"450":{"start":{"line":1145,"column":30},"end":{"line":1145,"column":39}},"451":{"start":{"line":1146,"column":20},"end":{"line":1146,"column":36}},"452":{"start":{"line":1147,"column":22},"end":{"line":1147,"column":32}},"453":{"start":{"line":1148,"column":4},"end":{"line":1148,"column":53}},"454":{"start":{"line":1159,"column":8},"end":{"line":1168,"column":6}},"455":{"start":{"line":1171,"column":28},"end":{"line":1178,"column":6}},"456":{"start":{"line":1181,"column":25},"end":{"line":1190,"column":6}},"457":{"start":{"line":1193,"column":23},"end":{"line":1193,"column":33}},"458":{"start":{"line":1194,"column":4},"end":{"line":1194,"column":36}},"459":{"start":{"line":1195,"column":21},"end":{"line":1195,"column":31}},"460":{"start":{"line":1196,"column":4},"end":{"line":1196,"column":39}},"461":{"start":{"line":1198,"column":26},"end":{"line":1201,"column":6}},"462":{"start":{"line":1204,"column":27},"end":{"line":1207,"column":6}},"463":{"start":{"line":1210,"column":24},"end":{"line":1215,"column":6}},"464":{"start":{"line":1217,"column":4},"end":{"line":1232,"column":7}},"465":{"start":{"line":1234,"column":4},"end":{"line":1234,"column":53}},"466":{"start":{"line":1238,"column":0},"end":{"line":1251,"column":2}}},"fnMap":{"0":{"name":"(anonymous_0)","decl":{"start":{"line":19,"column":34},"end":{"line":19,"column":35}},"loc":{"start":{"line":19,"column":49},"end":{"line":32,"column":1}},"line":19},"1":{"name":"(anonymous_1)","decl":{"start":{"line":34,"column":18},"end":{"line":34,"column":19}},"loc":{"start":{"line":34,"column":33},"end":{"line":44,"column":1}},"line":34},"2":{"name":"(anonymous_2)","decl":{"start":{"line":46,"column":32},"end":{"line":46,"column":33}},"loc":{"start":{"line":46,"column":56},"end":{"line":50,"column":1}},"line":46},"3":{"name":"(anonymous_3)","decl":{"start":{"line":52,"column":27},"end":{"line":52,"column":28}},"loc":{"start":{"line":52,"column":42},"end":{"line":57,"column":1}},"line":52},"4":{"name":"(anonymous_4)","decl":{"start":{"line":59,"column":33},"end":{"line":59,"column":34}},"loc":{"start":{"line":60,"column":2},"end":{"line":60,"column":59}},"line":60},"5":{"name":"(anonymous_5)","decl":{"start":{"line":62,"column":27},"end":{"line":62,"column":28}},"loc":{"start":{"line":63,"column":2},"end":{"line":68,"column":4}},"line":63},"6":{"name":"(anonymous_6)","decl":{"start":{"line":72,"column":22},"end":{"line":72,"column":23}},"loc":{"start":{"line":72,"column":42},"end":{"line":308,"column":1}},"line":72},"7":{"name":"(anonymous_7)","decl":{"start":{"line":150,"column":46},"end":{"line":150,"column":47}},"loc":{"start":{"line":151,"column":6},"end":{"line":151,"column":116}},"line":151},"8":{"name":"(anonymous_8)","decl":{"start":{"line":163,"column":44},"end":{"line":163,"column":45}},"loc":{"start":{"line":163,"column":50},"end":{"line":170,"column":9}},"line":163},"9":{"name":"(anonymous_9)","decl":{"start":{"line":293,"column":12},"end":{"line":293,"column":13}},"loc":{"start":{"line":293,"column":18},"end":{"line":293,"column":20}},"line":293},"10":{"name":"(anonymous_10)","decl":{"start":{"line":312,"column":22},"end":{"line":312,"column":23}},"loc":{"start":{"line":312,"column":42},"end":{"line":321,"column":1}},"line":312},"11":{"name":"(anonymous_11)","decl":{"start":{"line":325,"column":23},"end":{"line":325,"column":24}},"loc":{"start":{"line":325,"column":43},"end":{"line":373,"column":1}},"line":325},"12":{"name":"(anonymous_12)","decl":{"start":{"line":347,"column":45},"end":{"line":347,"column":46}},"loc":{"start":{"line":347,"column":52},"end":{"line":347,"column":57}},"line":347},"13":{"name":"(anonymous_13)","decl":{"start":{"line":377,"column":26},"end":{"line":377,"column":27}},"loc":{"start":{"line":377,"column":46},"end":{"line":392,"column":1}},"line":377},"14":{"name":"(anonymous_14)","decl":{"start":{"line":396,"column":22},"end":{"line":396,"column":23}},"loc":{"start":{"line":396,"column":42},"end":{"line":476,"column":1}},"line":396},"15":{"name":"(anonymous_15)","decl":{"start":{"line":418,"column":26},"end":{"line":418,"column":27}},"loc":{"start":{"line":418,"column":35},"end":{"line":422,"column":5}},"line":418},"16":{"name":"(anonymous_16)","decl":{"start":{"line":428,"column":60},"end":{"line":428,"column":61}},"loc":{"start":{"line":428,"column":69},"end":{"line":428,"column":98}},"line":428},"17":{"name":"(anonymous_17)","decl":{"start":{"line":480,"column":22},"end":{"line":480,"column":23}},"loc":{"start":{"line":480,"column":42},"end":{"line":524,"column":1}},"line":480},"18":{"name":"(anonymous_18)","decl":{"start":{"line":517,"column":14},"end":{"line":517,"column":15}},"loc":{"start":{"line":517,"column":20},"end":{"line":517,"column":22}},"line":517},"19":{"name":"(anonymous_19)","decl":{"start":{"line":528,"column":28},"end":{"line":528,"column":29}},"loc":{"start":{"line":528,"column":48},"end":{"line":685,"column":1}},"line":528},"20":{"name":"(anonymous_20)","decl":{"start":{"line":591,"column":49},"end":{"line":591,"column":50}},"loc":{"start":{"line":592,"column":10},"end":{"line":598,"column":11}},"line":592},"21":{"name":"(anonymous_21)","decl":{"start":{"line":673,"column":14},"end":{"line":673,"column":15}},"loc":{"start":{"line":673,"column":20},"end":{"line":673,"column":22}},"line":673},"22":{"name":"(anonymous_22)","decl":{"start":{"line":689,"column":29},"end":{"line":689,"column":30}},"loc":{"start":{"line":689,"column":49},"end":{"line":761,"column":1}},"line":689},"23":{"name":"(anonymous_23)","decl":{"start":{"line":749,"column":14},"end":{"line":749,"column":15}},"loc":{"start":{"line":749,"column":20},"end":{"line":749,"column":22}},"line":749},"24":{"name":"(anonymous_24)","decl":{"start":{"line":765,"column":23},"end":{"line":765,"column":24}},"loc":{"start":{"line":765,"column":43},"end":{"line":842,"column":1}},"line":765},"25":{"name":"(anonymous_25)","decl":{"start":{"line":846,"column":31},"end":{"line":846,"column":32}},"loc":{"start":{"line":846,"column":51},"end":{"line":1026,"column":1}},"line":846},"26":{"name":"(anonymous_26)","decl":{"start":{"line":927,"column":58},"end":{"line":927,"column":59}},"loc":{"start":{"line":928,"column":8},"end":{"line":928,"column":118}},"line":928},"27":{"name":"(anonymous_27)","decl":{"start":{"line":937,"column":49},"end":{"line":937,"column":50}},"loc":{"start":{"line":937,"column":62},"end":{"line":944,"column":11}},"line":937},"28":{"name":"(anonymous_28)","decl":{"start":{"line":954,"column":44},"end":{"line":954,"column":45}},"loc":{"start":{"line":954,"column":57},"end":{"line":961,"column":9}},"line":954},"29":{"name":"(anonymous_29)","decl":{"start":{"line":1030,"column":31},"end":{"line":1030,"column":32}},"loc":{"start":{"line":1030,"column":51},"end":{"line":1106,"column":1}},"line":1030},"30":{"name":"(anonymous_30)","decl":{"start":{"line":1057,"column":43},"end":{"line":1057,"column":44}},"loc":{"start":{"line":1058,"column":10},"end":{"line":1058,"column":95}},"line":1058},"31":{"name":"(anonymous_31)","decl":{"start":{"line":1066,"column":43},"end":{"line":1066,"column":44}},"loc":{"start":{"line":1066,"column":48},"end":{"line":1066,"column":76}},"line":1066},"32":{"name":"(anonymous_32)","decl":{"start":{"line":1109,"column":29},"end":{"line":1109,"column":30}},"loc":{"start":{"line":1109,"column":105},"end":{"line":1139,"column":1}},"line":1109},"33":{"name":"(anonymous_33)","decl":{"start":{"line":1129,"column":46},"end":{"line":1129,"column":47}},"loc":{"start":{"line":1130,"column":6},"end":{"line":1130,"column":113}},"line":1130},"34":{"name":"(anonymous_34)","decl":{"start":{"line":1143,"column":24},"end":{"line":1143,"column":25}},"loc":{"start":{"line":1143,"column":44},"end":{"line":1236,"column":1}},"line":1143}},"branchMap":{"0":{"loc":{"start":{"line":23,"column":2},"end":{"line":28,"column":3}},"type":"if","locations":[{"start":{"line":23,"column":2},"end":{"line":28,"column":3}},{"start":{"line":26,"column":9},"end":{"line":28,"column":3}}],"line":23},"1":{"loc":{"start":{"line":23,"column":6},"end":{"line":23,"column":76}},"type":"binary-expr","locations":[{"start":{"line":23,"column":6},"end":{"line":23,"column":35}},{"start":{"line":23,"column":39},"end":{"line":23,"column":76}}],"line":23},"2":{"loc":{"start":{"line":35,"column":2},"end":{"line":37,"column":3}},"type":"if","locations":[{"start":{"line":35,"column":2},"end":{"line":37,"column":3}},{"start":{},"end":{}}],"line":35},"3":{"loc":{"start":{"line":35,"column":6},"end":{"line":35,"column":76}},"type":"binary-expr","locations":[{"start":{"line":35,"column":6},"end":{"line":35,"column":35}},{"start":{"line":35,"column":39},"end":{"line":35,"column":76}}],"line":35},"4":{"loc":{"start":{"line":60,"column":2},"end":{"line":60,"column":59}},"type":"cond-expr","locations":[{"start":{"line":60,"column":21},"end":{"line":60,"column":33}},{"start":{"line":60,"column":36},"end":{"line":60,"column":59}}],"line":60},"5":{"loc":{"start":{"line":80,"column":4},"end":{"line":82,"column":5}},"type":"if","locations":[{"start":{"line":80,"column":4},"end":{"line":82,"column":5}},{"start":{},"end":{}}],"line":80},"6":{"loc":{"start":{"line":85,"column":4},"end":{"line":87,"column":5}},"type":"if","locations":[{"start":{"line":85,"column":4},"end":{"line":87,"column":5}},{"start":{},"end":{}}],"line":85},"7":{"loc":{"start":{"line":90,"column":4},"end":{"line":92,"column":5}},"type":"if","locations":[{"start":{"line":90,"column":4},"end":{"line":92,"column":5}},{"start":{},"end":{}}],"line":90},"8":{"loc":{"start":{"line":100,"column":4},"end":{"line":107,"column":5}},"type":"if","locations":[{"start":{"line":100,"column":4},"end":{"line":107,"column":5}},{"start":{},"end":{}}],"line":100},"9":{"loc":{"start":{"line":100,"column":27},"end":{"line":100,"column":54}},"type":"binary-expr","locations":[{"start":{"line":100,"column":27},"end":{"line":100,"column":49}},{"start":{"line":100,"column":53},"end":{"line":100,"column":54}}],"line":100},"10":{"loc":{"start":{"line":102,"column":53},"end":{"line":102,"column":80}},"type":"binary-expr","locations":[{"start":{"line":102,"column":53},"end":{"line":102,"column":75}},{"start":{"line":102,"column":79},"end":{"line":102,"column":80}}],"line":102},"11":{"loc":{"start":{"line":105,"column":17},"end":{"line":105,"column":44}},"type":"binary-expr","locations":[{"start":{"line":105,"column":17},"end":{"line":105,"column":39}},{"start":{"line":105,"column":43},"end":{"line":105,"column":44}}],"line":105},"12":{"loc":{"start":{"line":111,"column":4},"end":{"line":113,"column":5}},"type":"if","locations":[{"start":{"line":111,"column":4},"end":{"line":113,"column":5}},{"start":{},"end":{}}],"line":111},"13":{"loc":{"start":{"line":114,"column":4},"end":{"line":116,"column":5}},"type":"if","locations":[{"start":{"line":114,"column":4},"end":{"line":116,"column":5}},{"start":{},"end":{}}],"line":114},"14":{"loc":{"start":{"line":114,"column":8},"end":{"line":114,"column":49}},"type":"binary-expr","locations":[{"start":{"line":114,"column":8},"end":{"line":114,"column":28}},{"start":{"line":114,"column":32},"end":{"line":114,"column":49}}],"line":114},"15":{"loc":{"start":{"line":120,"column":4},"end":{"line":122,"column":5}},"type":"if","locations":[{"start":{"line":120,"column":4},"end":{"line":122,"column":5}},{"start":{},"end":{}}],"line":120},"16":{"loc":{"start":{"line":135,"column":4},"end":{"line":140,"column":5}},"type":"if","locations":[{"start":{"line":135,"column":4},"end":{"line":140,"column":5}},{"start":{},"end":{}}],"line":135},"17":{"loc":{"start":{"line":151,"column":89},"end":{"line":151,"column":115}},"type":"binary-expr","locations":[{"start":{"line":151,"column":89},"end":{"line":151,"column":110}},{"start":{"line":151,"column":114},"end":{"line":151,"column":115}}],"line":151},"18":{"loc":{"start":{"line":154,"column":4},"end":{"line":174,"column":5}},"type":"if","locations":[{"start":{"line":154,"column":4},"end":{"line":174,"column":5}},{"start":{},"end":{}}],"line":154},"19":{"loc":{"start":{"line":171,"column":24},"end":{"line":171,"column":50}},"type":"binary-expr","locations":[{"start":{"line":171,"column":24},"end":{"line":171,"column":45}},{"start":{"line":171,"column":49},"end":{"line":171,"column":50}}],"line":171},"20":{"loc":{"start":{"line":192,"column":26},"end":{"line":194,"column":12}},"type":"cond-expr","locations":[{"start":{"line":193,"column":8},"end":{"line":193,"column":60}},{"start":{"line":194,"column":8},"end":{"line":194,"column":12}}],"line":192},"21":{"loc":{"start":{"line":210,"column":23},"end":{"line":210,"column":44}},"type":"binary-expr","locations":[{"start":{"line":210,"column":23},"end":{"line":210,"column":36}},{"start":{"line":210,"column":40},"end":{"line":210,"column":44}}],"line":210},"22":{"loc":{"start":{"line":217,"column":6},"end":{"line":223,"column":7}},"type":"if","locations":[{"start":{"line":217,"column":6},"end":{"line":223,"column":7}},{"start":{"line":221,"column":13},"end":{"line":223,"column":7}}],"line":217},"23":{"loc":{"start":{"line":226,"column":6},"end":{"line":228,"column":7}},"type":"if","locations":[{"start":{"line":226,"column":6},"end":{"line":228,"column":7}},{"start":{},"end":{}}],"line":226},"24":{"loc":{"start":{"line":226,"column":10},"end":{"line":226,"column":35}},"type":"binary-expr","locations":[{"start":{"line":226,"column":10},"end":{"line":226,"column":24}},{"start":{"line":226,"column":28},"end":{"line":226,"column":35}}],"line":226},"25":{"loc":{"start":{"line":231,"column":6},"end":{"line":243,"column":7}},"type":"if","locations":[{"start":{"line":231,"column":6},"end":{"line":243,"column":7}},{"start":{},"end":{}}],"line":231},"26":{"loc":{"start":{"line":231,"column":10},"end":{"line":231,"column":93}},"type":"binary-expr","locations":[{"start":{"line":231,"column":10},"end":{"line":231,"column":30}},{"start":{"line":231,"column":34},"end":{"line":231,"column":93}}],"line":231},"27":{"loc":{"start":{"line":240,"column":26},"end":{"line":240,"column":52}},"type":"binary-expr","locations":[{"start":{"line":240,"column":26},"end":{"line":240,"column":47}},{"start":{"line":240,"column":51},"end":{"line":240,"column":52}}],"line":240},"28":{"loc":{"start":{"line":248,"column":6},"end":{"line":251,"column":7}},"type":"if","locations":[{"start":{"line":248,"column":6},"end":{"line":251,"column":7}},{"start":{},"end":{}}],"line":248},"29":{"loc":{"start":{"line":258,"column":4},"end":{"line":261,"column":5}},"type":"if","locations":[{"start":{"line":258,"column":4},"end":{"line":261,"column":5}},{"start":{},"end":{}}],"line":258},"30":{"loc":{"start":{"line":289,"column":6},"end":{"line":291,"column":42}},"type":"cond-expr","locations":[{"start":{"line":290,"column":10},"end":{"line":290,"column":42}},{"start":{"line":291,"column":10},"end":{"line":291,"column":42}}],"line":289},"31":{"loc":{"start":{"line":298,"column":4},"end":{"line":300,"column":5}},"type":"if","locations":[{"start":{"line":298,"column":4},"end":{"line":300,"column":5}},{"start":{},"end":{}}],"line":298},"32":{"loc":{"start":{"line":302,"column":4},"end":{"line":305,"column":5}},"type":"if","locations":[{"start":{"line":302,"column":4},"end":{"line":305,"column":5}},{"start":{},"end":{}}],"line":302},"33":{"loc":{"start":{"line":336,"column":4},"end":{"line":336,"column":39}},"type":"if","locations":[{"start":{"line":336,"column":4},"end":{"line":336,"column":39}},{"start":{},"end":{}}],"line":336},"34":{"loc":{"start":{"line":337,"column":4},"end":{"line":341,"column":5}},"type":"if","locations":[{"start":{"line":337,"column":4},"end":{"line":341,"column":5}},{"start":{},"end":{}}],"line":337},"35":{"loc":{"start":{"line":337,"column":8},"end":{"line":337,"column":28}},"type":"binary-expr","locations":[{"start":{"line":337,"column":8},"end":{"line":337,"column":17}},{"start":{"line":337,"column":21},"end":{"line":337,"column":28}}],"line":337},"36":{"loc":{"start":{"line":339,"column":6},"end":{"line":339,"column":50}},"type":"if","locations":[{"start":{"line":339,"column":6},"end":{"line":339,"column":50}},{"start":{},"end":{}}],"line":339},"37":{"loc":{"start":{"line":340,"column":6},"end":{"line":340,"column":46}},"type":"if","locations":[{"start":{"line":340,"column":6},"end":{"line":340,"column":46}},{"start":{},"end":{}}],"line":340},"38":{"loc":{"start":{"line":345,"column":6},"end":{"line":345,"column":63}},"type":"cond-expr","locations":[{"start":{"line":345,"column":13},"end":{"line":345,"column":42}},{"start":{"line":345,"column":45},"end":{"line":345,"column":63}}],"line":345},"39":{"loc":{"start":{"line":349,"column":4},"end":{"line":351,"column":5}},"type":"if","locations":[{"start":{"line":349,"column":4},"end":{"line":351,"column":5}},{"start":{},"end":{}}],"line":349},"40":{"loc":{"start":{"line":349,"column":8},"end":{"line":349,"column":42}},"type":"binary-expr","locations":[{"start":{"line":349,"column":8},"end":{"line":349,"column":12}},{"start":{"line":349,"column":16},"end":{"line":349,"column":42}}],"line":349},"41":{"loc":{"start":{"line":352,"column":18},"end":{"line":352,"column":54}},"type":"cond-expr","locations":[{"start":{"line":352,"column":25},"end":{"line":352,"column":29}},{"start":{"line":352,"column":32},"end":{"line":352,"column":54}}],"line":352},"42":{"loc":{"start":{"line":380,"column":4},"end":{"line":382,"column":5}},"type":"if","locations":[{"start":{"line":380,"column":4},"end":{"line":382,"column":5}},{"start":{},"end":{}}],"line":380},"43":{"loc":{"start":{"line":400,"column":4},"end":{"line":402,"column":5}},"type":"if","locations":[{"start":{"line":400,"column":4},"end":{"line":402,"column":5}},{"start":{},"end":{}}],"line":400},"44":{"loc":{"start":{"line":405,"column":4},"end":{"line":407,"column":5}},"type":"if","locations":[{"start":{"line":405,"column":4},"end":{"line":407,"column":5}},{"start":{},"end":{}}],"line":405},"45":{"loc":{"start":{"line":405,"column":8},"end":{"line":405,"column":88}},"type":"binary-expr","locations":[{"start":{"line":405,"column":8},"end":{"line":405,"column":59}},{"start":{"line":405,"column":63},"end":{"line":405,"column":88}}],"line":405},"46":{"loc":{"start":{"line":414,"column":26},"end":{"line":414,"column":92}},"type":"cond-expr","locations":[{"start":{"line":414,"column":54},"end":{"line":414,"column":72}},{"start":{"line":414,"column":75},"end":{"line":414,"column":92}}],"line":414},"47":{"loc":{"start":{"line":419,"column":6},"end":{"line":421,"column":7}},"type":"if","locations":[{"start":{"line":419,"column":6},"end":{"line":421,"column":7}},{"start":{},"end":{}}],"line":419},"48":{"loc":{"start":{"line":430,"column":4},"end":{"line":437,"column":5}},"type":"if","locations":[{"start":{"line":430,"column":4},"end":{"line":437,"column":5}},{"start":{},"end":{}}],"line":430},"49":{"loc":{"start":{"line":439,"column":4},"end":{"line":444,"column":5}},"type":"if","locations":[{"start":{"line":439,"column":4},"end":{"line":444,"column":5}},{"start":{},"end":{}}],"line":439},"50":{"loc":{"start":{"line":449,"column":4},"end":{"line":457,"column":5}},"type":"if","locations":[{"start":{"line":449,"column":4},"end":{"line":457,"column":5}},{"start":{},"end":{}}],"line":449},"51":{"loc":{"start":{"line":449,"column":8},"end":{"line":449,"column":60}},"type":"binary-expr","locations":[{"start":{"line":449,"column":8},"end":{"line":449,"column":20}},{"start":{"line":449,"column":24},"end":{"line":449,"column":41}},{"start":{"line":449,"column":45},"end":{"line":449,"column":60}}],"line":449},"52":{"loc":{"start":{"line":450,"column":41},"end":{"line":450,"column":95}},"type":"binary-expr","locations":[{"start":{"line":450,"column":41},"end":{"line":450,"column":53}},{"start":{"line":450,"column":57},"end":{"line":450,"column":79}},{"start":{"line":450,"column":83},"end":{"line":450,"column":95}}],"line":450},"53":{"loc":{"start":{"line":451,"column":33},"end":{"line":451,"column":71}},"type":"binary-expr","locations":[{"start":{"line":451,"column":33},"end":{"line":451,"column":50}},{"start":{"line":451,"column":54},"end":{"line":451,"column":71}}],"line":451},"54":{"loc":{"start":{"line":452,"column":31},"end":{"line":452,"column":65}},"type":"binary-expr","locations":[{"start":{"line":452,"column":31},"end":{"line":452,"column":46}},{"start":{"line":452,"column":50},"end":{"line":452,"column":65}}],"line":452},"55":{"loc":{"start":{"line":484,"column":4},"end":{"line":486,"column":5}},"type":"if","locations":[{"start":{"line":484,"column":4},"end":{"line":486,"column":5}},{"start":{},"end":{}}],"line":484},"56":{"loc":{"start":{"line":488,"column":4},"end":{"line":490,"column":5}},"type":"if","locations":[{"start":{"line":488,"column":4},"end":{"line":490,"column":5}},{"start":{},"end":{}}],"line":488},"57":{"loc":{"start":{"line":488,"column":8},"end":{"line":488,"column":92}},"type":"binary-expr","locations":[{"start":{"line":488,"column":8},"end":{"line":488,"column":63}},{"start":{"line":488,"column":67},"end":{"line":488,"column":92}}],"line":488},"58":{"loc":{"start":{"line":493,"column":27},"end":{"line":493,"column":49}},"type":"binary-expr","locations":[{"start":{"line":493,"column":27},"end":{"line":493,"column":43}},{"start":{"line":493,"column":47},"end":{"line":493,"column":49}}],"line":493},"59":{"loc":{"start":{"line":512,"column":4},"end":{"line":518,"column":5}},"type":"if","locations":[{"start":{"line":512,"column":4},"end":{"line":518,"column":5}},{"start":{},"end":{}}],"line":512},"60":{"loc":{"start":{"line":512,"column":8},"end":{"line":512,"column":40}},"type":"binary-expr","locations":[{"start":{"line":512,"column":8},"end":{"line":512,"column":19}},{"start":{"line":512,"column":23},"end":{"line":512,"column":40}}],"line":512},"61":{"loc":{"start":{"line":516,"column":36},"end":{"line":516,"column":54}},"type":"binary-expr","locations":[{"start":{"line":516,"column":36},"end":{"line":516,"column":48}},{"start":{"line":516,"column":52},"end":{"line":516,"column":54}}],"line":516},"62":{"loc":{"start":{"line":535,"column":4},"end":{"line":537,"column":5}},"type":"if","locations":[{"start":{"line":535,"column":4},"end":{"line":537,"column":5}},{"start":{},"end":{}}],"line":535},"63":{"loc":{"start":{"line":542,"column":4},"end":{"line":649,"column":5}},"type":"if","locations":[{"start":{"line":542,"column":4},"end":{"line":649,"column":5}},{"start":{"line":644,"column":11},"end":{"line":649,"column":5}}],"line":542},"64":{"loc":{"start":{"line":542,"column":8},"end":{"line":542,"column":62}},"type":"binary-expr","locations":[{"start":{"line":542,"column":8},"end":{"line":542,"column":29}},{"start":{"line":542,"column":33},"end":{"line":542,"column":62}}],"line":542},"65":{"loc":{"start":{"line":560,"column":28},"end":{"line":562,"column":49}},"type":"cond-expr","locations":[{"start":{"line":561,"column":12},"end":{"line":561,"column":66}},{"start":{"line":562,"column":12},"end":{"line":562,"column":49}}],"line":560},"66":{"loc":{"start":{"line":564,"column":8},"end":{"line":567,"column":9}},"type":"if","locations":[{"start":{"line":564,"column":8},"end":{"line":567,"column":9}},{"start":{},"end":{}}],"line":564},"67":{"loc":{"start":{"line":565,"column":10},"end":{"line":565,"column":63}},"type":"if","locations":[{"start":{"line":565,"column":10},"end":{"line":565,"column":63}},{"start":{},"end":{}}],"line":565},"68":{"loc":{"start":{"line":570,"column":8},"end":{"line":577,"column":9}},"type":"if","locations":[{"start":{"line":570,"column":8},"end":{"line":577,"column":9}},{"start":{},"end":{}}],"line":570},"69":{"loc":{"start":{"line":571,"column":10},"end":{"line":574,"column":11}},"type":"if","locations":[{"start":{"line":571,"column":10},"end":{"line":574,"column":11}},{"start":{},"end":{}}],"line":571},"70":{"loc":{"start":{"line":587,"column":32},"end":{"line":589,"column":51}},"type":"cond-expr","locations":[{"start":{"line":588,"column":12},"end":{"line":588,"column":68}},{"start":{"line":589,"column":12},"end":{"line":589,"column":51}}],"line":587},"71":{"loc":{"start":{"line":597,"column":12},"end":{"line":597,"column":38}},"type":"binary-expr","locations":[{"start":{"line":597,"column":12},"end":{"line":597,"column":33}},{"start":{"line":597,"column":37},"end":{"line":597,"column":38}}],"line":597},"72":{"loc":{"start":{"line":601,"column":8},"end":{"line":607,"column":9}},"type":"if","locations":[{"start":{"line":601,"column":8},"end":{"line":607,"column":9}},{"start":{},"end":{}}],"line":601},"73":{"loc":{"start":{"line":602,"column":10},"end":{"line":602,"column":63}},"type":"if","locations":[{"start":{"line":602,"column":10},"end":{"line":602,"column":63}},{"start":{},"end":{}}],"line":602},"74":{"loc":{"start":{"line":611,"column":8},"end":{"line":611,"column":54}},"type":"if","locations":[{"start":{"line":611,"column":8},"end":{"line":611,"column":54}},{"start":{},"end":{}}],"line":611},"75":{"loc":{"start":{"line":613,"column":8},"end":{"line":618,"column":9}},"type":"if","locations":[{"start":{"line":613,"column":8},"end":{"line":618,"column":9}},{"start":{"line":616,"column":15},"end":{"line":618,"column":9}}],"line":613},"76":{"loc":{"start":{"line":620,"column":8},"end":{"line":620,"column":61}},"type":"if","locations":[{"start":{"line":620,"column":8},"end":{"line":620,"column":61}},{"start":{},"end":{}}],"line":620},"77":{"loc":{"start":{"line":623,"column":8},"end":{"line":628,"column":9}},"type":"if","locations":[{"start":{"line":623,"column":8},"end":{"line":628,"column":9}},{"start":{},"end":{}}],"line":623},"78":{"loc":{"start":{"line":623,"column":12},"end":{"line":623,"column":95}},"type":"binary-expr","locations":[{"start":{"line":623,"column":12},"end":{"line":623,"column":32}},{"start":{"line":623,"column":36},"end":{"line":623,"column":95}}],"line":623},"79":{"loc":{"start":{"line":632,"column":8},"end":{"line":635,"column":9}},"type":"if","locations":[{"start":{"line":632,"column":8},"end":{"line":635,"column":9}},{"start":{},"end":{}}],"line":632},"80":{"loc":{"start":{"line":640,"column":6},"end":{"line":643,"column":7}},"type":"if","locations":[{"start":{"line":640,"column":6},"end":{"line":643,"column":7}},{"start":{},"end":{}}],"line":640},"81":{"loc":{"start":{"line":647,"column":6},"end":{"line":647,"column":48}},"type":"if","locations":[{"start":{"line":647,"column":6},"end":{"line":647,"column":48}},{"start":{},"end":{}}],"line":647},"82":{"loc":{"start":{"line":659,"column":19},"end":{"line":659,"column":57}},"type":"binary-expr","locations":[{"start":{"line":659,"column":19},"end":{"line":659,"column":36}},{"start":{"line":659,"column":40},"end":{"line":659,"column":57}}],"line":659},"83":{"loc":{"start":{"line":668,"column":4},"end":{"line":674,"column":5}},"type":"if","locations":[{"start":{"line":668,"column":4},"end":{"line":674,"column":5}},{"start":{},"end":{}}],"line":668},"84":{"loc":{"start":{"line":668,"column":8},"end":{"line":668,"column":46}},"type":"binary-expr","locations":[{"start":{"line":668,"column":8},"end":{"line":668,"column":22}},{"start":{"line":668,"column":26},"end":{"line":668,"column":46}}],"line":668},"85":{"loc":{"start":{"line":672,"column":36},"end":{"line":672,"column":56}},"type":"binary-expr","locations":[{"start":{"line":672,"column":36},"end":{"line":672,"column":50}},{"start":{"line":672,"column":54},"end":{"line":672,"column":56}}],"line":672},"86":{"loc":{"start":{"line":679,"column":4},"end":{"line":682,"column":5}},"type":"if","locations":[{"start":{"line":679,"column":4},"end":{"line":682,"column":5}},{"start":{},"end":{}}],"line":679},"87":{"loc":{"start":{"line":693,"column":4},"end":{"line":695,"column":5}},"type":"if","locations":[{"start":{"line":693,"column":4},"end":{"line":695,"column":5}},{"start":{},"end":{}}],"line":693},"88":{"loc":{"start":{"line":698,"column":4},"end":{"line":700,"column":5}},"type":"if","locations":[{"start":{"line":698,"column":4},"end":{"line":700,"column":5}},{"start":{},"end":{}}],"line":698},"89":{"loc":{"start":{"line":710,"column":38},"end":{"line":710,"column":100}},"type":"binary-expr","locations":[{"start":{"line":710,"column":38},"end":{"line":710,"column":42}},{"start":{"line":710,"column":46},"end":{"line":710,"column":76}},{"start":{"line":710,"column":80},"end":{"line":710,"column":100}}],"line":710},"90":{"loc":{"start":{"line":711,"column":30},"end":{"line":711,"column":68}},"type":"binary-expr","locations":[{"start":{"line":711,"column":30},"end":{"line":711,"column":39}},{"start":{"line":711,"column":43},"end":{"line":711,"column":68}}],"line":711},"91":{"loc":{"start":{"line":712,"column":28},"end":{"line":712,"column":62}},"type":"binary-expr","locations":[{"start":{"line":712,"column":28},"end":{"line":712,"column":35}},{"start":{"line":712,"column":39},"end":{"line":712,"column":62}}],"line":712},"92":{"loc":{"start":{"line":717,"column":21},"end":{"line":717,"column":49}},"type":"binary-expr","locations":[{"start":{"line":717,"column":21},"end":{"line":717,"column":25}},{"start":{"line":717,"column":29},"end":{"line":717,"column":49}}],"line":717},"93":{"loc":{"start":{"line":744,"column":4},"end":{"line":750,"column":5}},"type":"if","locations":[{"start":{"line":744,"column":4},"end":{"line":750,"column":5}},{"start":{},"end":{}}],"line":744},"94":{"loc":{"start":{"line":748,"column":44},"end":{"line":748,"column":70}},"type":"binary-expr","locations":[{"start":{"line":748,"column":44},"end":{"line":748,"column":64}},{"start":{"line":748,"column":68},"end":{"line":748,"column":70}}],"line":748},"95":{"loc":{"start":{"line":768,"column":4},"end":{"line":7
[...]
,"/Users/tannu/Capstone-Projects/current/campus-booking-system/backend/utils/sanitizeQuery.js": {"path":"/Users/tannu/Capstone-Projects/current/campus-booking-system/backend/utils/sanitizeQuery.js","statementMap":{"0":{"start":{"line":18,"column":22},"end":{"line":32,"column":1}},"1":{"start":{"line":20,"column":2},"end":{"line":22,"column":3}},"2":{"start":{"line":21,"column":4},"end":{"line":21,"column":16}},"3":{"start":{"line":25,"column":2},"end":{"line":28,"column":3}},"4":{"start":{"line":27,"column":4},"end":{"line":27,"column":16}},"5":{"start":{"line":31,"column":2},"end":{"line":31,"column":15}},"6":{"start":{"line":41,"column":22},"end":{"line":61,"column":1}},"7":{"start":{"line":42,"column":20},"end":{"line":42,"column":22}},"8":{"start":{"line":45,"column":26},"end":{"line":47,"column":24}},"9":{"start":{"line":49,"column":2},"end":{"line":58,"column":3}},"10":{"start":{"line":50,"column":4},"end":{"line":57,"column":5}},"11":{"start":{"line":51,"column":29},"end":{"line":51,"column":56}},"12":{"start":{"line":54,"column":6},"end":{"line":56,"column":7}},"13":{"start":{"line":55,"column":8},"end":{"line":55,"column":42}},"14":{"start":{"line":60,"column":2},"end":{"line":60,"column":19}},"15":{"start":{"line":70,"column":23},"end":{"line":85,"column":1}},"16":{"start":{"line":71,"column":20},"end":{"line":71,"column":40}},"17":{"start":{"line":73,"column":2},"end":{"line":75,"column":3}},"18":{"start":{"line":74,"column":4},"end":{"line":74,"column":16}},"19":{"start":{"line":77,"column":22},"end":{"line":77,"column":39}},"20":{"start":{"line":80,"column":2},"end":{"line":82,"column":3}},"21":{"start":{"line":81,"column":4},"end":{"line":81,"column":16}},"22":{"start":{"line":84,"column":2},"end":{"line":84,"column":21}},"23":{"start":{"line":93,"column":25},"end":{"line":108,"column":1}},"24":{"start":{"line":94,"column":20},"end":{"line":94,"column":40}},"25":{"start":{"line":96,"column":2},"end":{"line":98,"column":3}},"26":{"start":{"line":97,"column":4},"end":{"line":97,"column":16}},"27":{"start":{"line":100,"column":22},"end":{"line":100,"column":39}},"28":{"start":{"line":103,"column":2},"end":{"line":105,"column":3}},"29":{"start":{"line":104,"column":4},"end":{"line":104,"column":16}},"30":{"start":{"line":107,"column":2},"end":{"line":107,"column":21}},"31":{"start":{"line":120,"column":23},"end":{"line":145,"column":1}},"32":{"start":{"line":121,"column":53},"end":{"line":121,"column":60}},"33":{"start":{"line":123,"column":20},"end":{"line":123,"column":40}},"34":{"start":{"line":125,"column":2},"end":{"line":127,"column":3}},"35":{"start":{"line":126,"column":4},"end":{"line":126,"column":24}},"36":{"start":{"line":129,"column":19},"end":{"line":129,"column":36}},"37":{"start":{"line":132,"column":2},"end":{"line":134,"column":3}},"38":{"start":{"line":133,"column":4},"end":{"line":133,"column":24}},"39":{"start":{"line":137,"column":2},"end":{"line":139,"column":3}},"40":{"start":{"line":138,"column":4},"end":{"line":138,"column":24}},"41":{"start":{"line":140,"column":2},"end":{"line":142,"column":3}},"42":{"start":{"line":141,"column":4},"end":{"line":141,"column":24}},"43":{"start":{"line":144,"column":2},"end":{"line":144,"column":18}},"44":{"start":{"line":153,"column":21},"end":{"line":168,"column":1}},"45":{"start":{"line":154,"column":20},"end":{"line":154,"column":40}},"46":{"start":{"line":156,"column":2},"end":{"line":158,"column":3}},"47":{"start":{"line":157,"column":4},"end":{"line":157,"column":16}},"48":{"start":{"line":160,"column":15},"end":{"line":160,"column":34}},"49":{"start":{"line":163,"column":2},"end":{"line":165,"column":3}},"50":{"start":{"line":164,"column":4},"end":{"line":164,"column":16}},"51":{"start":{"line":167,"column":2},"end":{"line":167,"column":14}},"52":{"start":{"line":178,"column":29},"end":{"line":196,"column":1}},"53":{"start":{"line":179,"column":29},"end":{"line":179,"column":36}},"54":{"start":{"line":180,"column":20},"end":{"line":180,"column":41}},"55":{"start":{"line":182,"column":2},"end":{"line":184,"column":3}},"56":{"start":{"line":183,"column":4},"end":{"line":183,"column":16}},"57":{"start":{"line":186,"column":18},"end":{"line":186,"column":34}},"58":{"start":{"line":187,"column":2},"end":{"line":189,"column":3}},"59":{"start":{"line":188,"column":4},"end":{"line":188,"column":16}},"60":{"start":{"line":191,"column":2},"end":{"line":193,"column":3}},"61":{"start":{"line":192,"column":4},"end":{"line":192,"column":16}},"62":{"start":{"line":195,"column":2},"end":{"line":195,"column":56}},"63":{"start":{"line":202,"column":32},"end":{"line":219,"column":1}},"64":{"start":{"line":203,"column":2},"end":{"line":217,"column":3}},"65":{"start":{"line":204,"column":4},"end":{"line":216,"column":5}},"66":{"start":{"line":205,"column":20},"end":{"line":205,"column":34}},"67":{"start":{"line":208,"column":6},"end":{"line":215,"column":7}},"68":{"start":{"line":209,"column":8},"end":{"line":214,"column":11}},"69":{"start":{"line":218,"column":2},"end":{"line":218,"column":9}},"70":{"start":{"line":221,"column":0},"end":{"line":230,"column":2}}},"fnMap":{"0":{"name":"(anonymous_0)","decl":{"start":{"line":18,"column":22},"end":{"line":18,"column":23}},"loc":{"start":{"line":18,"column":33},"end":{"line":32,"column":1}},"line":18},"1":{"name":"(anonymous_1)","decl":{"start":{"line":41,"column":22},"end":{"line":41,"column":23}},"loc":{"start":{"line":41,"column":53},"end":{"line":61,"column":1}},"line":41},"2":{"name":"(anonymous_2)","decl":{"start":{"line":70,"column":23},"end":{"line":70,"column":24}},"loc":{"start":{"line":70,"column":54},"end":{"line":85,"column":1}},"line":70},"3":{"name":"(anonymous_3)","decl":{"start":{"line":93,"column":25},"end":{"line":93,"column":26}},"loc":{"start":{"line":93,"column":36},"end":{"line":108,"column":1}},"line":93},"4":{"name":"(anonymous_4)","decl":{"start":{"line":120,"column":23},"end":{"line":120,"column":24}},"loc":{"start":{"line":120,"column":48},"end":{"line":145,"column":1}},"line":120},"5":{"name":"(anonymous_5)","decl":{"start":{"line":153,"column":21},"end":{"line":153,"column":22}},"loc":{"start":{"line":153,"column":32},"end":{"line":168,"column":1}},"line":153},"6":{"name":"(anonymous_6)","decl":{"start":{"line":178,"column":29},"end":{"line":178,"column":30}},"loc":{"start":{"line":178,"column":54},"end":{"line":196,"column":1}},"line":178},"7":{"name":"(anonymous_7)","decl":{"start":{"line":202,"column":32},"end":{"line":202,"column":33}},"loc":{"start":{"line":202,"column":52},"end":{"line":219,"column":1}},"line":202}},"branchMap":{"0":{"loc":{"start":{"line":20,"column":2},"end":{"line":22,"column":3}},"type":"if","locations":[{"start":{"line":20,"column":2},"end":{"line":22,"column":3}},{"start":{},"end":{}}],"line":20},"1":{"loc":{"start":{"line":20,"column":6},"end":{"line":20,"column":43}},"type":"binary-expr","locations":[{"start":{"line":20,"column":6},"end":{"line":20,"column":20}},{"start":{"line":20,"column":24},"end":{"line":20,"column":43}}],"line":20},"2":{"loc":{"start":{"line":25,"column":2},"end":{"line":28,"column":3}},"type":"if","locations":[{"start":{"line":25,"column":2},"end":{"line":28,"column":3}},{"start":{},"end":{}}],"line":25},"3":{"loc":{"start":{"line":41,"column":30},"end":{"line":41,"column":48}},"type":"default-arg","locations":[{"start":{"line":41,"column":46},"end":{"line":41,"column":48}}],"line":41},"4":{"loc":{"start":{"line":45,"column":26},"end":{"line":47,"column":24}},"type":"cond-expr","locations":[{"start":{"line":46,"column":6},"end":{"line":46,"column":19}},{"start":{"line":47,"column":6},"end":{"line":47,"column":24}}],"line":45},"5":{"loc":{"start":{"line":50,"column":4},"end":{"line":57,"column":5}},"type":"if","locations":[{"start":{"line":50,"column":4},"end":{"line":57,"column":5}},{"start":{},"end":{}}],"line":50},"6":{"loc":{"start":{"line":54,"column":6},"end":{"line":56,"column":7}},"type":"if","locations":[{"start":{"line":54,"column":6},"end":{"line":56,"column":7}},{"start":{},"end":{}}],"line":54},"7":{"loc":{"start":{"line":70,"column":31},"end":{"line":70,"column":49}},"type":"default-arg","locations":[{"start":{"line":70,"column":47},"end":{"line":70,"column":49}}],"line":70},"8":{"loc":{"start":{"line":73,"column":2},"end":{"line":75,"column":3}},"type":"if","locations":[{"start":{"line":73,"column":2},"end":{"line":75,"column":3}},{"start":{},"end":{}}],"line":73},"9":{"loc":{"start":{"line":80,"column":2},"end":{"line":82,"column":3}},"type":"if","locations":[{"start":{"line":80,"column":2},"end":{"line":82,"column":3}},{"start":{},"end":{}}],"line":80},"10":{"loc":{"start":{"line":80,"column":6},"end":{"line":80,"column":70}},"type":"binary-expr","locations":[{"start":{"line":80,"column":6},"end":{"line":80,"column":30}},{"start":{"line":80,"column":34},"end":{"line":80,"column":70}}],"line":80},"11":{"loc":{"start":{"line":96,"column":2},"end":{"line":98,"column":3}},"type":"if","locations":[{"start":{"line":96,"column":2},"end":{"line":98,"column":3}},{"start":{},"end":{}}],"line":96},"12":{"loc":{"start":{"line":103,"column":2},"end":{"line":105,"column":3}},"type":"if","locations":[{"start":{"line":103,"column":2},"end":{"line":105,"column":3}},{"start":{},"end":{}}],"line":103},"13":{"loc":{"start":{"line":120,"column":31},"end":{"line":120,"column":43}},"type":"default-arg","locations":[{"start":{"line":120,"column":41},"end":{"line":120,"column":43}}],"line":120},"14":{"loc":{"start":{"line":121,"column":29},"end":{"line":121,"column":48}},"type":"default-arg","locations":[{"start":{"line":121,"column":44},"end":{"line":121,"column":48}}],"line":121},"15":{"loc":{"start":{"line":125,"column":2},"end":{"line":127,"column":3}},"type":"if","locations":[{"start":{"line":125,"column":2},"end":{"line":127,"column":3}},{"start":{},"end":{}}],"line":125},"16":{"loc":{"start":{"line":132,"column":2},"end":{"line":134,"column":3}},"type":"if","locations":[{"start":{"line":132,"column":2},"end":{"line":134,"column":3}},{"start":{},"end":{}}],"line":132},"17":{"loc":{"start":{"line":137,"column":2},"end":{"line":139,"column":3}},"type":"if","locations":[{"start":{"line":137,"column":2},"end":{"line":139,"column":3}},{"start":{},"end":{}}],"line":137},"18":{"loc":{"start":{"line":137,"column":6},"end":{"line":137,"column":41}},"type":"binary-expr","locations":[{"start":{"line":137,"column":6},"end":{"line":137,"column":23}},{"start":{"line":137,"column":27},"end":{"line":137,"column":41}}],"line":137},"19":{"loc":{"start":{"line":140,"column":2},"end":{"line":142,"column":3}},"type":"if","locations":[{"start":{"line":140,"column":2},"end":{"line":142,"column":3}},{"start":{},"end":{}}],"line":140},"20":{"loc":{"start":{"line":140,"column":6},"end":{"line":140,"column":41}},"type":"binary-expr","locations":[{"start":{"line":140,"column":6},"end":{"line":140,"column":23}},{"start":{"line":140,"column":27},"end":{"line":140,"column":41}}],"line":140},"21":{"loc":{"start":{"line":156,"column":2},"end":{"line":158,"column":3}},"type":"if","locations":[{"start":{"line":156,"column":2},"end":{"line":158,"column":3}},{"start":{},"end":{}}],"line":156},"22":{"loc":{"start":{"line":163,"column":2},"end":{"line":165,"column":3}},"type":"if","locations":[{"start":{"line":163,"column":2},"end":{"line":165,"column":3}},{"start":{},"end":{}}],"line":163},"23":{"loc":{"start":{"line":178,"column":37},"end":{"line":178,"column":49}},"type":"default-arg","locations":[{"start":{"line":178,"column":47},"end":{"line":178,"column":49}}],"line":178},"24":{"loc":{"start":{"line":179,"column":10},"end":{"line":179,"column":24}},"type":"default-arg","locations":[{"start":{"line":179,"column":22},"end":{"line":179,"column":24}}],"line":179},"25":{"loc":{"start":{"line":182,"column":2},"end":{"line":184,"column":3}},"type":"if","locations":[{"start":{"line":182,"column":2},"end":{"line":184,"column":3}},{"start":{},"end":{}}],"line":182},"26":{"loc":{"start":{"line":187,"column":2},"end":{"line":189,"column":3}},"type":"if","locations":[{"start":{"line":187,"column":2},"end":{"line":189,"column":3}},{"start":{},"end":{}}],"line":187},"27":{"loc":{"start":{"line":191,"column":2},"end":{"line":193,"column":3}},"type":"if","locations":[{"start":{"line":191,"column":2},"end":{"line":193,"column":3}},{"start":{},"end":{}}],"line":191},"28":{"loc":{"start":{"line":203,"column":2},"end":{"line":217,"column":3}},"type":"if","locations":[{"start":{"line":203,"column":2},"end":{"line":217,"column":3}},{"start":{},"end":{}}],"line":203},"29":{"loc":{"start":{"line":208,"column":6},"end":{"line":215,"column":7}},"type":"if","locations":[{"start":{"line":208,"column":6},"end":{"line":215,"column":7}},{"start":{},"end":{}}],"line":208},"30":{"loc":{"start":{"line":208,"column":10},"end":{"line":208,"column":53}},"type":"binary-expr","locations":[{"start":{"line":208,"column":10},"end":{"line":208,"column":35}},{"start":{"line":208,"column":39},"end":{"line":208,"column":53}}],"line":208}},"s":{"0":10,"1":103,"2":27,"3":76,"4":19,"5":57,"6":10,"7":0,"8":0,"9":0,"10":0,"11":0,"12":0,"13":0,"14":0,"15":10,"16":50,"17":50,"18":20,"19":30,"20":30,"21":5,"22":25,"23":10,"24":8,"25":8,"26":2,"27":6,"28":6,"29":5,"30":1,"31":10,"32":25,"33":25,"34":25,"35":10,"36":15,"37":15,"38":3,"39":12,"40":1,"41":11,"42":1,"43":10,"44":10,"45":6,"46":6,"47":3,"48":3,"49":3,"50":2,"51":1,"52":10,"53":2,"54":2,"55":2,"56":0,"57":2,"58":2,"59":0,"60":2,"61":0,"62":2,"63":10,"64":0,"65":0,"66":0,"67":0,"68":0,"69":0,"70":10},"f":{"0":103,"1":0,"2":50,"3":8,"4":25,"5":6,"6":2,"7":0},"b":{"0":[27,76],"1":[103,101],"2":[19,57],"3":[0],"4":[0,0],"5":[0,0],"6":[0,0],"7":[28],"8":[20,30],"9":[5,25],"10":[30,14],"11":[2,6],"12":[5,1],"13":[12],"14":[19],"15":[10,15],"16":[3,12],"17":[1,11],"18":[12,3],"19":[1,10],"20":[11,2],"21":[3,3],"22":[2,1],"23":[0],"24":[0],"25":[0,2],"26":[0,2],"27":[0,2],"28":[0,0],"29":[0,0],"30":[0,0]},"_coverageSchema":"1a1c01bbd47fc00a2c39e90264f33305004495a9","hash":"b2420106dc7451dee41cc09fc586adcab986a658"}
,"/Users/tannu/Capstone-Projects/current/campus-booking-system/backend/utils/tokenRevocation.js": {"path":"/Users/tannu/Capstone-Projects/current/campus-booking-system/backend/utils/tokenRevocation.js","statementMap":{"0":{"start":{"line":1,"column":12},"end":{"line":1,"column":35}},"1":{"start":{"line":2,"column":21},"end":{"line":2,"column":54}},"2":{"start":{"line":4,"column":25},"end":{"line":16,"column":1}},"3":{"start":{"line":5,"column":18},"end":{"line":5,"column":35}},"4":{"start":{"line":6,"column":2},"end":{"line":8,"column":3}},"5":{"start":{"line":7,"column":4},"end":{"line":7,"column":16}},"6":{"start":{"line":10,"column":20},"end":{"line":10,"column":69}},"7":{"start":{"line":11,"column":2},"end":{"line":15,"column":4}},"8":{"start":{"line":18,"column":20},"end":{"line":25,"column":1}},"9":{"start":{"line":19,"column":2},"end":{"line":19,"column":33}},"10":{"start":{"line":19,"column":26},"end":{"line":19,"column":33}},"11":{"start":{"line":20,"column":2},"end":{"line":24,"column":4}},"12":{"start":{"line":27,"column":26},"end":{"line":31,"column":1}},"13":{"start":{"line":28,"column":15},"end":{"line":28,"column":38}},"14":{"start":{"line":29,"column":2},"end":{"line":29,"column":20}},"15":{"start":{"line":29,"column":13},"end":{"line":29,"column":20}},"16":{"start":{"line":30,"column":2},"end":{"line":30,"column":26}},"17":{"start":{"line":33,"column":18},"end":{"line":37,"column":1}},"18":{"start":{"line":34,"column":2},"end":{"line":34,"column":25}},"19":{"start":{"line":34,"column":12},"end":{"line":34,"column":25}},"20":{"start":{"line":35,"column":18},"end":{"line":35,"column":52}},"21":{"start":{"line":36,"column":2},"end":{"line":36,"column":26}},"22":{"start":{"line":39,"column":0},"end":{"line":44,"column":2}}},"fnMap":{"0":{"name":"(anonymous_0)","decl":{"start":{"line":4,"column":25},"end":{"line":4,"column":26}},"loc":{"start":{"line":4,"column":36},"end":{"line":16,"column":1}},"line":4},"1":{"name":"(anonymous_1)","decl":{"start":{"line":18,"column":20},"end":{"line":18,"column":21}},"loc":{"start":{"line":18,"column":56},"end":{"line":25,"column":1}},"line":18},"2":{"name":"(anonymous_2)","decl":{"start":{"line":27,"column":26},"end":{"line":27,"column":27}},"loc":{"start":{"line":27,"column":43},"end":{"line":31,"column":1}},"line":27},"3":{"name":"(anonymous_3)","decl":{"start":{"line":33,"column":18},"end":{"line":33,"column":19}},"loc":{"start":{"line":33,"column":33},"end":{"line":37,"column":1}},"line":33}},"branchMap":{"0":{"loc":{"start":{"line":6,"column":2},"end":{"line":8,"column":3}},"type":"if","locations":[{"start":{"line":6,"column":2},"end":{"line":8,"column":3}},{"start":{},"end":{}}],"line":6},"1":{"loc":{"start":{"line":6,"column":6},"end":{"line":6,"column":36}},"type":"binary-expr","locations":[{"start":{"line":6,"column":6},"end":{"line":6,"column":19}},{"start":{"line":6,"column":23},"end":{"line":6,"column":36}}],"line":6},"2":{"loc":{"start":{"line":10,"column":20},"end":{"line":10,"column":69}},"type":"cond-expr","locations":[{"start":{"line":10,"column":49},"end":{"line":10,"column":58}},{"start":{"line":10,"column":61},"end":{"line":10,"column":69}}],"line":10},"3":{"loc":{"start":{"line":19,"column":2},"end":{"line":19,"column":33}},"type":"if","locations":[{"start":{"line":19,"column":2},"end":{"line":19,"column":33}},{"start":{},"end":{}}],"line":19},"4":{"loc":{"start":{"line":19,"column":6},"end":{"line":19,"column":24}},"type":"binary-expr","locations":[{"start":{"line":19,"column":6},"end":{"line":19,"column":10}},{"start":{"line":19,"column":14},"end":{"line":19,"column":24}}],"line":19},"5":{"loc":{"start":{"line":29,"column":2},"end":{"line":29,"column":20}},"type":"if","locations":[{"start":{"line":29,"column":2},"end":{"line":29,"column":20}},{"start":{},"end":{}}],"line":29},"6":{"loc":{"start":{"line":34,"column":2},"end":{"line":34,"column":25}},"type":"if","locations":[{"start":{"line":34,"column":2},"end":{"line":34,"column":25}},{"start":{},"end":{}}],"line":34}},"s":{"0":9,"1":9,"2":9,"3":0,"4":0,"5":0,"6":0,"7":0,"8":9,"9":0,"10":0,"11":0,"12":9,"13":0,"14":0,"15":0,"16":0,"17":9,"18":77,"19":77,"20":0,"21":0,"22":9},"f":{"0":0,"1":0,"2":0,"3":77},"b":{"0":[0,0],"1":[0,0],"2":[0,0],"3":[0,0],"4":[0,0],"5":[0,0],"6":[77,0]},"_coverageSchema":"1a1c01bbd47fc00a2c39e90264f33305004495a9","hash":"d5979c56a11bd94979b83433d8461ee74d4973b3"}
}
