{"/Users/tannu/Capstone-Projects/current/campus-booking-system/backend/controllers/auditController.js": {"path":"/Users/tannu/Capstone-Projects/current/campus-booking-system/backend/controllers/auditController.js","statementMap":{"0":{"start":{"line":1,"column":17},"end":{"line":1,"column":46}},"1":{"start":{"line":5,"column":21},"end":{"line":38,"column":1}},"2":{"start":{"line":6,"column":2},"end":{"line":37,"column":3}},"3":{"start":{"line":7,"column":90},"end":{"line":7,"column":99}},"4":{"start":{"line":8,"column":19},"end":{"line":8,"column":21}},"5":{"start":{"line":10,"column":4},"end":{"line":10,"column":39}},"6":{"start":{"line":10,"column":16},"end":{"line":10,"column":39}},"7":{"start":{"line":11,"column":4},"end":{"line":11,"column":51}},"8":{"start":{"line":11,"column":20},"end":{"line":11,"column":51}},"9":{"start":{"line":12,"column":4},"end":{"line":12,"column":54}},"10":{"start":{"line":12,"column":21},"end":{"line":12,"column":54}},"11":{"start":{"line":13,"column":4},"end":{"line":17,"column":5}},"12":{"start":{"line":14,"column":6},"end":{"line":14,"column":28}},"13":{"start":{"line":15,"column":6},"end":{"line":15,"column":65}},"14":{"start":{"line":15,"column":21},"end":{"line":15,"column":65}},"15":{"start":{"line":16,"column":6},"end":{"line":16,"column":61}},"16":{"start":{"line":16,"column":19},"end":{"line":16,"column":61}},"17":{"start":{"line":19,"column":17},"end":{"line":19,"column":55}},"18":{"start":{"line":20,"column":26},"end":{"line":27,"column":6}},"19":{"start":{"line":29,"column":4},"end":{"line":34,"column":7}},"20":{"start":{"line":36,"column":4},"end":{"line":36,"column":53}},"21":{"start":{"line":42,"column":26},"end":{"line":54,"column":1}},"22":{"start":{"line":43,"column":2},"end":{"line":53,"column":3}},"23":{"start":{"line":44,"column":27},"end":{"line":44,"column":36}},"24":{"start":{"line":45,"column":17},"end":{"line":48,"column":29}},"25":{"start":{"line":50,"column":4},"end":{"line":50,"column":19}},"26":{"start":{"line":52,"column":4},"end":{"line":52,"column":53}},"27":{"start":{"line":58,"column":23},"end":{"line":65,"column":1}},"28":{"start":{"line":59,"column":2},"end":{"line":64,"column":3}},"29":{"start":{"line":60,"column":20},"end":{"line":60,"column":53}},"30":{"start":{"line":61,"column":4},"end":{"line":61,"column":29}},"31":{"start":{"line":63,"column":4},"end":{"line":63,"column":53}},"32":{"start":{"line":67,"column":0},"end":{"line":67,"column":69}}},"fnMap":{"0":{"name":"(anonymous_0)","decl":{"start":{"line":5,"column":21},"end":{"line":5,"column":22}},"loc":{"start":{"line":5,"column":41},"end":{"line":38,"column":1}},"line":5},"1":{"name":"(anonymous_1)","decl":{"start":{"line":42,"column":26},"end":{"line":42,"column":27}},"loc":{"start":{"line":42,"column":46},"end":{"line":54,"column":1}},"line":42},"2":{"name":"(anonymous_2)","decl":{"start":{"line":58,"column":23},"end":{"line":58,"column":24}},"loc":{"start":{"line":58,"column":43},"end":{"line":65,"column":1}},"line":58}},"branchMap":{"0":{"loc":{"start":{"line":7,"column":65},"end":{"line":7,"column":73}},"type":"default-arg","locations":[{"start":{"line":7,"column":72},"end":{"line":7,"column":73}}],"line":7},"1":{"loc":{"start":{"line":7,"column":75},"end":{"line":7,"column":85}},"type":"default-arg","locations":[{"start":{"line":7,"column":83},"end":{"line":7,"column":85}}],"line":7},"2":{"loc":{"start":{"line":10,"column":4},"end":{"line":10,"column":39}},"type":"if","locations":[{"start":{"line":10,"column":4},"end":{"line":10,"column":39}},{"start":{},"end":{}}],"line":10},"3":{"loc":{"start":{"line":11,"column":4},"end":{"line":11,"column":51}},"type":"if","locations":[{"start":{"line":11,"column":4},"end":{"line":11,"column":51}},{"start":{},"end":{}}],"line":11},"4":{"loc":{"start":{"line":12,"column":4},"end":{"line":12,"column":54}},"type":"if","locations":[{"start":{"line":12,"column":4},"end":{"line":12,"column":54}},{"start":{},"end":{}}],"line":12},"5":{"loc":{"start":{"line":13,"column":4},"end":{"line":17,"column":5}},"type":"if","locations":[{"start":{"line":13,"column":4},"end":{"line":17,"column":5}},{"start":{},"end":{}}],"line":13},"6":{"loc":{"start":{"line":13,"column":8},"end":{"line":13,"column":28}},"type":"binary-expr","locations":[{"start":{"line":13,"column":8},"end":{"line":13,"column":17}},{"start":{"line":13,"column":21},"end":{"line":13,"column":28}}],"line":13},"7":{"loc":{"start":{"line":15,"column":6},"end":{"line":15,"column":65}},"type":"if","locations":[{"start":{"line":15,"column":6},"end":{"line":15,"column":65}},{"start":{},"end":{}}],"line":15},"8":{"loc":{"start":{"line":16,"column":6},"end":{"line":16,"column":61}},"type":"if","locations":[{"start":{"line":16,"column":6},"end":{"line":16,"column":61}},{"start":{},"end":{}}],"line":16},"9":{"loc":{"start":{"line":44,"column":12},"end":{"line":44,"column":22}},"type":"default-arg","locations":[{"start":{"line":44,"column":20},"end":{"line":44,"column":22}}],"line":44}},"s":{"0":0,"1":0,"2":0,"3":0,"4":0,"5":0,"6":0,"7":0,"8":0,"9":0,"10":0,"11":0,"12":0,"13":0,"14":0,"15":0,"16":0,"17":0,"18":0,"19":0,"20":0,"21":0,"22":0,"23":0,"24":0,"25":0,"26":0,"27":0,"28":0,"29":0,"30":0,"31":0,"32":0},"f":{"0":0,"1":0,"2":0},"b":{"0":[0],"1":[0],"2":[0,0],"3":[0,0],"4":[0,0],"5":[0,0],"6":[0,0],"7":[0,0],"8":[0,0],"9":[0]}}
,"/Users/tannu/Capstone-Projects/current/campus-booking-system/backend/controllers/authController.js": {"path":"/Users/tannu/Capstone-Projects/current/campus-booking-system/backend/controllers/authController.js","statementMap":{"0":{"start":{"line":1,"column":13},"end":{"line":1,"column":38}},"1":{"start":{"line":2,"column":12},"end":{"line":2,"column":35}},"2":{"start":{"line":3,"column":22},"end":{"line":3,"column":49}},"3":{"start":{"line":4,"column":25},"end":{"line":4,"column":59}},"4":{"start":{"line":5,"column":21},"end":{"line":5,"column":52}},"5":{"start":{"line":7,"column":22},"end":{"line":11,"column":1}},"6":{"start":{"line":8,"column":2},"end":{"line":10,"column":5}},"7":{"start":{"line":15,"column":17},"end":{"line":49,"column":1}},"8":{"start":{"line":16,"column":2},"end":{"line":48,"column":3}},"9":{"start":{"line":17,"column":57},"end":{"line":17,"column":65}},"10":{"start":{"line":19,"column":23},"end":{"line":19,"column":52}},"11":{"start":{"line":20,"column":4},"end":{"line":22,"column":5}},"12":{"start":{"line":21,"column":6},"end":{"line":21,"column":70}},"13":{"start":{"line":24,"column":17},"end":{"line":24,"column":80}},"14":{"start":{"line":26,"column":4},"end":{"line":32,"column":7}},"15":{"start":{"line":35,"column":4},"end":{"line":35,"column":86}},"16":{"start":{"line":37,"column":4},"end":{"line":45,"column":7}},"17":{"start":{"line":47,"column":4},"end":{"line":47,"column":53}},"18":{"start":{"line":53,"column":14},"end":{"line":110,"column":1}},"19":{"start":{"line":54,"column":2},"end":{"line":109,"column":3}},"20":{"start":{"line":55,"column":32},"end":{"line":55,"column":40}},"21":{"start":{"line":57,"column":17},"end":{"line":57,"column":46}},"22":{"start":{"line":58,"column":4},"end":{"line":60,"column":5}},"23":{"start":{"line":59,"column":6},"end":{"line":59,"column":76}},"24":{"start":{"line":63,"column":4},"end":{"line":65,"column":5}},"25":{"start":{"line":64,"column":6},"end":{"line":64,"column":95}},"26":{"start":{"line":68,"column":4},"end":{"line":81,"column":5}},"27":{"start":{"line":69,"column":6},"end":{"line":80,"column":7}},"28":{"start":{"line":70,"column":8},"end":{"line":70,"column":31}},"29":{"start":{"line":71,"column":8},"end":{"line":71,"column":32}},"30":{"start":{"line":72,"column":8},"end":{"line":72,"column":35}},"31":{"start":{"line":73,"column":8},"end":{"line":73,"column":26}},"32":{"start":{"line":75,"column":8},"end":{"line":79,"column":11}},"33":{"start":{"line":83,"column":4},"end":{"line":106,"column":5}},"34":{"start":{"line":84,"column":6},"end":{"line":84,"column":34}},"35":{"start":{"line":85,"column":6},"end":{"line":85,"column":24}},"36":{"start":{"line":87,"column":6},"end":{"line":93,"column":9}},"37":{"start":{"line":95,"column":6},"end":{"line":103,"column":9}},"38":{"start":{"line":105,"column":6},"end":{"line":105,"column":69}},"39":{"start":{"line":108,"column":4},"end":{"line":108,"column":53}},"40":{"start":{"line":114,"column":14},"end":{"line":116,"column":1}},"41":{"start":{"line":115,"column":2},"end":{"line":115,"column":21}},"42":{"start":{"line":118,"column":0},"end":{"line":118,"column":44}}},"fnMap":{"0":{"name":"(anonymous_0)","decl":{"start":{"line":7,"column":22},"end":{"line":7,"column":23}},"loc":{"start":{"line":7,"column":30},"end":{"line":11,"column":1}},"line":7},"1":{"name":"(anonymous_1)","decl":{"start":{"line":15,"column":17},"end":{"line":15,"column":18}},"loc":{"start":{"line":15,"column":37},"end":{"line":49,"column":1}},"line":15},"2":{"name":"(anonymous_2)","decl":{"start":{"line":35,"column":76},"end":{"line":35,"column":77}},"loc":{"start":{"line":35,"column":82},"end":{"line":35,"column":84}},"line":35},"3":{"name":"(anonymous_3)","decl":{"start":{"line":53,"column":14},"end":{"line":53,"column":15}},"loc":{"start":{"line":53,"column":34},"end":{"line":110,"column":1}},"line":53},"4":{"name":"(anonymous_4)","decl":{"start":{"line":114,"column":14},"end":{"line":114,"column":15}},"loc":{"start":{"line":114,"column":34},"end":{"line":116,"column":1}},"line":114}},"branchMap":{"0":{"loc":{"start":{"line":8,"column":26},"end":{"line":8,"column":75}},"type":"binary-expr","locations":[{"start":{"line":8,"column":26},"end":{"line":8,"column":48}},{"start":{"line":8,"column":52},"end":{"line":8,"column":75}}],"line":8},"1":{"loc":{"start":{"line":20,"column":4},"end":{"line":22,"column":5}},"type":"if","locations":[{"start":{"line":20,"column":4},"end":{"line":22,"column":5}},{"start":{},"end":{}}],"line":20},"2":{"loc":{"start":{"line":58,"column":4},"end":{"line":60,"column":5}},"type":"if","locations":[{"start":{"line":58,"column":4},"end":{"line":60,"column":5}},{"start":{},"end":{}}],"line":58},"3":{"loc":{"start":{"line":63,"column":4},"end":{"line":65,"column":5}},"type":"if","locations":[{"start":{"line":63,"column":4},"end":{"line":65,"column":5}},{"start":{},"end":{}}],"line":63},"4":{"loc":{"start":{"line":68,"column":4},"end":{"line":81,"column":5}},"type":"if","locations":[{"start":{"line":68,"column":4},"end":{"line":81,"column":5}},{"start":{},"end":{}}],"line":68},"5":{"loc":{"start":{"line":69,"column":6},"end":{"line":80,"column":7}},"type":"if","locations":[{"start":{"line":69,"column":6},"end":{"line":80,"column":7}},{"start":{"line":74,"column":13},"end":{"line":80,"column":7}}],"line":69},"6":{"loc":{"start":{"line":69,"column":10},"end":{"line":69,"column":65}},"type":"binary-expr","locations":[{"start":{"line":69,"column":10},"end":{"line":69,"column":29}},{"start":{"line":69,"column":33},"end":{"line":69,"column":65}}],"line":69},"7":{"loc":{"start":{"line":83,"column":4},"end":{"line":106,"column":5}},"type":"if","locations":[{"start":{"line":83,"column":4},"end":{"line":106,"column":5}},{"start":{"line":104,"column":11},"end":{"line":106,"column":5}}],"line":83}},"s":{"0":1,"1":1,"2":1,"3":1,"4":1,"5":1,"6":0,"7":1,"8":0,"9":0,"10":0,"11":0,"12":0,"13":0,"14":0,"15":0,"16":0,"17":0,"18":1,"19":0,"20":0,"21":0,"22":0,"23":0,"24":0,"25":0,"26":0,"27":0,"28":0,"29":0,"30":0,"31":0,"32":0,"33":0,"34":0,"35":0,"36":0,"37":0,"38":0,"39":0,"40":1,"41":0,"42":1},"f":{"0":0,"1":0,"2":0,"3":0,"4":0},"b":{"0":[0,0],"1":[0,0],"2":[0,0],"3":[0,0],"4":[0,0],"5":[0,0],"6":[0,0],"7":[0,0]},"_coverageSchema":"1a1c01bbd47fc00a2c39e90264f33305004495a9","hash":"7e1011d4ff50224e9ce699af24b468b1c72aaf21"}
,"/Users/tannu/Capstone-Projects/current/campus-booking-system/backend/controllers/bookingController.js": {"path":"/Users/tannu/Capstone-Projects/current/campus-booking-system/backend/controllers/bookingController.js","statementMap":{"0":{"start":{"line":1,"column":16},"end":{"line":1,"column":44}},"1":{"start":{"line":2,"column":13},"end":{"line":2,"column":38}},"2":{"start":{"line":3,"column":13},"end":{"line":3,"column":38}},"3":{"start":{"line":4,"column":22},"end":{"line":4,"column":49}},"4":{"start":{"line":5,"column":57},"end":{"line":5,"column":91}},"5":{"start":{"line":6,"column":87},"end":{"line":6,"column":123}},"6":{"start":{"line":7,"column":21},"end":{"line":7,"column":52}},"7":{"start":{"line":11,"column":22},"end":{"line":138,"column":1}},"8":{"start":{"line":12,"column":2},"end":{"line":137,"column":3}},"9":{"start":{"line":13,"column":78},"end":{"line":13,"column":86}},"10":{"start":{"line":16,"column":17},"end":{"line":16,"column":50}},"11":{"start":{"line":17,"column":20},"end":{"line":17,"column":34}},"12":{"start":{"line":18,"column":4},"end":{"line":20,"column":5}},"13":{"start":{"line":19,"column":6},"end":{"line":19,"column":107}},"14":{"start":{"line":23,"column":27},"end":{"line":27,"column":6}},"15":{"start":{"line":29,"column":4},"end":{"line":36,"column":5}},"16":{"start":{"line":30,"column":6},"end":{"line":35,"column":9}},"17":{"start":{"line":39,"column":20},"end":{"line":39,"column":45}},"18":{"start":{"line":40,"column":4},"end":{"line":42,"column":5}},"19":{"start":{"line":41,"column":6},"end":{"line":41,"column":65}},"20":{"start":{"line":43,"column":4},"end":{"line":45,"column":5}},"21":{"start":{"line":44,"column":6},"end":{"line":44,"column":113}},"22":{"start":{"line":48,"column":23},"end":{"line":48,"column":99}},"23":{"start":{"line":49,"column":4},"end":{"line":51,"column":5}},"24":{"start":{"line":50,"column":6},"end":{"line":50,"column":95}},"25":{"start":{"line":54,"column":24},"end":{"line":54,"column":38}},"26":{"start":{"line":55,"column":29},"end":{"line":59,"column":6}},"27":{"start":{"line":61,"column":22},"end":{"line":63,"column":5}},"28":{"start":{"line":62,"column":6},"end":{"line":62,"column":116}},"29":{"start":{"line":65,"column":4},"end":{"line":87,"column":5}},"30":{"start":{"line":67,"column":31},"end":{"line":72,"column":61}},"31":{"start":{"line":74,"column":6},"end":{"line":86,"column":9}},"32":{"start":{"line":77,"column":50},"end":{"line":83,"column":9}},"33":{"start":{"line":90,"column":26},"end":{"line":90,"column":75}},"34":{"start":{"line":91,"column":29},"end":{"line":91,"column":55}},"35":{"start":{"line":94,"column":20},"end":{"line":105,"column":6}},"36":{"start":{"line":107,"column":22},"end":{"line":107,"column":62}},"37":{"start":{"line":110,"column":4},"end":{"line":123,"column":7}},"38":{"start":{"line":126,"column":4},"end":{"line":132,"column":22}},"39":{"start":{"line":134,"column":4},"end":{"line":134,"column":36}},"40":{"start":{"line":136,"column":4},"end":{"line":136,"column":53}},"41":{"start":{"line":142,"column":22},"end":{"line":151,"column":1}},"42":{"start":{"line":143,"column":2},"end":{"line":150,"column":3}},"43":{"start":{"line":144,"column":21},"end":{"line":146,"column":25}},"44":{"start":{"line":147,"column":4},"end":{"line":147,"column":23}},"45":{"start":{"line":149,"column":4},"end":{"line":149,"column":53}},"46":{"start":{"line":155,"column":23},"end":{"line":186,"column":1}},"47":{"start":{"line":156,"column":2},"end":{"line":185,"column":3}},"48":{"start":{"line":157,"column":71},"end":{"line":157,"column":80}},"49":{"start":{"line":158,"column":19},"end":{"line":158,"column":21}},"50":{"start":{"line":159,"column":4},"end":{"line":159,"column":39}},"51":{"start":{"line":159,"column":16},"end":{"line":159,"column":39}},"52":{"start":{"line":160,"column":4},"end":{"line":160,"column":33}},"53":{"start":{"line":160,"column":14},"end":{"line":160,"column":33}},"54":{"start":{"line":161,"column":4},"end":{"line":165,"column":5}},"55":{"start":{"line":162,"column":6},"end":{"line":162,"column":23}},"56":{"start":{"line":163,"column":6},"end":{"line":163,"column":60}},"57":{"start":{"line":163,"column":21},"end":{"line":163,"column":60}},"58":{"start":{"line":164,"column":6},"end":{"line":164,"column":56}},"59":{"start":{"line":164,"column":19},"end":{"line":164,"column":56}},"60":{"start":{"line":167,"column":17},"end":{"line":167,"column":55}},"61":{"start":{"line":168,"column":30},"end":{"line":175,"column":6}},"62":{"start":{"line":177,"column":4},"end":{"line":182,"column":7}},"63":{"start":{"line":184,"column":4},"end":{"line":184,"column":53}},"64":{"start":{"line":190,"column":26},"end":{"line":200,"column":1}},"65":{"start":{"line":191,"column":2},"end":{"line":199,"column":3}},"66":{"start":{"line":192,"column":21},"end":{"line":195,"column":23}},"67":{"start":{"line":196,"column":4},"end":{"line":196,"column":23}},"68":{"start":{"line":198,"column":4},"end":{"line":198,"column":53}},"69":{"start":{"line":204,"column":22},"end":{"line":235,"column":1}},"70":{"start":{"line":205,"column":2},"end":{"line":234,"column":3}},"71":{"start":{"line":206,"column":20},"end":{"line":206,"column":57}},"72":{"start":{"line":208,"column":4},"end":{"line":210,"column":5}},"73":{"start":{"line":209,"column":6},"end":{"line":209,"column":68}},"74":{"start":{"line":213,"column":4},"end":{"line":215,"column":5}},"75":{"start":{"line":214,"column":6},"end":{"line":214,"column":65}},"76":{"start":{"line":217,"column":19},"end":{"line":217,"column":44}},"77":{"start":{"line":218,"column":20},"end":{"line":221,"column":33}},"78":{"start":{"line":223,"column":4},"end":{"line":229,"column":7}},"79":{"start":{"line":231,"column":4},"end":{"line":231,"column":22}},"80":{"start":{"line":233,"column":4},"end":{"line":233,"column":53}},"81":{"start":{"line":239,"column":22},"end":{"line":283,"column":1}},"82":{"start":{"line":240,"column":2},"end":{"line":282,"column":3}},"83":{"start":{"line":241,"column":20},"end":{"line":241,"column":84}},"84":{"start":{"line":243,"column":4},"end":{"line":245,"column":5}},"85":{"start":{"line":244,"column":6},"end":{"line":244,"column":68}},"86":{"start":{"line":247,"column":4},"end":{"line":249,"column":5}},"87":{"start":{"line":248,"column":6},"end":{"line":248,"column":65}},"88":{"start":{"line":251,"column":4},"end":{"line":251,"column":33}},"89":{"start":{"line":252,"column":4},"end":{"line":252,"column":50}},"90":{"start":{"line":253,"column":4},"end":{"line":253,"column":39}},"91":{"start":{"line":254,"column":4},"end":{"line":254,"column":25}},"92":{"start":{"line":256,"column":4},"end":{"line":267,"column":7}},"93":{"start":{"line":270,"column":24},"end":{"line":270,"column":36}},"94":{"start":{"line":271,"column":4},"end":{"line":277,"column":5}},"95":{"start":{"line":272,"column":6},"end":{"line":276,"column":24}},"96":{"start":{"line":279,"column":4},"end":{"line":279,"column":91}},"97":{"start":{"line":281,"column":4},"end":{"line":281,"column":53}},"98":{"start":{"line":287,"column":28},"end":{"line":330,"column":1}},"99":{"start":{"line":288,"column":2},"end":{"line":329,"column":3}},"100":{"start":{"line":289,"column":31},"end":{"line":289,"column":39}},"101":{"start":{"line":291,"column":20},"end":{"line":291,"column":57}},"102":{"start":{"line":292,"column":4},"end":{"line":294,"column":5}},"103":{"start":{"line":293,"column":6},"end":{"line":293,"column":68}},"104":{"start":{"line":296,"column":27},"end":{"line":296,"column":41}},"105":{"start":{"line":297,"column":4},"end":{"line":297,"column":28}},"106":{"start":{"line":298,"column":4},"end":{"line":298,"column":46}},"107":{"start":{"line":298,"column":16},"end":{"line":298,"column":46}},"108":{"start":{"line":299,"column":4},"end":{"line":299,"column":25}},"109":{"start":{"line":301,"column":22},"end":{"line":301,"column":62}},"110":{"start":{"line":303,"column":22},"end":{"line":307,"column":5}},"111":{"start":{"line":309,"column":4},"end":{"line":315,"column":7}},"112":{"start":{"line":318,"column":4},"end":{"line":324,"column":5}},"113":{"start":{"line":319,"column":6},"end":{"line":323,"column":24}},"114":{"start":{"line":326,"column":4},"end":{"line":326,"column":24}},"115":{"start":{"line":328,"column":4},"end":{"line":328,"column":53}},"116":{"start":{"line":334,"column":29},"end":{"line":400,"column":1}},"117":{"start":{"line":335,"column":2},"end":{"line":399,"column":3}},"118":{"start":{"line":336,"column":92},"end":{"line":336,"column":100}},"119":{"start":{"line":338,"column":4},"end":{"line":340,"column":5}},"120":{"start":{"line":339,"column":6},"end":{"line":339,"column":78}},"121":{"start":{"line":342,"column":28},"end":{"line":342,"column":96}},"122":{"start":{"line":343,"column":4},"end":{"line":345,"column":5}},"123":{"start":{"line":344,"column":6},"end":{"line":344,"column":77}},"124":{"start":{"line":348,"column":4},"end":{"line":348,"column":41}},"125":{"start":{"line":349,"column":4},"end":{"line":349,"column":71}},"126":{"start":{"line":350,"column":4},"end":{"line":350,"column":47}},"127":{"start":{"line":351,"column":4},"end":{"line":351,"column":33}},"128":{"start":{"line":354,"column":29},"end":{"line":354,"column":55}},"129":{"start":{"line":355,"column":23},"end":{"line":367,"column":6}},"130":{"start":{"line":369,"column":4},"end":{"line":380,"column":7}},"131":{"start":{"line":383,"column":4},"end":{"line":389,"column":5}},"132":{"start":{"line":384,"column":6},"end":{"line":388,"column":24}},"133":{"start":{"line":391,"column":22},"end":{"line":391,"column":65}},"134":{"start":{"line":392,"column":4},"end":{"line":396,"column":7}},"135":{"start":{"line":398,"column":4},"end":{"line":398,"column":53}},"136":{"start":{"line":404,"column":23},"end":{"line":436,"column":1}},"137":{"start":{"line":405,"column":2},"end":{"line":435,"column":3}},"138":{"start":{"line":406,"column":20},"end":{"line":406,"column":57}},"139":{"start":{"line":407,"column":4},"end":{"line":409,"column":5}},"140":{"start":{"line":408,"column":6},"end":{"line":408,"column":68}},"141":{"start":{"line":411,"column":4},"end":{"line":413,"column":5}},"142":{"start":{"line":412,"column":6},"end":{"line":412,"column":65}},"143":{"start":{"line":415,"column":4},"end":{"line":417,"column":5}},"144":{"start":{"line":416,"column":6},"end":{"line":416,"column":91}},"145":{"start":{"line":419,"column":4},"end":{"line":419,"column":29}},"146":{"start":{"line":420,"column":4},"end":{"line":420,"column":37}},"147":{"start":{"line":421,"column":4},"end":{"line":421,"column":25}},"148":{"start":{"line":423,"column":4},"end":{"line":429,"column":7}},"149":{"start":{"line":431,"column":22},"end":{"line":431,"column":62}},"150":{"start":{"line":432,"column":4},"end":{"line":432,"column":24}},"151":{"start":{"line":434,"column":4},"end":{"line":434,"column":53}},"152":{"start":{"line":440,"column":24},"end":{"line":533,"column":1}},"153":{"start":{"line":441,"column":2},"end":{"line":532,"column":3}},"154":{"start":{"line":442,"column":30},"end":{"line":442,"column":39}},"155":{"start":{"line":443,"column":20},"end":{"line":443,"column":36}},"156":{"start":{"line":444,"column":22},"end":{"line":444,"column":32}},"157":{"start":{"line":445,"column":4},"end":{"line":445,"column":53}},"158":{"start":{"line":456,"column":8},"end":{"line":465,"column":6}},"159":{"start":{"line":468,"column":28},"end":{"line":475,"column":6}},"160":{"start":{"line":478,"column":25},"end":{"line":487,"column":6}},"161":{"start":{"line":490,"column":23},"end":{"line":490,"column":33}},"162":{"start":{"line":491,"column":4},"end":{"line":491,"column":36}},"163":{"start":{"line":492,"column":21},"end":{"line":492,"column":31}},"164":{"start":{"line":493,"column":4},"end":{"line":493,"column":39}},"165":{"start":{"line":495,"column":26},"end":{"line":498,"column":6}},"166":{"start":{"line":501,"column":27},"end":{"line":504,"column":6}},"167":{"start":{"line":507,"column":24},"end":{"line":512,"column":6}},"168":{"start":{"line":514,"column":4},"end":{"line":529,"column":7}},"169":{"start":{"line":531,"column":4},"end":{"line":531,"column":53}},"170":{"start":{"line":535,"column":0},"end":{"line":546,"column":2}}},"fnMap":{"0":{"name":"(anonymous_0)","decl":{"start":{"line":11,"column":22},"end":{"line":11,"column":23}},"loc":{"start":{"line":11,"column":42},"end":{"line":138,"column":1}},"line":11},"1":{"name":"(anonymous_1)","decl":{"start":{"line":61,"column":46},"end":{"line":61,"column":47}},"loc":{"start":{"line":62,"column":6},"end":{"line":62,"column":116}},"line":62},"2":{"name":"(anonymous_2)","decl":{"start":{"line":77,"column":44},"end":{"line":77,"column":45}},"loc":{"start":{"line":77,"column":50},"end":{"line":83,"column":9}},"line":77},"3":{"name":"(anonymous_3)","decl":{"start":{"line":132,"column":12},"end":{"line":132,"column":13}},"loc":{"start":{"line":132,"column":18},"end":{"line":132,"column":20}},"line":132},"4":{"name":"(anonymous_4)","decl":{"start":{"line":142,"column":22},"end":{"line":142,"column":23}},"loc":{"start":{"line":142,"column":42},"end":{"line":151,"column":1}},"line":142},"5":{"name":"(anonymous_5)","decl":{"start":{"line":155,"column":23},"end":{"line":155,"column":24}},"loc":{"start":{"line":155,"column":43},"end":{"line":186,"column":1}},"line":155},"6":{"name":"(anonymous_6)","decl":{"start":{"line":190,"column":26},"end":{"line":190,"column":27}},"loc":{"start":{"line":190,"column":46},"end":{"line":200,"column":1}},"line":190},"7":{"name":"(anonymous_7)","decl":{"start":{"line":204,"column":22},"end":{"line":204,"column":23}},"loc":{"start":{"line":204,"column":42},"end":{"line":235,"column":1}},"line":204},"8":{"name":"(anonymous_8)","decl":{"start":{"line":239,"column":22},"end":{"line":239,"column":23}},"loc":{"start":{"line":239,"column":42},"end":{"line":283,"column":1}},"line":239},"9":{"name":"(anonymous_9)","decl":{"start":{"line":276,"column":14},"end":{"line":276,"column":15}},"loc":{"start":{"line":276,"column":20},"end":{"line":276,"column":22}},"line":276},"10":{"name":"(anonymous_10)","decl":{"start":{"line":287,"column":28},"end":{"line":287,"column":29}},"loc":{"start":{"line":287,"column":48},"end":{"line":330,"column":1}},"line":287},"11":{"name":"(anonymous_11)","decl":{"start":{"line":323,"column":14},"end":{"line":323,"column":15}},"loc":{"start":{"line":323,"column":20},"end":{"line":323,"column":22}},"line":323},"12":{"name":"(anonymous_12)","decl":{"start":{"line":334,"column":29},"end":{"line":334,"column":30}},"loc":{"start":{"line":334,"column":49},"end":{"line":400,"column":1}},"line":334},"13":{"name":"(anonymous_13)","decl":{"start":{"line":388,"column":14},"end":{"line":388,"column":15}},"loc":{"start":{"line":388,"column":20},"end":{"line":388,"column":22}},"line":388},"14":{"name":"(anonymous_14)","decl":{"start":{"line":404,"column":23},"end":{"line":404,"column":24}},"loc":{"start":{"line":404,"column":43},"end":{"line":436,"column":1}},"line":404},"15":{"name":"(anonymous_15)","decl":{"start":{"line":440,"column":24},"end":{"line":440,"column":25}},"loc":{"start":{"line":440,"column":44},"end":{"line":533,"column":1}},"line":440}},"branchMap":{"0":{"loc":{"start":{"line":18,"column":4},"end":{"line":20,"column":5}},"type":"if","locations":[{"start":{"line":18,"column":4},"end":{"line":20,"column":5}},{"start":{},"end":{}}],"line":18},"1":{"loc":{"start":{"line":29,"column":4},"end":{"line":36,"column":5}},"type":"if","locations":[{"start":{"line":29,"column":4},"end":{"line":36,"column":5}},{"start":{},"end":{}}],"line":29},"2":{"loc":{"start":{"line":29,"column":27},"end":{"line":29,"column":54}},"type":"binary-expr","locations":[{"start":{"line":29,"column":27},"end":{"line":29,"column":49}},{"start":{"line":29,"column":53},"end":{"line":29,"column":54}}],"line":29},"3":{"loc":{"start":{"line":31,"column":53},"end":{"line":31,"column":80}},"type":"binary-expr","locations":[{"start":{"line":31,"column":53},"end":{"line":31,"column":75}},{"start":{"line":31,"column":79},"end":{"line":31,"column":80}}],"line":31},"4":{"loc":{"start":{"line":34,"column":17},"end":{"line":34,"column":44}},"type":"binary-expr","locations":[{"start":{"line":34,"column":17},"end":{"line":34,"column":39}},{"start":{"line":34,"column":43},"end":{"line":34,"column":44}}],"line":34},"5":{"loc":{"start":{"line":40,"column":4},"end":{"line":42,"column":5}},"type":"if","locations":[{"start":{"line":40,"column":4},"end":{"line":42,"column":5}},{"start":{},"end":{}}],"line":40},"6":{"loc":{"start":{"line":43,"column":4},"end":{"line":45,"column":5}},"type":"if","locations":[{"start":{"line":43,"column":4},"end":{"line":45,"column":5}},{"start":{},"end":{}}],"line":43},"7":{"loc":{"start":{"line":43,"column":8},"end":{"line":43,"column":49}},"type":"binary-expr","locations":[{"start":{"line":43,"column":8},"end":{"line":43,"column":28}},{"start":{"line":43,"column":32},"end":{"line":43,"column":49}}],"line":43},"8":{"loc":{"start":{"line":49,"column":4},"end":{"line":51,"column":5}},"type":"if","locations":[{"start":{"line":49,"column":4},"end":{"line":51,"column":5}},{"start":{},"end":{}}],"line":49},"9":{"loc":{"start":{"line":62,"column":89},"end":{"line":62,"column":115}},"type":"binary-expr","locations":[{"start":{"line":62,"column":89},"end":{"line":62,"column":110}},{"start":{"line":62,"column":114},"end":{"line":62,"column":115}}],"line":62},"10":{"loc":{"start":{"line":65,"column":4},"end":{"line":87,"column":5}},"type":"if","locations":[{"start":{"line":65,"column":4},"end":{"line":87,"column":5}},{"start":{},"end":{}}],"line":65},"11":{"loc":{"start":{"line":71,"column":26},"end":{"line":71,"column":44}},"type":"binary-expr","locations":[{"start":{"line":71,"column":26},"end":{"line":71,"column":39}},{"start":{"line":71,"column":43},"end":{"line":71,"column":44}}],"line":71},"12":{"loc":{"start":{"line":84,"column":24},"end":{"line":84,"column":50}},"type":"binary-expr","locations":[{"start":{"line":84,"column":24},"end":{"line":84,"column":45}},{"start":{"line":84,"column":49},"end":{"line":84,"column":50}}],"line":84},"13":{"loc":{"start":{"line":90,"column":26},"end":{"line":90,"column":75}},"type":"cond-expr","locations":[{"start":{"line":90,"column":53},"end":{"line":90,"column":62}},{"start":{"line":90,"column":65},"end":{"line":90,"column":75}}],"line":90},"14":{"loc":{"start":{"line":102,"column":21},"end":{"line":102,"column":42}},"type":"binary-expr","locations":[{"start":{"line":102,"column":21},"end":{"line":102,"column":34}},{"start":{"line":102,"column":38},"end":{"line":102,"column":42}}],"line":102},"15":{"loc":{"start":{"line":128,"column":6},"end":{"line":130,"column":42}},"type":"cond-expr","locations":[{"start":{"line":129,"column":10},"end":{"line":129,"column":42}},{"start":{"line":130,"column":10},"end":{"line":130,"column":42}}],"line":128},"16":{"loc":{"start":{"line":157,"column":46},"end":{"line":157,"column":54}},"type":"default-arg","locations":[{"start":{"line":157,"column":53},"end":{"line":157,"column":54}}],"line":157},"17":{"loc":{"start":{"line":157,"column":56},"end":{"line":157,"column":66}},"type":"default-arg","locations":[{"start":{"line":157,"column":64},"end":{"line":157,"column":66}}],"line":157},"18":{"loc":{"start":{"line":159,"column":4},"end":{"line":159,"column":39}},"type":"if","locations":[{"start":{"line":159,"column":4},"end":{"line":159,"column":39}},{"start":{},"end":{}}],"line":159},"19":{"loc":{"start":{"line":160,"column":4},"end":{"line":160,"column":33}},"type":"if","locations":[{"start":{"line":160,"column":4},"end":{"line":160,"column":33}},{"start":{},"end":{}}],"line":160},"20":{"loc":{"start":{"line":161,"column":4},"end":{"line":165,"column":5}},"type":"if","locations":[{"start":{"line":161,"column":4},"end":{"line":165,"column":5}},{"start":{},"end":{}}],"line":161},"21":{"loc":{"start":{"line":161,"column":8},"end":{"line":161,"column":28}},"type":"binary-expr","locations":[{"start":{"line":161,"column":8},"end":{"line":161,"column":17}},{"start":{"line":161,"column":21},"end":{"line":161,"column":28}}],"line":161},"22":{"loc":{"start":{"line":163,"column":6},"end":{"line":163,"column":60}},"type":"if","locations":[{"start":{"line":163,"column":6},"end":{"line":163,"column":60}},{"start":{},"end":{}}],"line":163},"23":{"loc":{"start":{"line":164,"column":6},"end":{"line":164,"column":56}},"type":"if","locations":[{"start":{"line":164,"column":6},"end":{"line":164,"column":56}},{"start":{},"end":{}}],"line":164},"24":{"loc":{"start":{"line":208,"column":4},"end":{"line":210,"column":5}},"type":"if","locations":[{"start":{"line":208,"column":4},"end":{"line":210,"column":5}},{"start":{},"end":{}}],"line":208},"25":{"loc":{"start":{"line":213,"column":4},"end":{"line":215,"column":5}},"type":"if","locations":[{"start":{"line":213,"column":4},"end":{"line":215,"column":5}},{"start":{},"end":{}}],"line":213},"26":{"loc":{"start":{"line":213,"column":8},"end":{"line":213,"column":88}},"type":"binary-expr","locations":[{"start":{"line":213,"column":8},"end":{"line":213,"column":59}},{"start":{"line":213,"column":63},"end":{"line":213,"column":88}}],"line":213},"27":{"loc":{"start":{"line":243,"column":4},"end":{"line":245,"column":5}},"type":"if","locations":[{"start":{"line":243,"column":4},"end":{"line":245,"column":5}},{"start":{},"end":{}}],"line":243},"28":{"loc":{"start":{"line":247,"column":4},"end":{"line":249,"column":5}},"type":"if","locations":[{"start":{"line":247,"column":4},"end":{"line":249,"column":5}},{"start":{},"end":{}}],"line":247},"29":{"loc":{"start":{"line":247,"column":8},"end":{"line":247,"column":92}},"type":"binary-expr","locations":[{"start":{"line":247,"column":8},"end":{"line":247,"column":63}},{"start":{"line":247,"column":67},"end":{"line":247,"column":92}}],"line":247},"30":{"loc":{"start":{"line":252,"column":27},"end":{"line":252,"column":49}},"type":"binary-expr","locations":[{"start":{"line":252,"column":27},"end":{"line":252,"column":43}},{"start":{"line":252,"column":47},"end":{"line":252,"column":49}}],"line":252},"31":{"loc":{"start":{"line":271,"column":4},"end":{"line":277,"column":5}},"type":"if","locations":[{"start":{"line":271,"column":4},"end":{"line":277,"column":5}},{"start":{},"end":{}}],"line":271},"32":{"loc":{"start":{"line":271,"column":8},"end":{"line":271,"column":40}},"type":"binary-expr","locations":[{"start":{"line":271,"column":8},"end":{"line":271,"column":19}},{"start":{"line":271,"column":23},"end":{"line":271,"column":40}}],"line":271},"33":{"loc":{"start":{"line":275,"column":36},"end":{"line":275,"column":54}},"type":"binary-expr","locations":[{"start":{"line":275,"column":36},"end":{"line":275,"column":48}},{"start":{"line":275,"column":52},"end":{"line":275,"column":54}}],"line":275},"34":{"loc":{"start":{"line":292,"column":4},"end":{"line":294,"column":5}},"type":"if","locations":[{"start":{"line":292,"column":4},"end":{"line":294,"column":5}},{"start":{},"end":{}}],"line":292},"35":{"loc":{"start":{"line":298,"column":4},"end":{"line":298,"column":46}},"type":"if","locations":[{"start":{"line":298,"column":4},"end":{"line":298,"column":46}},{"start":{},"end":{}}],"line":298},"36":{"loc":{"start":{"line":309,"column":19},"end":{"line":309,"column":57}},"type":"binary-expr","locations":[{"start":{"line":309,"column":19},"end":{"line":309,"column":36}},{"start":{"line":309,"column":40},"end":{"line":309,"column":57}}],"line":309},"37":{"loc":{"start":{"line":318,"column":4},"end":{"line":324,"column":5}},"type":"if","locations":[{"start":{"line":318,"column":4},"end":{"line":324,"column":5}},{"start":{},"end":{}}],"line":318},"38":{"loc":{"start":{"line":318,"column":8},"end":{"line":318,"column":46}},"type":"binary-expr","locations":[{"start":{"line":318,"column":8},"end":{"line":318,"column":22}},{"start":{"line":318,"column":26},"end":{"line":318,"column":46}}],"line":318},"39":{"loc":{"start":{"line":322,"column":36},"end":{"line":322,"column":56}},"type":"binary-expr","locations":[{"start":{"line":322,"column":36},"end":{"line":322,"column":50}},{"start":{"line":322,"column":54},"end":{"line":322,"column":56}}],"line":322},"40":{"loc":{"start":{"line":338,"column":4},"end":{"line":340,"column":5}},"type":"if","locations":[{"start":{"line":338,"column":4},"end":{"line":340,"column":5}},{"start":{},"end":{}}],"line":338},"41":{"loc":{"start":{"line":343,"column":4},"end":{"line":345,"column":5}},"type":"if","locations":[{"start":{"line":343,"column":4},"end":{"line":345,"column":5}},{"start":{},"end":{}}],"line":343},"42":{"loc":{"start":{"line":359,"column":21},"end":{"line":359,"column":49}},"type":"binary-expr","locations":[{"start":{"line":359,"column":21},"end":{"line":359,"column":25}},{"start":{"line":359,"column":29},"end":{"line":359,"column":49}}],"line":359},"43":{"loc":{"start":{"line":360,"column":17},"end":{"line":360,"column":55}},"type":"binary-expr","locations":[{"start":{"line":360,"column":17},"end":{"line":360,"column":26}},{"start":{"line":360,"column":30},"end":{"line":360,"column":55}}],"line":360},"44":{"loc":{"start":{"line":361,"column":15},"end":{"line":361,"column":49}},"type":"binary-expr","locations":[{"start":{"line":361,"column":15},"end":{"line":361,"column":22}},{"start":{"line":361,"column":26},"end":{"line":361,"column":49}}],"line":361},"45":{"loc":{"start":{"line":383,"column":4},"end":{"line":389,"column":5}},"type":"if","locations":[{"start":{"line":383,"column":4},"end":{"line":389,"column":5}},{"start":{},"end":{}}],"line":383},"46":{"loc":{"start":{"line":387,"column":44},"end":{"line":387,"column":70}},"type":"binary-expr","locations":[{"start":{"line":387,"column":44},"end":{"line":387,"column":64}},{"start":{"line":387,"column":68},"end":{"line":387,"column":70}}],"line":387},"47":{"loc":{"start":{"line":407,"column":4},"end":{"line":409,"column":5}},"type":"if","locations":[{"start":{"line":407,"column":4},"end":{"line":409,"column":5}},{"start":{},"end":{}}],"line":407},"48":{"loc":{"start":{"line":411,"column":4},"end":{"line":413,"column":5}},"type":"if","locations":[{"start":{"line":411,"column":4},"end":{"line":413,"column":5}},{"start":{},"end":{}}],"line":411},"49":{"loc":{"start":{"line":411,"column":8},"end":{"line":411,"column":88}},"type":"binary-expr","locations":[{"start":{"line":411,"column":8},"end":{"line":411,"column":59}},{"start":{"line":411,"column":63},"end":{"line":411,"column":88}}],"line":411},"50":{"loc":{"start":{"line":415,"column":4},"end":{"line":417,"column":5}},"type":"if","locations":[{"start":{"line":415,"column":4},"end":{"line":417,"column":5}},{"start":{},"end":{}}],"line":415},"51":{"loc":{"start":{"line":442,"column":12},"end":{"line":442,"column":25}},"type":"default-arg","locations":[{"start":{"line":442,"column":21},"end":{"line":442,"column":25}}],"line":442},"52":{"loc":{"start":{"line":526,"column":18},"end":{"line":526,"column":96}},"type":"cond-expr","locations":[{"start":{"line":526,"column":39},"end":{"line":526,"column":88}},{"start":{"line":526,"column":91},"end":{"line":526,"column":96}}],"line":526}},"s":{"0":4,"1":4,"2":4,"3":4,"4":4,"5":4,"6":4,"7":4,"8":19,"9":19,"10":19,"11":19,"12":19,"13":0,"14":19,"15":19,"16":0,"17":19,"18":19,"19":2,"20":17,"21":1,"22":16,"23":16,"24":1,"25":15,"26":15,"27":15,"28":7,"29":15,"30":6,"31":6,"32":6,"33":9,"34":9,"35":9,"36":9,"37":9,"38":9,"39":9,"40":0,"41":4,"42":0,"43":0,"44":0,"45":0,"46":4,"47":0,"48":0,"49":0,"50":0,"51":0,"52":0,"53":0,"54":0,"55":0,"56":0,"57":0,"58":0,"59":0,"60":0,"61":0,"62":0,"63":0,"64":4,"65":0,"66":0,"67":0,"68":0,"69":4,"70":0,"71":0,"72":0,"73":0,"74":0,"75":0,"76":0,"77":0,"78":0,"79":0,"80":0,"81":4,"82":6,"83":6,"84":6,"85":1,"86":5,"87":1,"88":4,"89":4,"90":4,"91":4,"92":4,"93":4,"94":4,"95":4,"96":4,"97":0,"98":4,"99":0,"100":0,"101":0,"102":0,"103":0,"104":0,"105":0,"106":0,"107":0,"108":0,"109":0,"110":0,"111":0,"112":0,"113":0,"114":0,"115":0,"116":4,"117":1,"118":1,"119":1,"120":1,"121":0,"122":0,"123":0,"124":0,"125":0,"126":0,"127":0,"128":0,"129":0,"130":0,"131":0,"132":0,"133":0,"134":0,"135":0,"136":4,"137":5,"138":5,"139":5,"140":0,"141":5,"142":1,"143":4,"144":1,"145":3,"146":3,"147":3,"148":3,"149":3,"150":3,"151":0,"152":4,"153":0,"154":0,"155":0,"156":0,"157":0,"158":0,"159":0,"160":0,"161":0,"162":0,"163":0,"164":0,"165":0,"166":0,"167":0,"168":0,"169":0,"170":4},"f":{"0":19,"1":7,"2":6,"3":0,"4":0,"5":0,"6":0,"7":0,"8":6,"9":0,"10":0,"11":0,"12":1,"13":0,"14":5,"15":0},"b":{"0":[0,19],"1":[0,19],"2":[19,0],"3":[0,0],"4":[0,0],"5":[2,17],"6":[1,16],"7":[17,17],"8":[1,15],"9":[7,0],"10":[6,9],"11":[6,6],"12":[6,0],"13":[1,8],"14":[9,7],"15":[1,8],"16":[0],"17":[0],"18":[0,0],"19":[0,0],"20":[0,0],"21":[0,0],"22":[0,0],"23":[0,0],"24":[0,0],"25":[0,0],"26":[0,0],"27":[1,5],"28":[1,4],"29":[5,2],"30":[4,4],"31":[4,0],"32":[4,4],"33":[4,0],"34":[0,0],"35":[0,0],"36":[0,0],"37":[0,0],"38":[0,0],"39":[0,0],"40":[1,0],"41":[0,0],"42":[0,0],"43":[0,0],"44":[0,0],"45":[0,0],"46":[0,0],"47":[0,5],"48":[1,4],"49":[5,1],"50":[1,3],"51":[0],"52":[0,0]},"_coverageSchema":"1a1c01bbd47fc00a2c39e90264f33305004495a9","hash":"e3e7650ace84790c3e4bfcb7ed2ef2b09abc587f"}
,"/Users/tannu/Capstone-Projects/current/campus-booking-system/backend/controllers/roomController.js": {"path":"/Users/tannu/Capstone-Projects/current/campus-booking-system/backend/controllers/roomController.js","statementMap":{"0":{"start":{"line":1,"column":13},"end":{"line":1,"column":38}},"1":{"start":{"line":2,"column":16},"end":{"line":2,"column":44}},"2":{"start":{"line":3,"column":21},"end":{"line":3,"column":52}},"3":{"start":{"line":7,"column":17},"end":{"line":28,"column":1}},"4":{"start":{"line":8,"column":2},"end":{"line":27,"column":3}},"5":{"start":{"line":9,"column":49},"end":{"line":9,"column":58}},"6":{"start":{"line":10,"column":19},"end":{"line":10,"column":37}},"7":{"start":{"line":12,"column":4},"end":{"line":12,"column":33}},"8":{"start":{"line":12,"column":14},"end":{"line":12,"column":33}},"9":{"start":{"line":13,"column":4},"end":{"line":13,"column":72}},"10":{"start":{"line":13,"column":18},"end":{"line":13,"column":72}},"11":{"start":{"line":14,"column":4},"end":{"line":14,"column":65}},"12":{"start":{"line":14,"column":18},"end":{"line":14,"column":65}},"13":{"start":{"line":15,"column":4},"end":{"line":21,"column":5}},"14":{"start":{"line":16,"column":6},"end":{"line":20,"column":8}},"15":{"start":{"line":23,"column":18},"end":{"line":23,"column":82}},"16":{"start":{"line":24,"column":4},"end":{"line":24,"column":20}},"17":{"start":{"line":26,"column":4},"end":{"line":26,"column":53}},"18":{"start":{"line":32,"column":16},"end":{"line":42,"column":1}},"19":{"start":{"line":33,"column":2},"end":{"line":41,"column":3}},"20":{"start":{"line":34,"column":17},"end":{"line":34,"column":51}},"21":{"start":{"line":35,"column":4},"end":{"line":37,"column":5}},"22":{"start":{"line":36,"column":6},"end":{"line":36,"column":65}},"23":{"start":{"line":38,"column":4},"end":{"line":38,"column":19}},"24":{"start":{"line":40,"column":4},"end":{"line":40,"column":53}},"25":{"start":{"line":46,"column":24},"end":{"line":67,"column":1}},"26":{"start":{"line":47,"column":2},"end":{"line":66,"column":3}},"27":{"start":{"line":48,"column":21},"end":{"line":48,"column":30}},"28":{"start":{"line":49,"column":22},"end":{"line":49,"column":56}},"29":{"start":{"line":51,"column":21},"end":{"line":55,"column":60}},"30":{"start":{"line":57,"column":17},"end":{"line":57,"column":51}},"31":{"start":{"line":59,"column":4},"end":{"line":63,"column":7}},"32":{"start":{"line":65,"column":4},"end":{"line":65,"column":53}},"33":{"start":{"line":71,"column":27},"end":{"line":116,"column":1}},"34":{"start":{"line":72,"column":2},"end":{"line":115,"column":3}},"35":{"start":{"line":73,"column":26},"end":{"line":73,"column":35}},"36":{"start":{"line":74,"column":22},"end":{"line":74,"column":32}},"37":{"start":{"line":75,"column":4},"end":{"line":75,"column":60}},"38":{"start":{"line":77,"column":17},"end":{"line":77,"column":51}},"39":{"start":{"line":78,"column":4},"end":{"line":78,"column":74}},"40":{"start":{"line":78,"column":15},"end":{"line":78,"column":74}},"41":{"start":{"line":80,"column":21},"end":{"line":84,"column":6}},"42":{"start":{"line":87,"column":35},"end":{"line":91,"column":8}},"43":{"start":{"line":88,"column":23},"end":{"line":88,"column":83}},"44":{"start":{"line":89,"column":23},"end":{"line":89,"column":81}},"45":{"start":{"line":90,"column":6},"end":{"line":90,"column":45}},"46":{"start":{"line":93,"column":29},"end":{"line":93,"column":30}},"47":{"start":{"line":94,"column":4},"end":{"line":98,"column":7}},"48":{"start":{"line":95,"column":23},"end":{"line":95,"column":57}},"49":{"start":{"line":96,"column":23},"end":{"line":96,"column":55}},"50":{"start":{"line":97,"column":6},"end":{"line":97,"column":60}},"51":{"start":{"line":100,"column":34},"end":{"line":100,"column":73}},"52":{"start":{"line":101,"column":28},"end":{"line":103,"column":13}},"53":{"start":{"line":105,"column":4},"end":{"line":112,"column":7}},"54":{"start":{"line":114,"column":4},"end":{"line":114,"column":53}},"55":{"start":{"line":120,"column":19},"end":{"line":136,"column":1}},"56":{"start":{"line":121,"column":2},"end":{"line":135,"column":3}},"57":{"start":{"line":122,"column":17},"end":{"line":122,"column":44}},"58":{"start":{"line":124,"column":4},"end":{"line":130,"column":7}},"59":{"start":{"line":132,"column":4},"end":{"line":132,"column":31}},"60":{"start":{"line":134,"column":4},"end":{"line":134,"column":53}},"61":{"start":{"line":140,"column":19},"end":{"line":164,"column":1}},"62":{"start":{"line":141,"column":2},"end":{"line":163,"column":3}},"63":{"start":{"line":142,"column":19},"end":{"line":142,"column":53}},"64":{"start":{"line":143,"column":4},"end":{"line":145,"column":5}},"65":{"start":{"line":144,"column":6},"end":{"line":144,"column":65}},"66":{"start":{"line":147,"column":17},"end":{"line":150,"column":6}},"67":{"start":{"line":152,"column":4},"end":{"line":158,"column":7}},"68":{"start":{"line":160,"column":4},"end":{"line":160,"column":19}},"69":{"start":{"line":162,"column":4},"end":{"line":162,"column":53}},"70":{"start":{"line":168,"column":19},"end":{"line":199,"column":1}},"71":{"start":{"line":169,"column":2},"end":{"line":198,"column":3}},"72":{"start":{"line":170,"column":17},"end":{"line":170,"column":51}},"73":{"start":{"line":171,"column":4},"end":{"line":173,"column":5}},"74":{"start":{"line":172,"column":6},"end":{"line":172,"column":65}},"75":{"start":{"line":176,"column":4},"end":{"line":176,"column":26}},"76":{"start":{"line":177,"column":4},"end":{"line":177,"column":29}},"77":{"start":{"line":178,"column":4},"end":{"line":178,"column":22}},"78":{"start":{"line":181,"column":29},"end":{"line":185,"column":6}},"79":{"start":{"line":187,"column":4},"end":{"line":193,"column":7}},"80":{"start":{"line":195,"column":4},"end":{"line":195,"column":64}},"81":{"start":{"line":197,"column":4},"end":{"line":197,"column":53}},"82":{"start":{"line":203,"column":21},"end":{"line":210,"column":1}},"83":{"start":{"line":204,"column":2},"end":{"line":209,"column":3}},"84":{"start":{"line":205,"column":22},"end":{"line":205,"column":73}},"85":{"start":{"line":206,"column":4},"end":{"line":206,"column":31}},"86":{"start":{"line":208,"column":4},"end":{"line":208,"column":53}},"87":{"start":{"line":212,"column":0},"end":{"line":212,"column":126}}},"fnMap":{"0":{"name":"(anonymous_0)","decl":{"start":{"line":7,"column":17},"end":{"line":7,"column":18}},"loc":{"start":{"line":7,"column":37},"end":{"line":28,"column":1}},"line":7},"1":{"name":"(anonymous_1)","decl":{"start":{"line":32,"column":16},"end":{"line":32,"column":17}},"loc":{"start":{"line":32,"column":36},"end":{"line":42,"column":1}},"line":32},"2":{"name":"(anonymous_2)","decl":{"start":{"line":46,"column":24},"end":{"line":46,"column":25}},"loc":{"start":{"line":46,"column":44},"end":{"line":67,"column":1}},"line":46},"3":{"name":"(anonymous_3)","decl":{"start":{"line":71,"column":27},"end":{"line":71,"column":28}},"loc":{"start":{"line":71,"column":47},"end":{"line":116,"column":1}},"line":71},"4":{"name":"(anonymous_4)","decl":{"start":{"line":87,"column":36},"end":{"line":87,"column":37}},"loc":{"start":{"line":87,"column":42},"end":{"line":91,"column":5}},"line":87},"5":{"name":"(anonymous_5)","decl":{"start":{"line":94,"column":21},"end":{"line":94,"column":22}},"loc":{"start":{"line":94,"column":26},"end":{"line":98,"column":5}},"line":94},"6":{"name":"(anonymous_6)","decl":{"start":{"line":120,"column":19},"end":{"line":120,"column":20}},"loc":{"start":{"line":120,"column":39},"end":{"line":136,"column":1}},"line":120},"7":{"name":"(anonymous_7)","decl":{"start":{"line":140,"column":19},"end":{"line":140,"column":20}},"loc":{"start":{"line":140,"column":39},"end":{"line":164,"column":1}},"line":140},"8":{"name":"(anonymous_8)","decl":{"start":{"line":168,"column":19},"end":{"line":168,"column":20}},"loc":{"start":{"line":168,"column":39},"end":{"line":199,"column":1}},"line":168},"9":{"name":"(anonymous_9)","decl":{"start":{"line":203,"column":21},"end":{"line":203,"column":22}},"loc":{"start":{"line":203,"column":41},"end":{"line":210,"column":1}},"line":203}},"branchMap":{"0":{"loc":{"start":{"line":12,"column":4},"end":{"line":12,"column":33}},"type":"if","locations":[{"start":{"line":12,"column":4},"end":{"line":12,"column":33}},{"start":{},"end":{}}],"line":12},"1":{"loc":{"start":{"line":13,"column":4},"end":{"line":13,"column":72}},"type":"if","locations":[{"start":{"line":13,"column":4},"end":{"line":13,"column":72}},{"start":{},"end":{}}],"line":13},"2":{"loc":{"start":{"line":14,"column":4},"end":{"line":14,"column":65}},"type":"if","locations":[{"start":{"line":14,"column":4},"end":{"line":14,"column":65}},{"start":{},"end":{}}],"line":14},"3":{"loc":{"start":{"line":15,"column":4},"end":{"line":21,"column":5}},"type":"if","locations":[{"start":{"line":15,"column":4},"end":{"line":21,"column":5}},{"start":{},"end":{}}],"line":15},"4":{"loc":{"start":{"line":35,"column":4},"end":{"line":37,"column":5}},"type":"if","locations":[{"start":{"line":35,"column":4},"end":{"line":37,"column":5}},{"start":{},"end":{}}],"line":35},"5":{"loc":{"start":{"line":49,"column":22},"end":{"line":49,"column":56}},"type":"cond-expr","locations":[{"start":{"line":49,"column":29},"end":{"line":49,"column":43}},{"start":{"line":49,"column":46},"end":{"line":49,"column":56}}],"line":49},"6":{"loc":{"start":{"line":60,"column":12},"end":{"line":60,"column":135}},"type":"cond-expr","locations":[{"start":{"line":60,"column":19},"end":{"line":60,"column":128}},{"start":{"line":60,"column":131},"end":{"line":60,"column":135}}],"line":60},"7":{"loc":{"start":{"line":73,"column":12},"end":{"line":73,"column":21}},"type":"default-arg","locations":[{"start":{"line":73,"column":19},"end":{"line":73,"column":21}}],"line":73},"8":{"loc":{"start":{"line":78,"column":4},"end":{"line":78,"column":74}},"type":"if","locations":[{"start":{"line":78,"column":4},"end":{"line":78,"column":74}},{"start":{},"end":{}}],"line":78},"9":{"loc":{"start":{"line":88,"column":24},"end":{"line":88,"column":59}},"type":"binary-expr","locations":[{"start":{"line":88,"column":24},"end":{"line":88,"column":48}},{"start":{"line":88,"column":52},"end":{"line":88,"column":59}}],"line":88},"10":{"loc":{"start":{"line":89,"column":24},"end":{"line":89,"column":57}},"type":"binary-expr","locations":[{"start":{"line":89,"column":24},"end":{"line":89,"column":46}},{"start":{"line":89,"column":50},"end":{"line":89,"column":57}}],"line":89},"11":{"loc":{"start":{"line":101,"column":28},"end":{"line":103,"column":13}},"type":"cond-expr","locations":[{"start":{"line":102,"column":8},"end":{"line":102,"column":71}},{"start":{"line":103,"column":8},"end":{"line":103,"column":13}}],"line":101},"12":{"loc":{"start":{"line":143,"column":4},"end":{"line":145,"column":5}},"type":"if","locations":[{"start":{"line":143,"column":4},"end":{"line":145,"column":5}},{"start":{},"end":{}}],"line":143},"13":{"loc":{"start":{"line":171,"column":4},"end":{"line":173,"column":5}},"type":"if","locations":[{"start":{"line":171,"column":4},"end":{"line":173,"column":5}},{"start":{},"end":{}}],"line":171},"14":{"loc":{"start":{"line":191,"column":60},"end":{"line":191,"column":82}},"type":"binary-expr","locations":[{"start":{"line":191,"column":60},"end":{"line":191,"column":76}},{"start":{"line":191,"column":80},"end":{"line":191,"column":82}}],"line":191}},"s":{"0":3,"1":3,"2":3,"3":3,"4":4,"5":4,"6":4,"7":4,"8":1,"9":4,"10":1,"11":4,"12":0,"13":4,"14":1,"15":4,"16":4,"17":0,"18":3,"19":0,"20":0,"21":0,"22":0,"23":0,"24":0,"25":3,"26":0,"27":0,"28":0,"29":0,"30":0,"31":0,"32":0,"33":3,"34":0,"35":0,"36":0,"37":0,"38":0,"39":0,"40":0,"41":0,"42":0,"43":0,"44":0,"45":0,"46":0,"47":0,"48":0,"49":0,"50":0,"51":0,"52":0,"53":0,"54":0,"55":3,"56":1,"57":1,"58":1,"59":1,"60":0,"61":3,"62":0,"63":0,"64":0,"65":0,"66":0,"67":0,"68":0,"69":0,"70":3,"71":1,"72":1,"73":1,"74":0,"75":1,"76":1,"77":1,"78":1,"79":1,"80":1,"81":0,"82":3,"83":1,"84":1,"85":1,"86":0,"87":3},"f":{"0":4,"1":0,"2":0,"3":0,"4":0,"5":0,"6":1,"7":0,"8":1,"9":1},"b":{"0":[1,3],"1":[1,3],"2":[0,4],"3":[1,3],"4":[0,0],"5":[0,0],"6":[0,0],"7":[0],"8":[0,0],"9":[0,0],"10":[0,0],"11":[0,0],"12":[0,0],"13":[0,1],"14":[1,1]},"_coverageSchema":"1a1c01bbd47fc00a2c39e90264f33305004495a9","hash":"858ca5d53db09d06aadfeb7d89bce758c782c30d"}
,"/Users/tannu/Capstone-Projects/current/campus-booking-system/backend/controllers/userController.js": {"path":"/Users/tannu/Capstone-Projects/current/campus-booking-system/backend/controllers/userController.js","statementMap":{"0":{"start":{"line":1,"column":13},"end":{"line":1,"column":38}},"1":{"start":{"line":2,"column":16},"end":{"line":2,"column":44}},"2":{"start":{"line":3,"column":21},"end":{"line":3,"column":52}},"3":{"start":{"line":7,"column":17},"end":{"line":56,"column":1}},"4":{"start":{"line":8,"column":2},"end":{"line":55,"column":3}},"5":{"start":{"line":9,"column":59},"end":{"line":9,"column":68}},"6":{"start":{"line":10,"column":19},"end":{"line":10,"column":21}},"7":{"start":{"line":12,"column":4},"end":{"line":12,"column":33}},"8":{"start":{"line":12,"column":14},"end":{"line":12,"column":33}},"9":{"start":{"line":13,"column":4},"end":{"line":13,"column":39}},"10":{"start":{"line":13,"column":16},"end":{"line":13,"column":39}},"11":{"start":{"line":14,"column":4},"end":{"line":20,"column":5}},"12":{"start":{"line":15,"column":6},"end":{"line":19,"column":8}},"13":{"start":{"line":22,"column":17},"end":{"line":22,"column":55}},"14":{"start":{"line":23,"column":27},"end":{"line":30,"column":6}},"15":{"start":{"line":33,"column":27},"end":{"line":45,"column":7}},"16":{"start":{"line":34,"column":27},"end":{"line":34,"column":72}},"17":{"start":{"line":35,"column":29},"end":{"line":39,"column":8}},"18":{"start":{"line":40,"column":6},"end":{"line":44,"column":8}},"19":{"start":{"line":47,"column":4},"end":{"line":52,"column":7}},"20":{"start":{"line":54,"column":4},"end":{"line":54,"column":53}},"21":{"start":{"line":60,"column":23},"end":{"line":92,"column":1}},"22":{"start":{"line":61,"column":2},"end":{"line":91,"column":3}},"23":{"start":{"line":62,"column":17},"end":{"line":62,"column":71}},"24":{"start":{"line":63,"column":4},"end":{"line":65,"column":5}},"25":{"start":{"line":64,"column":6},"end":{"line":64,"column":65}},"26":{"start":{"line":67,"column":27},"end":{"line":70,"column":16}},"27":{"start":{"line":72,"column":18},"end":{"line":86,"column":5}},"28":{"start":{"line":88,"column":4},"end":{"line":88,"column":46}},"29":{"start":{"line":90,"column":4},"end":{"line":90,"column":53}},"30":{"start":{"line":96,"column":25},"end":{"line":142,"column":1}},"31":{"start":{"line":97,"column":2},"end":{"line":141,"column":3}},"32":{"start":{"line":98,"column":47},"end":{"line":98,"column":55}},"33":{"start":{"line":99,"column":17},"end":{"line":99,"column":51}},"34":{"start":{"line":101,"column":4},"end":{"line":103,"column":5}},"35":{"start":{"line":102,"column":6},"end":{"line":102,"column":65}},"36":{"start":{"line":106,"column":4},"end":{"line":108,"column":5}},"37":{"start":{"line":107,"column":6},"end":{"line":107,"column":80}},"38":{"start":{"line":110,"column":27},"end":{"line":110,"column":38}},"39":{"start":{"line":111,"column":4},"end":{"line":111,"column":25}},"40":{"start":{"line":112,"column":4},"end":{"line":118,"column":5}},"41":{"start":{"line":113,"column":6},"end":{"line":113,"column":40}},"42":{"start":{"line":114,"column":6},"end":{"line":114,"column":51}},"43":{"start":{"line":116,"column":6},"end":{"line":116,"column":30}},"44":{"start":{"line":117,"column":6},"end":{"line":117,"column":33}},"45":{"start":{"line":119,"column":4},"end":{"line":119,"column":22}},"46":{"start":{"line":121,"column":22},"end":{"line":125,"column":5}},"47":{"start":{"line":127,"column":4},"end":{"line":133,"column":7}},"48":{"start":{"line":135,"column":4},"end":{"line":138,"column":7}},"49":{"start":{"line":140,"column":4},"end":{"line":140,"column":53}},"50":{"start":{"line":146,"column":23},"end":{"line":177,"column":1}},"51":{"start":{"line":147,"column":2},"end":{"line":176,"column":3}},"52":{"start":{"line":148,"column":21},"end":{"line":148,"column":29}},"53":{"start":{"line":149,"column":17},"end":{"line":149,"column":51}},"54":{"start":{"line":150,"column":4},"end":{"line":152,"column":5}},"55":{"start":{"line":151,"column":6},"end":{"line":151,"column":65}},"56":{"start":{"line":154,"column":25},"end":{"line":154,"column":34}},"57":{"start":{"line":155,"column":4},"end":{"line":155,"column":21}},"58":{"start":{"line":158,"column":4},"end":{"line":161,"column":36}},"59":{"start":{"line":158,"column":26},"end":{"line":158,"column":54}},"60":{"start":{"line":159,"column":9},"end":{"line":161,"column":36}},"61":{"start":{"line":159,"column":33},"end":{"line":159,"column":61}},"62":{"start":{"line":160,"column":9},"end":{"line":161,"column":36}},"63":{"start":{"line":160,"column":31},"end":{"line":160,"column":59}},"64":{"start":{"line":161,"column":9},"end":{"line":161,"column":36}},"65":{"start":{"line":163,"column":4},"end":{"line":163,"column":22}},"66":{"start":{"line":165,"column":4},"end":{"line":171,"column":7}},"67":{"start":{"line":173,"column":4},"end":{"line":173,"column":112}},"68":{"start":{"line":175,"column":4},"end":{"line":175,"column":53}},"69":{"start":{"line":181,"column":21},"end":{"line":201,"column":1}},"70":{"start":{"line":182,"column":2},"end":{"line":200,"column":3}},"71":{"start":{"line":183,"column":68},"end":{"line":190,"column":6}},"72":{"start":{"line":192,"column":24},"end":{"line":195,"column":6}},"73":{"start":{"line":197,"column":4},"end":{"line":197,"column":85}},"74":{"start":{"line":199,"column":4},"end":{"line":199,"column":53}},"75":{"start":{"line":203,"column":0},"end":{"line":203,"column":94}}},"fnMap":{"0":{"name":"(anonymous_0)","decl":{"start":{"line":7,"column":17},"end":{"line":7,"column":18}},"loc":{"start":{"line":7,"column":37},"end":{"line":56,"column":1}},"line":7},"1":{"name":"(anonymous_1)","decl":{"start":{"line":33,"column":55},"end":{"line":33,"column":56}},"loc":{"start":{"line":33,"column":68},"end":{"line":45,"column":5}},"line":33},"2":{"name":"(anonymous_2)","decl":{"start":{"line":60,"column":23},"end":{"line":60,"column":24}},"loc":{"start":{"line":60,"column":43},"end":{"line":92,"column":1}},"line":60},"3":{"name":"(anonymous_3)","decl":{"start":{"line":96,"column":25},"end":{"line":96,"column":26}},"loc":{"start":{"line":96,"column":45},"end":{"line":142,"column":1}},"line":96},"4":{"name":"(anonymous_4)","decl":{"start":{"line":146,"column":23},"end":{"line":146,"column":24}},"loc":{"start":{"line":146,"column":43},"end":{"line":177,"column":1}},"line":146},"5":{"name":"(anonymous_5)","decl":{"start":{"line":181,"column":21},"end":{"line":181,"column":22}},"loc":{"start":{"line":181,"column":41},"end":{"line":201,"column":1}},"line":181}},"branchMap":{"0":{"loc":{"start":{"line":9,"column":34},"end":{"line":9,"column":42}},"type":"default-arg","locations":[{"start":{"line":9,"column":41},"end":{"line":9,"column":42}}],"line":9},"1":{"loc":{"start":{"line":9,"column":44},"end":{"line":9,"column":54}},"type":"default-arg","locations":[{"start":{"line":9,"column":52},"end":{"line":9,"column":54}}],"line":9},"2":{"loc":{"start":{"line":12,"column":4},"end":{"line":12,"column":33}},"type":"if","locations":[{"start":{"line":12,"column":4},"end":{"line":12,"column":33}},{"start":{},"end":{}}],"line":12},"3":{"loc":{"start":{"line":13,"column":4},"end":{"line":13,"column":39}},"type":"if","locations":[{"start":{"line":13,"column":4},"end":{"line":13,"column":39}},{"start":{},"end":{}}],"line":13},"4":{"loc":{"start":{"line":14,"column":4},"end":{"line":20,"column":5}},"type":"if","locations":[{"start":{"line":14,"column":4},"end":{"line":20,"column":5}},{"start":{},"end":{}}],"line":14},"5":{"loc":{"start":{"line":63,"column":4},"end":{"line":65,"column":5}},"type":"if","locations":[{"start":{"line":63,"column":4},"end":{"line":65,"column":5}},{"start":{},"end":{}}],"line":63},"6":{"loc":{"start":{"line":101,"column":4},"end":{"line":103,"column":5}},"type":"if","locations":[{"start":{"line":101,"column":4},"end":{"line":103,"column":5}},{"start":{},"end":{}}],"line":101},"7":{"loc":{"start":{"line":106,"column":4},"end":{"line":108,"column":5}},"type":"if","locations":[{"start":{"line":106,"column":4},"end":{"line":108,"column":5}},{"start":{},"end":{}}],"line":106},"8":{"loc":{"start":{"line":112,"column":4},"end":{"line":118,"column":5}},"type":"if","locations":[{"start":{"line":112,"column":4},"end":{"line":118,"column":5}},{"start":{"line":115,"column":11},"end":{"line":118,"column":5}}],"line":112},"9":{"loc":{"start":{"line":113,"column":27},"end":{"line":113,"column":39}},"type":"binary-expr","locations":[{"start":{"line":113,"column":27},"end":{"line":113,"column":33}},{"start":{"line":113,"column":37},"end":{"line":113,"column":39}}],"line":113},"10":{"loc":{"start":{"line":114,"column":28},"end":{"line":114,"column":50}},"type":"binary-expr","locations":[{"start":{"line":114,"column":28},"end":{"line":114,"column":42}},{"start":{"line":114,"column":46},"end":{"line":114,"column":50}}],"line":114},"11":{"loc":{"start":{"line":127,"column":19},"end":{"line":127,"column":56}},"type":"binary-expr","locations":[{"start":{"line":127,"column":19},"end":{"line":127,"column":36}},{"start":{"line":127,"column":40},"end":{"line":127,"column":56}}],"line":127},"12":{"loc":{"start":{"line":150,"column":4},"end":{"line":152,"column":5}},"type":"if","locations":[{"start":{"line":150,"column":4},"end":{"line":152,"column":5}},{"start":{},"end":{}}],"line":150},"13":{"loc":{"start":{"line":158,"column":4},"end":{"line":161,"column":36}},"type":"if","locations":[{"start":{"line":158,"column":4},"end":{"line":161,"column":36}},{"start":{"line":159,"column":9},"end":{"line":161,"column":36}}],"line":158},"14":{"loc":{"start":{"line":159,"column":9},"end":{"line":161,"column":36}},"type":"if","locations":[{"start":{"line":159,"column":9},"end":{"line":161,"column":36}},{"start":{"line":160,"column":9},"end":{"line":161,"column":36}}],"line":159},"15":{"loc":{"start":{"line":160,"column":9},"end":{"line":161,"column":36}},"type":"if","locations":[{"start":{"line":160,"column":9},"end":{"line":161,"column":36}},{"start":{"line":161,"column":9},"end":{"line":161,"column":36}}],"line":160}},"s":{"0":1,"1":1,"2":1,"3":1,"4":1,"5":1,"6":1,"7":1,"8":0,"9":1,"10":0,"11":1,"12":0,"13":1,"14":1,"15":1,"16":2,"17":2,"18":2,"19":1,"20":0,"21":1,"22":0,"23":0,"24":0,"25":0,"26":0,"27":0,"28":0,"29":0,"30":1,"31":3,"32":3,"33":3,"34":3,"35":0,"36":3,"37":1,"38":2,"39":2,"40":2,"41":1,"42":1,"43":1,"44":1,"45":2,"46":2,"47":2,"48":2,"49":0,"50":1,"51":3,"52":3,"53":3,"54":3,"55":0,"56":3,"57":3,"58":3,"59":0,"60":3,"61":2,"62":1,"63":1,"64":0,"65":3,"66":3,"67":3,"68":0,"69":1,"70":0,"71":0,"72":0,"73":0,"74":0,"75":1},"f":{"0":1,"1":2,"2":0,"3":3,"4":3,"5":0},"b":{"0":[1],"1":[1],"2":[0,1],"3":[0,1],"4":[0,1],"5":[0,0],"6":[0,3],"7":[1,2],"8":[1,1],"9":[1,0],"10":[1,1],"11":[2,0],"12":[0,3],"13":[0,3],"14":[2,1],"15":[1,0]},"_coverageSchema":"1a1c01bbd47fc00a2c39e90264f33305004495a9","hash":"34c41d7383c344ad135fb384c09fffb0cabb4a8f"}
,"/Users/tannu/Capstone-Projects/current/campus-booking-system/backend/middleware/auth.js": {"path":"/Users/tannu/Capstone-Projects/current/campus-booking-system/backend/middleware/auth.js","statementMap":{"0":{"start":{"line":1,"column":12},"end":{"line":1,"column":35}},"1":{"start":{"line":2,"column":13},"end":{"line":2,"column":38}},"2":{"start":{"line":4,"column":16},"end":{"line":21,"column":1}},"3":{"start":{"line":7,"column":2},"end":{"line":16,"column":3}},"4":{"start":{"line":8,"column":4},"end":{"line":15,"column":5}},"5":{"start":{"line":9,"column":6},"end":{"line":9,"column":54}},"6":{"start":{"line":10,"column":22},"end":{"line":10,"column":90}},"7":{"start":{"line":11,"column":6},"end":{"line":11,"column":69}},"8":{"start":{"line":12,"column":6},"end":{"line":12,"column":20}},"9":{"start":{"line":14,"column":6},"end":{"line":14,"column":79}},"10":{"start":{"line":18,"column":2},"end":{"line":20,"column":3}},"11":{"start":{"line":19,"column":4},"end":{"line":19,"column":73}},"12":{"start":{"line":23,"column":14},"end":{"line":29,"column":1}},"13":{"start":{"line":24,"column":2},"end":{"line":28,"column":3}},"14":{"start":{"line":25,"column":4},"end":{"line":25,"column":11}},"15":{"start":{"line":27,"column":4},"end":{"line":27,"column":68}},"16":{"start":{"line":31,"column":0},"end":{"line":31,"column":36}}},"fnMap":{"0":{"name":"(anonymous_0)","decl":{"start":{"line":4,"column":16},"end":{"line":4,"column":17}},"loc":{"start":{"line":4,"column":42},"end":{"line":21,"column":1}},"line":4},"1":{"name":"(anonymous_1)","decl":{"start":{"line":23,"column":14},"end":{"line":23,"column":15}},"loc":{"start":{"line":23,"column":34},"end":{"line":29,"column":1}},"line":23}},"branchMap":{"0":{"loc":{"start":{"line":7,"column":2},"end":{"line":16,"column":3}},"type":"if","locations":[{"start":{"line":7,"column":2},"end":{"line":16,"column":3}},{"start":{},"end":{}}],"line":7},"1":{"loc":{"start":{"line":7,"column":6},"end":{"line":7,"column":81}},"type":"binary-expr","locations":[{"start":{"line":7,"column":6},"end":{"line":7,"column":31}},{"start":{"line":7,"column":35},"end":{"line":7,"column":81}}],"line":7},"2":{"loc":{"start":{"line":10,"column":40},"end":{"line":10,"column":89}},"type":"binary-expr","locations":[{"start":{"line":10,"column":40},"end":{"line":10,"column":62}},{"start":{"line":10,"column":66},"end":{"line":10,"column":89}}],"line":10},"3":{"loc":{"start":{"line":18,"column":2},"end":{"line":20,"column":3}},"type":"if","locations":[{"start":{"line":18,"column":2},"end":{"line":20,"column":3}},{"start":{},"end":{}}],"line":18},"4":{"loc":{"start":{"line":24,"column":2},"end":{"line":28,"column":3}},"type":"if","locations":[{"start":{"line":24,"column":2},"end":{"line":28,"column":3}},{"start":{"line":26,"column":9},"end":{"line":28,"column":3}}],"line":24},"5":{"loc":{"start":{"line":24,"column":6},"end":{"line":24,"column":43}},"type":"binary-expr","locations":[{"start":{"line":24,"column":6},"end":{"line":24,"column":14}},{"start":{"line":24,"column":18},"end":{"line":24,"column":43}}],"line":24}},"s":{"0":6,"1":6,"2":6,"3":48,"4":47,"5":47,"6":47,"7":43,"8":43,"9":4,"10":1,"11":1,"12":6,"13":13,"14":10,"15":3,"16":6},"f":{"0":48,"1":13},"b":{"0":[47,1],"1":[48,47],"2":[47,0],"3":[1,0],"4":[10,3],"5":[13,13]},"_coverageSchema":"1a1c01bbd47fc00a2c39e90264f33305004495a9","hash":"f3d6a71170db5d521a1dec29406cf0f17790d688"}
,"/Users/tannu/Capstone-Projects/current/campus-booking-system/backend/utils/auditLogger.js": {"path":"/Users/tannu/Capstone-Projects/current/campus-booking-system/backend/utils/auditLogger.js","statementMap":{"0":{"start":{"line":1,"column":17},"end":{"line":1,"column":46}},"1":{"start":{"line":8,"column":17},"end":{"line":22,"column":1}},"2":{"start":{"line":9,"column":2},"end":{"line":21,"column":3}},"3":{"start":{"line":10,"column":4},"end":{"line":17,"column":7}},"4":{"start":{"line":20,"column":4},"end":{"line":20,"column":71}},"5":{"start":{"line":27,"column":17},"end":{"line":30,"column":1}},"6":{"start":{"line":28,"column":2},"end":{"line":28,"column":83}},"7":{"start":{"line":29,"column":2},"end":{"line":29,"column":9}},"8":{"start":{"line":32,"column":0},"end":{"line":32,"column":40}}},"fnMap":{"0":{"name":"(anonymous_0)","decl":{"start":{"line":8,"column":17},"end":{"line":8,"column":18}},"loc":{"start":{"line":8,"column":49},"end":{"line":22,"column":1}},"line":8},"1":{"name":"(anonymous_1)","decl":{"start":{"line":27,"column":17},"end":{"line":27,"column":18}},"loc":{"start":{"line":27,"column":37},"end":{"line":30,"column":1}},"line":27}},"branchMap":{"0":{"loc":{"start":{"line":8,"column":32},"end":{"line":8,"column":44}},"type":"default-arg","locations":[{"start":{"line":8,"column":42},"end":{"line":8,"column":44}}],"line":8},"1":{"loc":{"start":{"line":12,"column":19},"end":{"line":12,"column":46}},"type":"binary-expr","locations":[{"start":{"line":12,"column":19},"end":{"line":12,"column":38}},{"start":{"line":12,"column":42},"end":{"line":12,"column":46}}],"line":12},"2":{"loc":{"start":{"line":13,"column":18},"end":{"line":13,"column":48}},"type":"binary-expr","locations":[{"start":{"line":13,"column":18},"end":{"line":13,"column":36}},{"start":{"line":13,"column":40},"end":{"line":13,"column":48}}],"line":13},"3":{"loc":{"start":{"line":14,"column":16},"end":{"line":14,"column":40}},"type":"binary-expr","locations":[{"start":{"line":14,"column":16},"end":{"line":14,"column":32}},{"start":{"line":14,"column":36},"end":{"line":14,"column":40}}],"line":14},"4":{"loc":{"start":{"line":15,"column":15},"end":{"line":15,"column":36}},"type":"binary-expr","locations":[{"start":{"line":15,"column":15},"end":{"line":15,"column":30}},{"start":{"line":15,"column":34},"end":{"line":15,"column":36}}],"line":15},"5":{"loc":{"start":{"line":16,"column":17},"end":{"line":16,"column":40}},"type":"binary-expr","locations":[{"start":{"line":16,"column":17},"end":{"line":16,"column":34}},{"start":{"line":16,"column":38},"end":{"line":16,"column":40}}],"line":16},"6":{"loc":{"start":{"line":28,"column":17},"end":{"line":28,"column":82}},"type":"binary-expr","locations":[{"start":{"line":28,"column":17},"end":{"line":28,"column":47}},{"start":{"line":28,"column":51},"end":{"line":28,"column":76}},{"start":{"line":28,"column":80},"end":{"line":28,"column":82}}],"line":28}},"s":{"0":6,"1":6,"2":23,"3":23,"4":0,"5":6,"6":0,"7":0,"8":6},"f":{"0":23,"1":0},"b":{"0":[0],"1":[23,0],"2":[23,0],"3":[23,0],"4":[23,0],"5":[23,23],"6":[0,0,0]},"_coverageSchema":"1a1c01bbd47fc00a2c39e90264f33305004495a9","hash":"a33c298533513f888c2045785ae166692feafbbc"}
,"/Users/tannu/Capstone-Projects/current/campus-booking-system/backend/utils/bookingValidator.js": {"path":"/Users/tannu/Capstone-Projects/current/campus-booking-system/backend/utils/bookingValidator.js","statementMap":{"0":{"start":{"line":7,"column":29},"end":{"line":7,"column":31}},"1":{"start":{"line":8,"column":29},"end":{"line":8,"column":32}},"2":{"start":{"line":9,"column":25},"end":{"line":9,"column":27}},"3":{"start":{"line":14,"column":26},"end":{"line":27,"column":1}},"4":{"start":{"line":15,"column":2},"end":{"line":17,"column":3}},"5":{"start":{"line":16,"column":4},"end":{"line":16,"column":92}},"6":{"start":{"line":18,"column":2},"end":{"line":20,"column":3}},"7":{"start":{"line":19,"column":4},"end":{"line":19,"column":88}},"8":{"start":{"line":22,"column":2},"end":{"line":24,"column":3}},"9":{"start":{"line":23,"column":4},"end":{"line":23,"column":101}},"10":{"start":{"line":26,"column":2},"end":{"line":26,"column":25}},"11":{"start":{"line":32,"column":25},"end":{"line":58,"column":1}},"12":{"start":{"line":33,"column":27},"end":{"line":33,"column":59}},"13":{"start":{"line":34,"column":23},"end":{"line":34,"column":53}},"14":{"start":{"line":35,"column":26},"end":{"line":35,"column":69}},"15":{"start":{"line":37,"column":2},"end":{"line":45,"column":3}},"16":{"start":{"line":38,"column":4},"end":{"line":44,"column":6}},"17":{"start":{"line":47,"column":2},"end":{"line":55,"column":3}},"18":{"start":{"line":48,"column":4},"end":{"line":54,"column":6}},"19":{"start":{"line":57,"column":2},"end":{"line":57,"column":25}},"20":{"start":{"line":63,"column":27},"end":{"line":88,"column":1}},"21":{"start":{"line":64,"column":22},"end":{"line":64,"column":36}},"22":{"start":{"line":65,"column":14},"end":{"line":65,"column":24}},"23":{"start":{"line":68,"column":16},"end":{"line":68,"column":74}},"24":{"start":{"line":69,"column":18},"end":{"line":69,"column":100}},"25":{"start":{"line":71,"column":2},"end":{"line":73,"column":3}},"26":{"start":{"line":72,"column":4},"end":{"line":72,"column":101}},"27":{"start":{"line":75,"column":18},"end":{"line":75,"column":33}},"28":{"start":{"line":76,"column":2},"end":{"line":76,"column":54}},"29":{"start":{"line":78,"column":2},"end":{"line":85,"column":3}},"30":{"start":{"line":79,"column":4},"end":{"line":84,"column":6}},"31":{"start":{"line":87,"column":2},"end":{"line":87,"column":25}},"32":{"start":{"line":93,"column":31},"end":{"line":115,"column":1}},"33":{"start":{"line":94,"column":2},"end":{"line":102,"column":3}},"34":{"start":{"line":95,"column":4},"end":{"line":101,"column":6}},"35":{"start":{"line":104,"column":2},"end":{"line":112,"column":3}},"36":{"start":{"line":105,"column":4},"end":{"line":111,"column":6}},"37":{"start":{"line":114,"column":2},"end":{"line":114,"column":25}},"38":{"start":{"line":120,"column":23},"end":{"line":122,"column":1}},"39":{"start":{"line":121,"column":2},"end":{"line":121,"column":40}},"40":{"start":{"line":127,"column":33},"end":{"line":145,"column":1}},"41":{"start":{"line":128,"column":2},"end":{"line":130,"column":3}},"42":{"start":{"line":129,"column":4},"end":{"line":129,"column":72}},"43":{"start":{"line":133,"column":23},"end":{"line":133,"column":57}},"44":{"start":{"line":134,"column":23},"end":{"line":134,"column":55}},"45":{"start":{"line":135,"column":22},"end":{"line":135,"column":135}},"46":{"start":{"line":138,"column":27},"end":{"line":138,"column":63}},"47":{"start":{"line":139,"column":27},"end":{"line":139,"column":63}},"48":{"start":{"line":140,"column":24},"end":{"line":142,"column":13}},"49":{"start":{"line":144,"column":2},"end":{"line":144,"column":58}},"50":{"start":{"line":150,"column":25},"end":{"line":174,"column":1}},"51":{"start":{"line":151,"column":2},"end":{"line":153,"column":3}},"52":{"start":{"line":152,"column":4},"end":{"line":152,"column":27}},"53":{"start":{"line":155,"column":2},"end":{"line":161,"column":3}},"54":{"start":{"line":156,"column":4},"end":{"line":160,"column":6}},"55":{"start":{"line":163,"column":2},"end":{"line":171,"column":3}},"56":{"start":{"line":164,"column":4},"end":{"line":170,"column":6}},"57":{"start":{"line":173,"column":2},"end":{"line":173,"column":25}},"58":{"start":{"line":179,"column":33},"end":{"line":187,"column":1}},"59":{"start":{"line":180,"column":15},"end":{"line":180,"column":39}},"60":{"start":{"line":181,"column":16},"end":{"line":181,"column":50}},"61":{"start":{"line":182,"column":13},"end":{"line":182,"column":15}},"62":{"start":{"line":183,"column":2},"end":{"line":185,"column":3}},"63":{"start":{"line":183,"column":15},"end":{"line":183,"column":16}},"64":{"start":{"line":184,"column":4},"end":{"line":184,"column":67}},"65":{"start":{"line":186,"column":2},"end":{"line":186,"column":30}},"66":{"start":{"line":192,"column":31},"end":{"line":233,"column":1}},"67":{"start":{"line":193,"column":17},"end":{"line":193,"column":19}},"68":{"start":{"line":196,"column":20},"end":{"line":196,"column":67}},"69":{"start":{"line":197,"column":2},"end":{"line":197,"column":47}},"70":{"start":{"line":197,"column":24},"end":{"line":197,"column":47}},"71":{"start":{"line":200,"column":2},"end":{"line":203,"column":3}},"72":{"start":{"line":201,"column":21},"end":{"line":201,"column":67}},"73":{"start":{"line":202,"column":4},"end":{"line":202,"column":47}},"74":{"start":{"line":202,"column":25},"end":{"line":202,"column":47}},"75":{"start":{"line":206,"column":2},"end":{"line":209,"column":3}},"76":{"start":{"line":207,"column":24},"end":{"line":207,"column":53}},"77":{"start":{"line":208,"column":4},"end":{"line":208,"column":53}},"78":{"start":{"line":208,"column":28},"end":{"line":208,"column":53}},"79":{"start":{"line":212,"column":2},"end":{"line":220,"column":3}},"80":{"start":{"line":213,"column":20},"end":{"line":218,"column":5}},"81":{"start":{"line":219,"column":4},"end":{"line":219,"column":45}},"82":{"start":{"line":219,"column":24},"end":{"line":219,"column":45}},"83":{"start":{"line":223,"column":2},"end":{"line":226,"column":3}},"84":{"start":{"line":224,"column":21},"end":{"line":224,"column":72}},"85":{"start":{"line":225,"column":4},"end":{"line":225,"column":47}},"86":{"start":{"line":225,"column":25},"end":{"line":225,"column":47}},"87":{"start":{"line":228,"column":2},"end":{"line":230,"column":3}},"88":{"start":{"line":229,"column":4},"end":{"line":229,"column":36}},"89":{"start":{"line":232,"column":2},"end":{"line":232,"column":25}},"90":{"start":{"line":235,"column":0},"end":{"line":248,"column":2}}},"fnMap":{"0":{"name":"(anonymous_0)","decl":{"start":{"line":14,"column":26},"end":{"line":14,"column":27}},"loc":{"start":{"line":14,"column":50},"end":{"line":27,"column":1}},"line":14},"1":{"name":"(anonymous_1)","decl":{"start":{"line":32,"column":25},"end":{"line":32,"column":26}},"loc":{"start":{"line":32,"column":119},"end":{"line":58,"column":1}},"line":32},"2":{"name":"(anonymous_2)","decl":{"start":{"line":63,"column":27},"end":{"line":63,"column":28}},"loc":{"start":{"line":63,"column":72},"end":{"line":88,"column":1}},"line":63},"3":{"name":"(anonymous_3)","decl":{"start":{"line":93,"column":31},"end":{"line":93,"column":32}},"loc":{"start":{"line":93,"column":105},"end":{"line":115,"column":1}},"line":93},"4":{"name":"(anonymous_4)","decl":{"start":{"line":120,"column":23},"end":{"line":120,"column":24}},"loc":{"start":{"line":120,"column":55},"end":{"line":122,"column":1}},"line":120},"5":{"name":"(anonymous_5)","decl":{"start":{"line":127,"column":33},"end":{"line":127,"column":34}},"loc":{"start":{"line":127,"column":102},"end":{"line":145,"column":1}},"line":127},"6":{"name":"(anonymous_6)","decl":{"start":{"line":150,"column":25},"end":{"line":150,"column":26}},"loc":{"start":{"line":150,"column":58},"end":{"line":174,"column":1}},"line":150},"7":{"name":"(anonymous_7)","decl":{"start":{"line":179,"column":33},"end":{"line":179,"column":34}},"loc":{"start":{"line":179,"column":39},"end":{"line":187,"column":1}},"line":179},"8":{"name":"(anonymous_8)","decl":{"start":{"line":192,"column":31},"end":{"line":192,"column":32}},"loc":{"start":{"line":192,"column":47},"end":{"line":233,"column":1}},"line":192}},"branchMap":{"0":{"loc":{"start":{"line":15,"column":2},"end":{"line":17,"column":3}},"type":"if","locations":[{"start":{"line":15,"column":2},"end":{"line":17,"column":3}},{"start":{},"end":{}}],"line":15},"1":{"loc":{"start":{"line":18,"column":2},"end":{"line":20,"column":3}},"type":"if","locations":[{"start":{"line":18,"column":2},"end":{"line":20,"column":3}},{"start":{},"end":{}}],"line":18},"2":{"loc":{"start":{"line":22,"column":2},"end":{"line":24,"column":3}},"type":"if","locations":[{"start":{"line":22,"column":2},"end":{"line":24,"column":3}},{"start":{},"end":{}}],"line":22},"3":{"loc":{"start":{"line":32,"column":46},"end":{"line":32,"column":79}},"type":"default-arg","locations":[{"start":{"line":32,"column":59},"end":{"line":32,"column":79}}],"line":32},"4":{"loc":{"start":{"line":32,"column":81},"end":{"line":32,"column":114}},"type":"default-arg","locations":[{"start":{"line":32,"column":94},"end":{"line":32,"column":114}}],"line":32},"5":{"loc":{"start":{"line":37,"column":2},"end":{"line":45,"column":3}},"type":"if","locations":[{"start":{"line":37,"column":2},"end":{"line":45,"column":3}},{"start":{},"end":{}}],"line":37},"6":{"loc":{"start":{"line":47,"column":2},"end":{"line":55,"column":3}},"type":"if","locations":[{"start":{"line":47,"column":2},"end":{"line":55,"column":3}},{"start":{},"end":{}}],"line":47},"7":{"loc":{"start":{"line":63,"column":34},"end":{"line":63,"column":67}},"type":"default-arg","locations":[{"start":{"line":63,"column":51},"end":{"line":63,"column":67}}],"line":63},"8":{"loc":{"start":{"line":71,"column":2},"end":{"line":73,"column":3}},"type":"if","locations":[{"start":{"line":71,"column":2},"end":{"line":73,"column":3}},{"start":{},"end":{}}],"line":71},"9":{"loc":{"start":{"line":78,"column":2},"end":{"line":85,"column":3}},"type":"if","locations":[{"start":{"line":78,"column":2},"end":{"line":85,"column":3}},{"start":{},"end":{}}],"line":78},"10":{"loc":{"start":{"line":93,"column":52},"end":{"line":93,"column":76}},"type":"default-arg","locations":[{"start":{"line":93,"column":69},"end":{"line":93,"column":76}}],"line":93},"11":{"loc":{"start":{"line":93,"column":78},"end":{"line":93,"column":100}},"type":"default-arg","locations":[{"start":{"line":93,"column":93},"end":{"line":93,"column":100}}],"line":93},"12":{"loc":{"start":{"line":94,"column":2},"end":{"line":102,"column":3}},"type":"if","locations":[{"start":{"line":94,"column":2},"end":{"line":102,"column":3}},{"start":{},"end":{}}],"line":94},"13":{"loc":{"start":{"line":104,"column":2},"end":{"line":112,"column":3}},"type":"if","locations":[{"start":{"line":104,"column":2},"end":{"line":112,"column":3}},{"start":{},"end":{}}],"line":104},"14":{"loc":{"start":{"line":121,"column":9},"end":{"line":121,"column":39}},"type":"binary-expr","locations":[{"start":{"line":121,"column":9},"end":{"line":121,"column":22}},{"start":{"line":121,"column":26},"end":{"line":121,"column":39}}],"line":121},"15":{"loc":{"start":{"line":127,"column":80},"end":{"line":127,"column":97}},"type":"default-arg","locations":[{"start":{"line":127,"column":96},"end":{"line":127,"column":97}}],"line":127},"16":{"loc":{"start":{"line":128,"column":2},"end":{"line":130,"column":3}},"type":"if","locations":[{"start":{"line":128,"column":2},"end":{"line":130,"column":3}},{"start":{},"end":{}}],"line":128},"17":{"loc":{"start":{"line":140,"column":24},"end":{"line":142,"column":13}},"type":"cond-expr","locations":[{"start":{"line":141,"column":6},"end":{"line":141,"column":127}},{"start":{"line":142,"column":6},"end":{"line":142,"column":13}}],"line":140},"18":{"loc":{"start":{"line":144,"column":9},"end":{"line":144,"column":57}},"type":"binary-expr","locations":[{"start":{"line":144,"column":9},"end":{"line":144,"column":31}},{"start":{"line":144,"column":35},"end":{"line":144,"column":57}}],"line":144},"19":{"loc":{"start":{"line":151,"column":2},"end":{"line":153,"column":3}},"type":"if","locations":[{"start":{"line":151,"column":2},"end":{"line":153,"column":3}},{"start":{},"end":{}}],"line":151},"20":{"loc":{"start":{"line":151,"column":6},"end":{"line":151,"column":59}},"type":"binary-expr","locations":[{"start":{"line":151,"column":6},"end":{"line":151,"column":28}},{"start":{"line":151,"column":32},"end":{"line":151,"column":59}}],"line":151},"21":{"loc":{"start":{"line":155,"column":2},"end":{"line":161,"column":3}},"type":"if","locations":[{"start":{"line":155,"column":2},"end":{"line":161,"column":3}},{"start":{},"end":{}}],"line":155},"22":{"loc":{"start":{"line":163,"column":2},"end":{"line":171,"column":3}},"type":"if","locations":[{"start":{"line":163,"column":2},"end":{"line":171,"column":3}},{"start":{},"end":{}}],"line":163},"23":{"loc":{"start":{"line":197,"column":2},"end":{"line":197,"column":47}},"type":"if","locations":[{"start":{"line":197,"column":2},"end":{"line":197,"column":47}},{"start":{},"end":{}}],"line":197},"24":{"loc":{"start":{"line":200,"column":2},"end":{"line":203,"column":3}},"type":"if","locations":[{"start":{"line":200,"column":2},"end":{"line":203,"column":3}},{"start":{},"end":{}}],"line":200},"25":{"loc":{"start":{"line":200,"column":6},"end":{"line":200,"column":36}},"type":"binary-expr","locations":[{"start":{"line":200,"column":6},"end":{"line":200,"column":20}},{"start":{"line":200,"column":24},"end":{"line":200,"column":36}}],"line":200},"26":{"loc":{"start":{"line":202,"column":4},"end":{"line":202,"column":47}},"type":"if","locations":[{"start":{"line":202,"column":4},"end":{"line":202,"column":47}},{"start":{},"end":{}}],"line":202},"27":{"loc":{"start":{"line":206,"column":2},"end":{"line":209,"column":3}},"type":"if","locations":[{"start":{"line":206,"column":2},"end":{"line":209,"column":3}},{"start":{},"end":{}}],"line":206},"28":{"loc":{"start":{"line":208,"column":4},"end":{"line":208,"column":53}},"type":"if","locations":[{"start":{"line":208,"column":4},"end":{"line":208,"column":53}},{"start":{},"end":{}}],"line":208},"29":{"loc":{"start":{"line":212,"column":2},"end":{"line":220,"column":3}},"type":"if","locations":[{"start":{"line":212,"column":2},"end":{"line":220,"column":3}},{"start":{},"end":{}}],"line":212},"30":{"loc":{"start":{"line":212,"column":6},"end":{"line":212,"column":44}},"type":"binary-expr","locations":[{"start":{"line":212,"column":6},"end":{"line":212,"column":10}},{"start":{"line":212,"column":14},"end":{"line":212,"column":28}},{"start":{"line":212,"column":32},"end":{"line":212,"column":44}}],"line":212},"31":{"loc":{"start":{"line":216,"column":6},"end":{"line":216,"column":41}},"type":"binary-expr","locations":[{"start":{"line":216,"column":6},"end":{"line":216,"column":30}},{"start":{"line":216,"column":34},"end":{"line":216,"column":41}}],"line":216},"32":{"loc":{"start":{"line":217,"column":6},"end":{"line":217,"column":39}},"type":"binary-expr","locations":[{"start":{"line":217,"column":6},"end":{"line":217,"column":28}},{"start":{"line":217,"column":32},"end":{"line":217,"column":39}}],"line":217},"33":{"loc":{"start":{"line":219,"column":4},"end":{"line":219,"column":45}},"type":"if","locations":[{"start":{"line":219,"column":4},"end":{"line":219,"column":45}},{"start":{},"end":{}}],"line":219},"34":{"loc":{"start":{"line":223,"column":2},"end":{"line":226,"column":3}},"type":"if","locations":[{"start":{"line":223,"column":2},"end":{"line":226,"column":3}},{"start":{},"end":{}}],"line":223},"35":{"loc":{"start":{"line":223,"column":6},"end":{"line":223,"column":32}},"type":"binary-expr","locations":[{"start":{"line":223,"column":6},"end":{"line":223,"column":10}},{"start":{"line":223,"column":14},"end":{"line":223,"column":32}}],"line":223},"36":{"loc":{"start":{"line":225,"column":4},"end":{"line":225,"column":47}},"type":"if","locations":[{"start":{"line":225,"column":4},"end":{"line":225,"column":47}},{"start":{},"end":{}}],"line":225},"37":{"loc":{"start":{"line":228,"column":2},"end":{"line":230,"column":3}},"type":"if","locations":[{"start":{"line":228,"column":2},"end":{"line":230,"column":3}},{"start":{},"end":{}}],"line":228}},"s":{"0":8,"1":8,"2":8,"3":8,"4":27,"5":4,"6":23,"7":1,"8":22,"9":3,"10":19,"11":8,"12":31,"13":31,"14":31,"15":31,"16":4,"17":27,"18":2,"19":25,"20":8,"21":31,"22":31,"23":31,"24":31,"25":31,"26":5,"27":26,"28":26,"29":26,"30":3,"31":23,"32":8,"33":26,"34":2,"35":24,"36":2,"37":22,"38":8,"39":13,"40":8,"41":14,"42":1,"43":13,"44":13,"45":13,"46":13,"47":13,"48":13,"49":13,"50":8,"51":14,"52":2,"53":12,"54":2,"55":10,"56":4,"57":6,"58":8,"59":162,"60":162,"61":162,"62":162,"63":162,"64":648,"65":162,"66":8,"67":20,"68":20,"69":20,"70":2,"71":20,"72":19,"73":19,"74":1,"75":20,"76":20,"77":20,"78":2,"79":20,"80":18,"81":18,"82":0,"83":20,"84":4,"85":4,"86":1,"87":20,"88":3,"89":17,"90":8},"f":{"0":27,"1":31,"2":31,"3":26,"4":13,"5":14,"6":14,"7":162,"8":20},"b":{"0":[4,23],"1":[1,22],"2":[3,19],"3":[30],"4":[30],"5":[4,27],"6":[2,25],"7":[30],"8":[5,26],"9":[3,23],"10":[1],"11":[1],"12":[2,24],"13":[2,22],"14":[13,12],"15":[0],"16":[1,13],"17":[13,0],"18":[13,10],"19":[2,12],"20":[14,13],"21":[2,10],"22":[4,6],"23":[2,18],"24":[19,1],"25":[20,19],"26":[1,18],"27":[20,0],"28":[2,18],"29":[18,2],"30":[20,19,18],"31":[18,0],"32":[18,0],"33":[0,18],"34":[4,16],"35":[20,19],"36":[1,3],"37":[3,17]},"_coverageSchema":"1a1c01bbd47fc00a2c39e90264f33305004495a9","hash":"5f6c474bce38e18ec29e5322375f86bc6ee916c5"}
,"/Users/tannu/Capstone-Projects/current/campus-booking-system/backend/utils/emailTemplates.js": {"path":"/Users/tannu/Capstone-Projects/current/campus-booking-system/backend/utils/emailTemplates.js","statementMap":{"0":{"start":{"line":5,"column":19},"end":{"line":13,"column":1}},"1":{"start":{"line":15,"column":20},"end":{"line":20,"column":1}},"2":{"start":{"line":22,"column":18},"end":{"line":26,"column":1}},"3":{"start":{"line":28,"column":20},"end":{"line":35,"column":1}},"4":{"start":{"line":37,"column":20},"end":{"line":47,"column":1}},"5":{"start":{"line":49,"column":21},"end":{"line":55,"column":1}},"6":{"start":{"line":60,"column":21},"end":{"line":86,"column":1}},"7":{"start":{"line":60,"column":31},"end":{"line":86,"column":1}},"8":{"start":{"line":91,"column":33},"end":{"line":118,"column":1}},"9":{"start":{"line":91,"column":58},"end":{"line":118,"column":1}},"10":{"start":{"line":123,"column":27},"end":{"line":168,"column":1}},"11":{"start":{"line":124,"column":23},"end":{"line":129,"column":3}},"12":{"start":{"line":131,"column":25},"end":{"line":136,"column":3}},"13":{"start":{"line":138,"column":22},"end":{"line":138,"column":58}},"14":{"start":{"line":140,"column":2},"end":{"line":167,"column":4}},"15":{"start":{"line":170,"column":0},"end":{"line":174,"column":2}}},"fnMap":{"0":{"name":"(anonymous_0)","decl":{"start":{"line":60,"column":21},"end":{"line":60,"column":22}},"loc":{"start":{"line":60,"column":31},"end":{"line":86,"column":1}},"line":60},"1":{"name":"(anonymous_1)","decl":{"start":{"line":91,"column":33},"end":{"line":91,"column":34}},"loc":{"start":{"line":91,"column":58},"end":{"line":118,"column":1}},"line":91},"2":{"name":"(anonymous_2)","decl":{"start":{"line":123,"column":27},"end":{"line":123,"column":28}},"loc":{"start":{"line":123,"column":63},"end":{"line":168,"column":1}},"line":123}},"branchMap":{"0":{"loc":{"start":{"line":79,"column":17},"end":{"line":79,"column":68}},"type":"binary-expr","locations":[{"start":{"line":79,"column":17},"end":{"line":79,"column":41}},{"start":{"line":79,"column":45},"end":{"line":79,"column":68}}],"line":79},"1":{"loc":{"start":{"line":106,"column":10},"end":{"line":106,"column":166}},"type":"cond-expr","locations":[{"start":{"line":106,"column":28},"end":{"line":106,"column":161}},{"start":{"line":106,"column":164},"end":{"line":106,"column":166}}],"line":106},"2":{"loc":{"start":{"line":111,"column":17},"end":{"line":111,"column":68}},"type":"binary-expr","locations":[{"start":{"line":111,"column":17},"end":{"line":111,"column":41}},{"start":{"line":111,"column":45},"end":{"line":111,"column":68}}],"line":111},"3":{"loc":{"start":{"line":138,"column":22},"end":{"line":138,"column":58}},"type":"binary-expr","locations":[{"start":{"line":138,"column":22},"end":{"line":138,"column":45}},{"start":{"line":138,"column":49},"end":{"line":138,"column":58}}],"line":138},"4":{"loc":{"start":{"line":154,"column":110},"end":{"line":154,"column":128}},"type":"binary-expr","locations":[{"start":{"line":154,"column":110},"end":{"line":154,"column":119}},{"start":{"line":154,"column":123},"end":{"line":154,"column":128}}],"line":154},"5":{"loc":{"start":{"line":160,"column":17},"end":{"line":160,"column":68}},"type":"binary-expr","locations":[{"start":{"line":160,"column":17},"end":{"line":160,"column":41}},{"start":{"line":160,"column":45},"end":{"line":160,"column":68}}],"line":160}},"s":{"0":4,"1":4,"2":4,"3":4,"4":4,"5":4,"6":4,"7":0,"8":4,"9":9,"10":4,"11":4,"12":4,"13":4,"14":4,"15":4},"f":{"0":0,"1":9,"2":4},"b":{"0":[0,0],"1":[1,8],"2":[9,9],"3":[4,0],"4":[4,0],"5":[4,4]},"_coverageSchema":"1a1c01bbd47fc00a2c39e90264f33305004495a9","hash":"e6073f78446959c3994dcb770dfa44dce0bcd6d0"}
}
