TN:
SF:controllers/auditController.js
FN:5,(anonymous_0)
FN:42,(anonymous_1)
FN:58,(anonymous_2)
FNF:3
FNH:0
FNDA:0,(anonymous_0)
FNDA:0,(anonymous_1)
FNDA:0,(anonymous_2)
DA:1,0
DA:5,0
DA:6,0
DA:7,0
DA:8,0
DA:10,0
DA:11,0
DA:12,0
DA:13,0
DA:14,0
DA:15,0
DA:16,0
DA:19,0
DA:20,0
DA:29,0
DA:36,0
DA:42,0
DA:43,0
DA:44,0
DA:45,0
DA:50,0
DA:52,0
DA:58,0
DA:59,0
DA:60,0
DA:61,0
DA:63,0
DA:67,0
LF:28
LH:0
BRDA:7,0,0,0
BRDA:7,1,0,0
BRDA:10,2,0,0
BRDA:10,2,1,0
BRDA:11,3,0,0
BRDA:11,3,1,0
BRDA:12,4,0,0
BRDA:12,4,1,0
BRDA:13,5,0,0
BRDA:13,5,1,0
BRDA:13,6,0,0
BRDA:13,6,1,0
BRDA:15,7,0,0
BRDA:15,7,1,0
BRDA:16,8,0,0
BRDA:16,8,1,0
BRDA:44,9,0,0
BRF:17
BRH:0
end_of_record
TN:
SF:controllers/authController.js
FN:7,(anonymous_0)
FN:15,(anonymous_1)
FN:35,(anonymous_2)
FN:53,(anonymous_3)
FN:114,(anonymous_4)
FNF:5
FNH:0
FNDA:0,(anonymous_0)
FNDA:0,(anonymous_1)
FNDA:0,(anonymous_2)
FNDA:0,(anonymous_3)
FNDA:0,(anonymous_4)
DA:1,1
DA:2,1
DA:3,1
DA:4,1
DA:5,1
DA:7,1
DA:8,0
DA:15,1
DA:16,0
DA:17,0
DA:19,0
DA:20,0
DA:21,0
DA:24,0
DA:26,0
DA:35,0
DA:37,0
DA:47,0
DA:53,1
DA:54,0
DA:55,0
DA:57,0
DA:58,0
DA:59,0
DA:63,0
DA:64,0
DA:68,0
DA:69,0
DA:70,0
DA:71,0
DA:72,0
DA:73,0
DA:75,0
DA:83,0
DA:84,0
DA:85,0
DA:87,0
DA:95,0
DA:105,0
DA:108,0
DA:114,1
DA:115,0
DA:118,1
LF:43
LH:10
BRDA:8,0,0,0
BRDA:8,0,1,0
BRDA:20,1,0,0
BRDA:20,1,1,0
BRDA:58,2,0,0
BRDA:58,2,1,0
BRDA:63,3,0,0
BRDA:63,3,1,0
BRDA:68,4,0,0
BRDA:68,4,1,0
BRDA:69,5,0,0
BRDA:69,5,1,0
BRDA:69,6,0,0
BRDA:69,6,1,0
BRDA:83,7,0,0
BRDA:83,7,1,0
BRF:16
BRH:0
end_of_record
TN:
SF:controllers/bookingController.js
FN:11,(anonymous_0)
FN:61,(anonymous_1)
FN:77,(anonymous_2)
FN:132,(anonymous_3)
FN:142,(anonymous_4)
FN:155,(anonymous_5)
FN:190,(anonymous_6)
FN:204,(anonymous_7)
FN:239,(anonymous_8)
FN:276,(anonymous_9)
FN:287,(anonymous_10)
FN:323,(anonymous_11)
FN:334,(anonymous_12)
FN:388,(anonymous_13)
FN:404,(anonymous_14)
FN:440,(anonymous_15)
FNF:16
FNH:6
FNDA:19,(anonymous_0)
FNDA:7,(anonymous_1)
FNDA:6,(anonymous_2)
FNDA:0,(anonymous_3)
FNDA:0,(anonymous_4)
FNDA:0,(anonymous_5)
FNDA:0,(anonymous_6)
FNDA:0,(anonymous_7)
FNDA:6,(anonymous_8)
FNDA:0,(anonymous_9)
FNDA:0,(anonymous_10)
FNDA:0,(anonymous_11)
FNDA:1,(anonymous_12)
FNDA:0,(anonymous_13)
FNDA:5,(anonymous_14)
FNDA:0,(anonymous_15)
DA:1,4
DA:2,4
DA:3,4
DA:4,4
DA:5,4
DA:6,4
DA:7,4
DA:11,4
DA:12,19
DA:13,19
DA:16,19
DA:17,19
DA:18,19
DA:19,0
DA:23,19
DA:29,19
DA:30,0
DA:39,19
DA:40,19
DA:41,2
DA:43,17
DA:44,1
DA:48,16
DA:49,16
DA:50,1
DA:54,15
DA:55,15
DA:61,15
DA:62,7
DA:65,15
DA:67,6
DA:74,6
DA:77,6
DA:90,9
DA:91,9
DA:94,9
DA:107,9
DA:110,9
DA:126,9
DA:134,9
DA:136,0
DA:142,4
DA:143,0
DA:144,0
DA:147,0
DA:149,0
DA:155,4
DA:156,0
DA:157,0
DA:158,0
DA:159,0
DA:160,0
DA:161,0
DA:162,0
DA:163,0
DA:164,0
DA:167,0
DA:168,0
DA:177,0
DA:184,0
DA:190,4
DA:191,0
DA:192,0
DA:196,0
DA:198,0
DA:204,4
DA:205,0
DA:206,0
DA:208,0
DA:209,0
DA:213,0
DA:214,0
DA:217,0
DA:218,0
DA:223,0
DA:231,0
DA:233,0
DA:239,4
DA:240,6
DA:241,6
DA:243,6
DA:244,1
DA:247,5
DA:248,1
DA:251,4
DA:252,4
DA:253,4
DA:254,4
DA:256,4
DA:270,4
DA:271,4
DA:272,4
DA:279,4
DA:281,0
DA:287,4
DA:288,0
DA:289,0
DA:291,0
DA:292,0
DA:293,0
DA:296,0
DA:297,0
DA:298,0
DA:299,0
DA:301,0
DA:303,0
DA:309,0
DA:318,0
DA:319,0
DA:326,0
DA:328,0
DA:334,4
DA:335,1
DA:336,1
DA:338,1
DA:339,1
DA:342,0
DA:343,0
DA:344,0
DA:348,0
DA:349,0
DA:350,0
DA:351,0
DA:354,0
DA:355,0
DA:369,0
DA:383,0
DA:384,0
DA:391,0
DA:392,0
DA:398,0
DA:404,4
DA:405,5
DA:406,5
DA:407,5
DA:408,0
DA:411,5
DA:412,1
DA:415,4
DA:416,1
DA:419,3
DA:420,3
DA:421,3
DA:423,3
DA:431,3
DA:432,3
DA:434,0
DA:440,4
DA:441,0
DA:442,0
DA:443,0
DA:444,0
DA:445,0
DA:456,0
DA:468,0
DA:478,0
DA:490,0
DA:491,0
DA:492,0
DA:493,0
DA:495,0
DA:501,0
DA:507,0
DA:514,0
DA:531,0
DA:535,4
LF:166
LH:80
BRDA:18,0,0,0
BRDA:18,0,1,19
BRDA:29,1,0,0
BRDA:29,1,1,19
BRDA:29,2,0,19
BRDA:29,2,1,0
BRDA:31,3,0,0
BRDA:31,3,1,0
BRDA:34,4,0,0
BRDA:34,4,1,0
BRDA:40,5,0,2
BRDA:40,5,1,17
BRDA:43,6,0,1
BRDA:43,6,1,16
BRDA:43,7,0,17
BRDA:43,7,1,17
BRDA:49,8,0,1
BRDA:49,8,1,15
BRDA:62,9,0,7
BRDA:62,9,1,0
BRDA:65,10,0,6
BRDA:65,10,1,9
BRDA:71,11,0,6
BRDA:71,11,1,6
BRDA:84,12,0,6
BRDA:84,12,1,0
BRDA:90,13,0,1
BRDA:90,13,1,8
BRDA:102,14,0,9
BRDA:102,14,1,7
BRDA:128,15,0,1
BRDA:128,15,1,8
BRDA:157,16,0,0
BRDA:157,17,0,0
BRDA:159,18,0,0
BRDA:159,18,1,0
BRDA:160,19,0,0
BRDA:160,19,1,0
BRDA:161,20,0,0
BRDA:161,20,1,0
BRDA:161,21,0,0
BRDA:161,21,1,0
BRDA:163,22,0,0
BRDA:163,22,1,0
BRDA:164,23,0,0
BRDA:164,23,1,0
BRDA:208,24,0,0
BRDA:208,24,1,0
BRDA:213,25,0,0
BRDA:213,25,1,0
BRDA:213,26,0,0
BRDA:213,26,1,0
BRDA:243,27,0,1
BRDA:243,27,1,5
BRDA:247,28,0,1
BRDA:247,28,1,4
BRDA:247,29,0,5
BRDA:247,29,1,2
BRDA:252,30,0,4
BRDA:252,30,1,4
BRDA:271,31,0,4
BRDA:271,31,1,0
BRDA:271,32,0,4
BRDA:271,32,1,4
BRDA:275,33,0,4
BRDA:275,33,1,0
BRDA:292,34,0,0
BRDA:292,34,1,0
BRDA:298,35,0,0
BRDA:298,35,1,0
BRDA:309,36,0,0
BRDA:309,36,1,0
BRDA:318,37,0,0
BRDA:318,37,1,0
BRDA:318,38,0,0
BRDA:318,38,1,0
BRDA:322,39,0,0
BRDA:322,39,1,0
BRDA:338,40,0,1
BRDA:338,40,1,0
BRDA:343,41,0,0
BRDA:343,41,1,0
BRDA:359,42,0,0
BRDA:359,42,1,0
BRDA:360,43,0,0
BRDA:360,43,1,0
BRDA:361,44,0,0
BRDA:361,44,1,0
BRDA:383,45,0,0
BRDA:383,45,1,0
BRDA:387,46,0,0
BRDA:387,46,1,0
BRDA:407,47,0,0
BRDA:407,47,1,5
BRDA:411,48,0,1
BRDA:411,48,1,4
BRDA:411,49,0,5
BRDA:411,49,1,1
BRDA:415,50,0,1
BRDA:415,50,1,3
BRDA:442,51,0,0
BRDA:526,52,0,0
BRDA:526,52,1,0
BRF:103
BRH:43
end_of_record
TN:
SF:controllers/roomController.js
FN:7,(anonymous_0)
FN:32,(anonymous_1)
FN:46,(anonymous_2)
FN:71,(anonymous_3)
FN:87,(anonymous_4)
FN:94,(anonymous_5)
FN:120,(anonymous_6)
FN:140,(anonymous_7)
FN:168,(anonymous_8)
FN:203,(anonymous_9)
FNF:10
FNH:4
FNDA:4,(anonymous_0)
FNDA:0,(anonymous_1)
FNDA:0,(anonymous_2)
FNDA:0,(anonymous_3)
FNDA:0,(anonymous_4)
FNDA:0,(anonymous_5)
FNDA:1,(anonymous_6)
FNDA:0,(anonymous_7)
FNDA:1,(anonymous_8)
FNDA:1,(anonymous_9)
DA:1,3
DA:2,3
DA:3,3
DA:7,3
DA:8,4
DA:9,4
DA:10,4
DA:12,4
DA:13,4
DA:14,4
DA:15,4
DA:16,1
DA:23,4
DA:24,4
DA:26,0
DA:32,3
DA:33,0
DA:34,0
DA:35,0
DA:36,0
DA:38,0
DA:40,0
DA:46,3
DA:47,0
DA:48,0
DA:49,0
DA:51,0
DA:57,0
DA:59,0
DA:65,0
DA:71,3
DA:72,0
DA:73,0
DA:74,0
DA:75,0
DA:77,0
DA:78,0
DA:80,0
DA:87,0
DA:88,0
DA:89,0
DA:90,0
DA:93,0
DA:94,0
DA:95,0
DA:96,0
DA:97,0
DA:100,0
DA:101,0
DA:105,0
DA:114,0
DA:120,3
DA:121,1
DA:122,1
DA:124,1
DA:132,1
DA:134,0
DA:140,3
DA:141,0
DA:142,0
DA:143,0
DA:144,0
DA:147,0
DA:152,0
DA:160,0
DA:162,0
DA:168,3
DA:169,1
DA:170,1
DA:171,1
DA:172,0
DA:176,1
DA:177,1
DA:178,1
DA:181,1
DA:187,1
DA:195,1
DA:197,0
DA:203,3
DA:204,1
DA:205,1
DA:206,1
DA:208,0
DA:212,3
LF:84
LH:38
BRDA:12,0,0,1
BRDA:12,0,1,3
BRDA:13,1,0,1
BRDA:13,1,1,3
BRDA:14,2,0,0
BRDA:14,2,1,4
BRDA:15,3,0,1
BRDA:15,3,1,3
BRDA:35,4,0,0
BRDA:35,4,1,0
BRDA:49,5,0,0
BRDA:49,5,1,0
BRDA:60,6,0,0
BRDA:60,6,1,0
BRDA:73,7,0,0
BRDA:78,8,0,0
BRDA:78,8,1,0
BRDA:88,9,0,0
BRDA:88,9,1,0
BRDA:89,10,0,0
BRDA:89,10,1,0
BRDA:101,11,0,0
BRDA:101,11,1,0
BRDA:143,12,0,0
BRDA:143,12,1,0
BRDA:171,13,0,0
BRDA:171,13,1,1
BRDA:191,14,0,1
BRDA:191,14,1,1
BRF:29
BRH:10
end_of_record
TN:
SF:controllers/userController.js
FN:7,(anonymous_0)
FN:33,(anonymous_1)
FN:60,(anonymous_2)
FN:96,(anonymous_3)
FN:146,(anonymous_4)
FN:181,(anonymous_5)
FNF:6
FNH:4
FNDA:1,(anonymous_0)
FNDA:2,(anonymous_1)
FNDA:0,(anonymous_2)
FNDA:3,(anonymous_3)
FNDA:3,(anonymous_4)
FNDA:0,(anonymous_5)
DA:1,1
DA:2,1
DA:3,1
DA:7,1
DA:8,1
DA:9,1
DA:10,1
DA:12,1
DA:13,1
DA:14,1
DA:15,0
DA:22,1
DA:23,1
DA:33,1
DA:34,2
DA:35,2
DA:40,2
DA:47,1
DA:54,0
DA:60,1
DA:61,0
DA:62,0
DA:63,0
DA:64,0
DA:67,0
DA:72,0
DA:88,0
DA:90,0
DA:96,1
DA:97,3
DA:98,3
DA:99,3
DA:101,3
DA:102,0
DA:106,3
DA:107,1
DA:110,2
DA:111,2
DA:112,2
DA:113,1
DA:114,1
DA:116,1
DA:117,1
DA:119,2
DA:121,2
DA:127,2
DA:135,2
DA:140,0
DA:146,1
DA:147,3
DA:148,3
DA:149,3
DA:150,3
DA:151,0
DA:154,3
DA:155,3
DA:158,3
DA:159,3
DA:160,1
DA:161,0
DA:163,3
DA:165,3
DA:173,3
DA:175,0
DA:181,1
DA:182,0
DA:183,0
DA:192,0
DA:197,0
DA:199,0
DA:203,1
LF:71
LH:51
BRDA:9,0,0,1
BRDA:9,1,0,1
BRDA:12,2,0,0
BRDA:12,2,1,1
BRDA:13,3,0,0
BRDA:13,3,1,1
BRDA:14,4,0,0
BRDA:14,4,1,1
BRDA:63,5,0,0
BRDA:63,5,1,0
BRDA:101,6,0,0
BRDA:101,6,1,3
BRDA:106,7,0,1
BRDA:106,7,1,2
BRDA:112,8,0,1
BRDA:112,8,1,1
BRDA:113,9,0,1
BRDA:113,9,1,0
BRDA:114,10,0,1
BRDA:114,10,1,1
BRDA:127,11,0,2
BRDA:127,11,1,0
BRDA:150,12,0,0
BRDA:150,12,1,3
BRDA:158,13,0,0
BRDA:158,13,1,3
BRDA:159,14,0,2
BRDA:159,14,1,1
BRDA:160,15,0,1
BRDA:160,15,1,0
BRF:30
BRH:19
end_of_record
TN:
SF:middleware/auth.js
FN:4,(anonymous_0)
FN:23,(anonymous_1)
FNF:2
FNH:2
FNDA:48,(anonymous_0)
FNDA:13,(anonymous_1)
DA:1,6
DA:2,6
DA:4,6
DA:7,48
DA:8,47
DA:9,47
DA:10,47
DA:11,43
DA:12,43
DA:14,4
DA:18,1
DA:19,1
DA:23,6
DA:24,13
DA:25,10
DA:27,3
DA:31,6
LF:17
LH:17
BRDA:7,0,0,47
BRDA:7,0,1,1
BRDA:7,1,0,48
BRDA:7,1,1,47
BRDA:10,2,0,47
BRDA:10,2,1,0
BRDA:18,3,0,1
BRDA:18,3,1,0
BRDA:24,4,0,10
BRDA:24,4,1,3
BRDA:24,5,0,13
BRDA:24,5,1,13
BRF:12
BRH:10
end_of_record
TN:
SF:utils/auditLogger.js
FN:8,(anonymous_0)
FN:27,(anonymous_1)
FNF:2
FNH:1
FNDA:23,(anonymous_0)
FNDA:0,(anonymous_1)
DA:1,6
DA:8,6
DA:9,23
DA:10,23
DA:20,0
DA:27,6
DA:28,0
DA:29,0
DA:32,6
LF:9
LH:6
BRDA:8,0,0,0
BRDA:12,1,0,23
BRDA:12,1,1,0
BRDA:13,2,0,23
BRDA:13,2,1,0
BRDA:14,3,0,23
BRDA:14,3,1,0
BRDA:15,4,0,23
BRDA:15,4,1,0
BRDA:16,5,0,23
BRDA:16,5,1,23
BRDA:28,6,0,0
BRDA:28,6,1,0
BRDA:28,6,2,0
BRF:14
BRH:6
end_of_record
TN:
SF:utils/bookingValidator.js
FN:14,(anonymous_0)
FN:32,(anonymous_1)
FN:63,(anonymous_2)
FN:93,(anonymous_3)
FN:120,(anonymous_4)
FN:127,(anonymous_5)
FN:150,(anonymous_6)
FN:179,(anonymous_7)
FN:192,(anonymous_8)
FNF:9
FNH:9
FNDA:27,(anonymous_0)
FNDA:31,(anonymous_1)
FNDA:31,(anonymous_2)
FNDA:26,(anonymous_3)
FNDA:13,(anonymous_4)
FNDA:14,(anonymous_5)
FNDA:14,(anonymous_6)
FNDA:162,(anonymous_7)
FNDA:20,(anonymous_8)
DA:7,8
DA:8,8
DA:9,8
DA:14,8
DA:15,27
DA:16,4
DA:18,23
DA:19,1
DA:22,22
DA:23,3
DA:26,19
DA:32,8
DA:33,31
DA:34,31
DA:35,31
DA:37,31
DA:38,4
DA:47,27
DA:48,2
DA:57,25
DA:63,8
DA:64,31
DA:65,31
DA:68,31
DA:69,31
DA:71,31
DA:72,5
DA:75,26
DA:76,26
DA:78,26
DA:79,3
DA:87,23
DA:93,8
DA:94,26
DA:95,2
DA:104,24
DA:105,2
DA:114,22
DA:120,8
DA:121,13
DA:127,8
DA:128,14
DA:129,1
DA:133,13
DA:134,13
DA:135,13
DA:138,13
DA:139,13
DA:140,13
DA:144,13
DA:150,8
DA:151,14
DA:152,2
DA:155,12
DA:156,2
DA:163,10
DA:164,4
DA:173,6
DA:179,8
DA:180,162
DA:181,162
DA:182,162
DA:183,162
DA:184,648
DA:186,162
DA:192,8
DA:193,20
DA:196,20
DA:197,20
DA:200,20
DA:201,19
DA:202,19
DA:206,20
DA:207,20
DA:208,20
DA:212,20
DA:213,18
DA:219,18
DA:223,20
DA:224,4
DA:225,4
DA:228,20
DA:229,3
DA:232,17
DA:235,8
LF:85
LH:85
BRDA:15,0,0,4
BRDA:15,0,1,23
BRDA:18,1,0,1
BRDA:18,1,1,22
BRDA:22,2,0,3
BRDA:22,2,1,19
BRDA:32,3,0,30
BRDA:32,4,0,30
BRDA:37,5,0,4
BRDA:37,5,1,27
BRDA:47,6,0,2
BRDA:47,6,1,25
BRDA:63,7,0,30
BRDA:71,8,0,5
BRDA:71,8,1,26
BRDA:78,9,0,3
BRDA:78,9,1,23
BRDA:93,10,0,1
BRDA:93,11,0,1
BRDA:94,12,0,2
BRDA:94,12,1,24
BRDA:104,13,0,2
BRDA:104,13,1,22
BRDA:121,14,0,13
BRDA:121,14,1,12
BRDA:127,15,0,0
BRDA:128,16,0,1
BRDA:128,16,1,13
BRDA:140,17,0,13
BRDA:140,17,1,0
BRDA:144,18,0,13
BRDA:144,18,1,10
BRDA:151,19,0,2
BRDA:151,19,1,12
BRDA:151,20,0,14
BRDA:151,20,1,13
BRDA:155,21,0,2
BRDA:155,21,1,10
BRDA:163,22,0,4
BRDA:163,22,1,6
BRDA:197,23,0,2
BRDA:197,23,1,18
BRDA:200,24,0,19
BRDA:200,24,1,1
BRDA:200,25,0,20
BRDA:200,25,1,19
BRDA:202,26,0,1
BRDA:202,26,1,18
BRDA:206,27,0,20
BRDA:206,27,1,0
BRDA:208,28,0,2
BRDA:208,28,1,18
BRDA:212,29,0,18
BRDA:212,29,1,2
BRDA:212,30,0,20
BRDA:212,30,1,19
BRDA:212,30,2,18
BRDA:216,31,0,18
BRDA:216,31,1,0
BRDA:217,32,0,18
BRDA:217,32,1,0
BRDA:219,33,0,0
BRDA:219,33,1,18
BRDA:223,34,0,4
BRDA:223,34,1,16
BRDA:223,35,0,20
BRDA:223,35,1,19
BRDA:225,36,0,1
BRDA:225,36,1,3
BRDA:228,37,0,3
BRDA:228,37,1,17
BRF:71
BRH:65
end_of_record
TN:
SF:utils/emailTemplates.js
FN:60,(anonymous_0)
FN:91,(anonymous_1)
FN:123,(anonymous_2)
FNF:3
FNH:2
FNDA:0,(anonymous_0)
FNDA:9,(anonymous_1)
FNDA:4,(anonymous_2)
DA:5,4
DA:15,4
DA:22,4
DA:28,4
DA:37,4
DA:49,4
DA:60,4
DA:91,9
DA:123,4
DA:124,4
DA:131,4
DA:138,4
DA:140,4
DA:170,4
LF:14
LH:14
BRDA:79,0,0,0
BRDA:79,0,1,0
BRDA:106,1,0,1
BRDA:106,1,1,8
BRDA:111,2,0,9
BRDA:111,2,1,9
BRDA:138,3,0,4
BRDA:138,3,1,0
BRDA:154,4,0,4
BRDA:154,4,1,0
BRDA:160,5,0,4
BRDA:160,5,1,4
BRF:12
BRH:8
end_of_record
