TN:
SF:controllers/auditController.js
FN:6,(anonymous_0)
FN:51,(anonymous_1)
FN:69,(anonymous_2)
FNF:3
FNH:0
FNDA:0,(anonymous_0)
FNDA:0,(anonymous_1)
FNDA:0,(anonymous_2)
DA:1,0
DA:2,0
DA:6,0
DA:7,0
DA:9,0
DA:10,0
DA:11,0
DA:12,0
DA:13,0
DA:14,0
DA:15,0
DA:17,0
DA:19,0
DA:20,0
DA:21,0
DA:22,0
DA:23,0
DA:24,0
DA:25,0
DA:28,0
DA:29,0
DA:38,0
DA:45,0
DA:51,0
DA:52,0
DA:54,0
DA:56,0
DA:61,0
DA:63,0
DA:69,0
DA:70,0
DA:71,0
DA:72,0
DA:74,0
DA:78,0
LF:35
LH:0
BRDA:19,0,0,0
BRDA:19,0,1,0
BRDA:20,1,0,0
BRDA:20,1,1,0
BRDA:21,2,0,0
BRDA:21,2,1,0
BRDA:22,3,0,0
BRDA:22,3,1,0
BRDA:22,4,0,0
BRDA:22,4,1,0
BRDA:24,5,0,0
BRDA:24,5,1,0
BRDA:25,6,0,0
BRDA:25,6,1,0
BRF:14
BRH:0
end_of_record
TN:
SF:controllers/authController.js
FN:9,(anonymous_0)
FN:15,(anonymous_1)
FN:21,(anonymous_2)
FN:32,(anonymous_3)
FN:43,(anonymous_4)
FN:63,(anonymous_5)
FN:76,(anonymous_6)
FN:132,(anonymous_7)
FN:173,(anonymous_8)
FN:192,(anonymous_9)
FNF:10
FNH:0
FNDA:0,(anonymous_0)
FNDA:0,(anonymous_1)
FNDA:0,(anonymous_2)
FNDA:0,(anonymous_3)
FNDA:0,(anonymous_4)
FNDA:0,(anonymous_5)
FNDA:0,(anonymous_6)
FNDA:0,(anonymous_7)
FNDA:0,(anonymous_8)
FNDA:0,(anonymous_9)
DA:1,1
DA:2,1
DA:3,1
DA:4,1
DA:5,1
DA:6,1
DA:7,1
DA:9,1
DA:10,0
DA:15,1
DA:16,0
DA:21,1
DA:22,0
DA:23,0
DA:32,1
DA:43,1
DA:44,0
DA:45,0
DA:47,0
DA:48,0
DA:49,0
DA:52,0
DA:54,0
DA:63,0
DA:65,0
DA:66,0
DA:67,0
DA:68,0
DA:70,0
DA:76,1
DA:77,0
DA:78,0
DA:80,0
DA:81,0
DA:82,0
DA:86,0
DA:87,0
DA:91,0
DA:92,0
DA:93,0
DA:94,0
DA:95,0
DA:96,0
DA:98,0
DA:106,0
DA:107,0
DA:108,0
DA:110,0
DA:118,0
DA:119,0
DA:120,0
DA:121,0
DA:123,0
DA:126,0
DA:132,1
DA:133,0
DA:134,0
DA:135,0
DA:136,0
DA:140,0
DA:141,0
DA:143,0
DA:146,0
DA:147,0
DA:149,0
DA:150,0
DA:153,0
DA:154,0
DA:155,0
DA:157,0
DA:158,0
DA:161,0
DA:162,0
DA:163,0
DA:164,0
DA:165,0
DA:167,0
DA:173,1
DA:174,0
DA:175,0
DA:176,0
DA:177,0
DA:180,0
DA:181,0
DA:182,0
DA:185,0
DA:186,0
DA:187,0
DA:192,1
DA:193,0
DA:196,1
LF:91
LH:17
BRDA:11,0,0,0
BRDA:11,0,1,0
BRDA:17,1,0,0
BRDA:17,1,1,0
BRDA:48,2,0,0
BRDA:48,2,1,0
BRDA:81,3,0,0
BRDA:81,3,1,0
BRDA:86,4,0,0
BRDA:86,4,1,0
BRDA:91,5,0,0
BRDA:91,5,1,0
BRDA:92,6,0,0
BRDA:92,6,1,0
BRDA:92,7,0,0
BRDA:92,7,1,0
BRDA:106,8,0,0
BRDA:106,8,1,0
BRDA:135,9,0,0
BRDA:135,9,1,0
BRDA:146,10,0,0
BRDA:146,10,1,0
BRDA:149,11,0,0
BRDA:149,11,1,0
BRDA:154,12,0,0
BRDA:154,12,1,0
BRDA:157,13,0,0
BRDA:157,13,1,0
BRDA:175,14,0,0
BRDA:175,14,1,0
BRDA:175,15,0,0
BRDA:175,15,1,0
BRDA:181,16,0,0
BRDA:181,16,1,0
BRF:34
BRH:0
end_of_record
TN:
SF:controllers/bookingController.js
FN:19,(anonymous_0)
FN:34,(anonymous_1)
FN:46,(anonymous_2)
FN:52,(anonymous_3)
FN:59,(anonymous_4)
FN:62,(anonymous_5)
FN:72,(anonymous_6)
FN:150,(anonymous_7)
FN:163,(anonymous_8)
FN:293,(anonymous_9)
FN:312,(anonymous_10)
FN:325,(anonymous_11)
FN:347,(anonymous_12)
FN:377,(anonymous_13)
FN:396,(anonymous_14)
FN:418,(anonymous_15)
FN:428,(anonymous_16)
FN:480,(anonymous_17)
FN:517,(anonymous_18)
FN:528,(anonymous_19)
FN:591,(anonymous_20)
FN:673,(anonymous_21)
FN:689,(anonymous_22)
FN:749,(anonymous_23)
FN:765,(anonymous_24)
FN:846,(anonymous_25)
FN:927,(anonymous_26)
FN:937,(anonymous_27)
FN:954,(anonymous_28)
FN:1030,(anonymous_29)
FN:1057,(anonymous_30)
FN:1066,(anonymous_31)
FN:1109,(anonymous_32)
FN:1129,(anonymous_33)
FN:1143,(anonymous_34)
FNF:35
FNH:23
FNDA:123,(anonymous_0)
FNDA:41,(anonymous_1)
FNDA:82,(anonymous_2)
FNDA:55,(anonymous_3)
FNDA:44,(anonymous_4)
FNDA:7,(anonymous_5)
FNDA:20,(anonymous_6)
FNDA:7,(anonymous_7)
FNDA:6,(anonymous_8)
FNDA:0,(anonymous_9)
FNDA:0,(anonymous_10)
FNDA:1,(anonymous_11)
FNDA:3,(anonymous_12)
FNDA:1,(anonymous_13)
FNDA:10,(anonymous_14)
FNDA:33,(anonymous_15)
FNDA:120,(anonymous_16)
FNDA:5,(anonymous_17)
FNDA:0,(anonymous_18)
FNDA:5,(anonymous_19)
FNDA:0,(anonymous_20)
FNDA:0,(anonymous_21)
FNDA:0,(anonymous_22)
FNDA:0,(anonymous_23)
FNDA:5,(anonymous_24)
FNDA:8,(anonymous_25)
FNDA:1,(anonymous_26)
FNDA:1,(anonymous_27)
FNDA:1,(anonymous_28)
FNDA:0,(anonymous_29)
FNDA:0,(anonymous_30)
FNDA:0,(anonymous_31)
FNDA:6,(anonymous_32)
FNDA:0,(anonymous_33)
FNDA:0,(anonymous_34)
DA:1,7
DA:2,7
DA:3,7
DA:4,7
DA:5,7
DA:6,7
DA:7,7
DA:8,7
DA:9,7
DA:10,7
DA:11,7
DA:12,7
DA:13,7
DA:14,7
DA:17,7
DA:19,7
DA:23,123
DA:24,40
DA:25,40
DA:27,83
DA:30,123
DA:31,123
DA:34,7
DA:35,41
DA:36,17
DA:39,24
DA:40,24
DA:41,24
DA:42,24
DA:43,24
DA:46,7
DA:47,82
DA:48,82
DA:49,82
DA:52,7
DA:53,55
DA:54,55
DA:55,55
DA:56,55
DA:59,7
DA:60,44
DA:62,7
DA:63,7
DA:72,7
DA:73,20
DA:74,20
DA:76,20
DA:77,20
DA:80,20
DA:81,0
DA:84,20
DA:85,20
DA:86,0
DA:89,20
DA:90,20
DA:91,0
DA:94,20
DA:100,20
DA:101,0
DA:110,20
DA:111,20
DA:112,1
DA:114,19
DA:115,1
DA:119,18
DA:120,18
DA:121,1
DA:124,17
DA:125,17
DA:126,17
DA:127,17
DA:128,17
DA:129,17
DA:130,17
DA:134,17
DA:135,17
DA:136,0
DA:143,17
DA:144,17
DA:150,17
DA:151,7
DA:154,17
DA:155,6
DA:158,6
DA:160,6
DA:163,6
DA:178,11
DA:179,11
DA:180,11
DA:181,11
DA:185,0
DA:186,0
DA:189,11
DA:190,11
DA:191,11
DA:192,11
DA:197,11
DA:199,11
DA:217,11
DA:218,11
DA:219,0
DA:220,0
DA:222,0
DA:226,11
DA:227,11
DA:231,11
DA:232,0
DA:235,0
DA:237,0
DA:246,11
DA:248,11
DA:249,11
DA:250,11
DA:256,0
DA:257,0
DA:258,0
DA:259,0
DA:260,0
DA:262,0
DA:264,0
DA:265,0
DA:267,0
DA:270,0
DA:287,0
DA:295,0
DA:298,11
DA:299,11
DA:302,11
DA:303,0
DA:304,0
DA:306,11
DA:312,7
DA:313,0
DA:314,0
DA:317,0
DA:319,0
DA:325,7
DA:326,1
DA:328,1
DA:329,1
DA:330,1
DA:331,1
DA:332,1
DA:333,1
DA:335,1
DA:336,1
DA:337,1
DA:338,0
DA:339,0
DA:340,0
DA:344,1
DA:347,3
DA:349,1
DA:350,0
DA:352,1
DA:354,1
DA:355,1
DA:364,1
DA:371,0
DA:377,7
DA:378,1
DA:379,1
DA:380,1
DA:381,1
DA:384,0
DA:388,0
DA:390,0
DA:396,7
DA:397,10
DA:398,10
DA:400,10
DA:401,0
DA:405,10
DA:406,0
DA:411,10
DA:412,10
DA:414,10
DA:415,10
DA:418,10
DA:419,33
DA:420,15
DA:425,10
DA:428,120
DA:430,10
DA:431,9
DA:439,1
DA:440,0
DA:446,1
DA:449,1
DA:450,0
DA:451,0
DA:452,0
DA:454,0
DA:455,0
DA:456,0
DA:459,1
DA:460,1
DA:462,1
DA:464,1
DA:472,1
DA:474,0
DA:480,7
DA:481,5
DA:482,5
DA:484,5
DA:485,0
DA:488,5
DA:489,1
DA:492,4
DA:493,4
DA:494,4
DA:495,4
DA:497,4
DA:511,4
DA:512,4
DA:513,4
DA:520,4
DA:522,0
DA:528,7
DA:529,5
DA:531,5
DA:532,5
DA:534,5
DA:535,5
DA:536,0
DA:539,5
DA:542,5
DA:543,5
DA:544,5
DA:547,5
DA:548,5
DA:549,5
DA:550,5
DA:554,0
DA:555,0
DA:558,5
DA:560,5
DA:564,0
DA:565,0
DA:566,0
DA:570,0
DA:571,0
DA:572,0
DA:573,0
DA:575,0
DA:576,0
DA:580,0
DA:587,0
DA:591,0
DA:592,0
DA:601,0
DA:602,0
DA:603,0
DA:610,0
DA:611,0
DA:613,0
DA:614,0
DA:615,0
DA:617,0
DA:620,5
DA:623,5
DA:624,0
DA:630,5
DA:632,5
DA:633,5
DA:634,5
DA:639,0
DA:640,0
DA:641,0
DA:642,0
DA:646,0
DA:647,0
DA:648,0
DA:651,0
DA:653,0
DA:659,0
DA:668,0
DA:669,0
DA:676,0
DA:679,5
DA:680,0
DA:681,0
DA:683,5
DA:689,7
DA:690,0
DA:691,0
DA:693,0
DA:694,0
DA:697,0
DA:698,0
DA:699,0
DA:703,0
DA:704,0
DA:705,0
DA:706,0
DA:709,0
DA:710,0
DA:711,0
DA:712,0
DA:713,0
DA:730,0
DA:744,0
DA:745,0
DA:752,0
DA:753,0
DA:759,0
DA:765,7
DA:766,5
DA:767,5
DA:768,5
DA:769,0
DA:772,5
DA:773,1
DA:776,4
DA:777,1
DA:781,3
DA:782,3
DA:783,3
DA:784,3
DA:786,3
DA:787,3
DA:794,0
DA:795,0
DA:803,0
DA:818,0
DA:820,0
DA:821,0
DA:824,0
DA:830,0
DA:838,0
DA:840,0
DA:846,7
DA:847,8
DA:848,8
DA:851,8
DA:852,8
DA:853,0
DA:859,8
DA:860,8
DA:862,8
DA:863,0
DA:867,8
DA:868,8
DA:869,0
DA:876,8
DA:877,8
DA:878,8
DA:879,8
DA:881,8
DA:882,8
DA:884,8
DA:886,8
DA:887,0
DA:891,8
DA:897,8
DA:898,8
DA:899,8
DA:901,8
DA:902,2
DA:913,6
DA:914,6
DA:915,6
DA:916,27
DA:917,27
DA:918,27
DA:920,27
DA:921,27
DA:927,27
DA:928,1
DA:931,27
DA:932,1
DA:937,1
DA:949,6
DA:950,1
DA:954,1
DA:965,5
DA:966,5
DA:967,24
DA:968,24
DA:969,24
DA:970,24
DA:971,24
DA:972,24
DA:973,24
DA:977,24
DA:999,24
DA:1002,5
DA:1016,5
DA:1024,0
DA:1030,7
DA:1031,0
DA:1032,0
DA:1033,0
DA:1035,0
DA:1040,0
DA:1041,0
DA:1045,0
DA:1046,0
DA:1047,0
DA:1050,0
DA:1052,0
DA:1054,0
DA:1055,0
DA:1057,0
DA:1058,0
DA:1060,0
DA:1063,0
DA:1064,0
DA:1066,0
DA:1067,0
DA:1071,0
DA:1072,0
DA:1076,0
DA:1077,0
DA:1078,0
DA:1079,0
DA:1080,0
DA:1081,0
DA:1082,0
DA:1083,0
DA:1086,0
DA:1098,0
DA:1104,0
DA:1109,7
DA:1110,6
DA:1111,6
DA:1119,6
DA:1121,6
DA:1122,0
DA:1123,0
DA:1129,0
DA:1130,0
DA:1133,0
DA:1134,0
DA:1138,6
DA:1143,7
DA:1144,0
DA:1145,0
DA:1146,0
DA:1147,0
DA:1148,0
DA:1159,0
DA:1171,0
DA:1181,0
DA:1193,0
DA:1194,0
DA:1195,0
DA:1196,0
DA:1198,0
DA:1204,0
DA:1210,0
DA:1217,0
DA:1234,0
DA:1238,7
LF:454
LH:268
BRDA:23,0,0,40
BRDA:23,0,1,83
BRDA:23,1,0,123
BRDA:23,1,1,40
BRDA:35,2,0,17
BRDA:35,2,1,24
BRDA:35,3,0,41
BRDA:35,3,1,17
BRDA:60,4,0,3
BRDA:60,4,1,41
BRDA:80,5,0,0
BRDA:80,5,1,20
BRDA:85,6,0,0
BRDA:85,6,1,20
BRDA:90,7,0,0
BRDA:90,7,1,20
BRDA:100,8,0,0
BRDA:100,8,1,20
BRDA:100,9,0,20
BRDA:100,9,1,0
BRDA:102,10,0,0
BRDA:102,10,1,0
BRDA:105,11,0,0
BRDA:105,11,1,0
BRDA:111,12,0,1
BRDA:111,12,1,19
BRDA:114,13,0,1
BRDA:114,13,1,18
BRDA:114,14,0,19
BRDA:114,14,1,19
BRDA:120,15,0,1
BRDA:120,15,1,17
BRDA:135,16,0,0
BRDA:135,16,1,17
BRDA:151,17,0,7
BRDA:151,17,1,0
BRDA:154,18,0,6
BRDA:154,18,1,11
BRDA:171,19,0,6
BRDA:171,19,1,0
BRDA:192,20,0,8
BRDA:192,20,1,3
BRDA:210,21,0,11
BRDA:210,21,1,8
BRDA:217,22,0,11
BRDA:217,22,1,0
BRDA:226,23,0,11
BRDA:226,23,1,0
BRDA:226,24,0,11
BRDA:226,24,1,11
BRDA:231,25,0,0
BRDA:231,25,1,11
BRDA:231,26,0,11
BRDA:231,26,1,0
BRDA:240,27,0,0
BRDA:240,27,1,0
BRDA:248,28,0,11
BRDA:248,28,1,0
BRDA:258,29,0,0
BRDA:258,29,1,0
BRDA:289,30,0,0
BRDA:289,30,1,0
BRDA:298,31,0,11
BRDA:298,31,1,0
BRDA:302,32,0,0
BRDA:302,32,1,11
BRDA:336,33,0,0
BRDA:336,33,1,1
BRDA:337,34,0,0
BRDA:337,34,1,1
BRDA:337,35,0,1
BRDA:337,35,1,1
BRDA:339,36,0,0
BRDA:339,36,1,0
BRDA:340,37,0,0
BRDA:340,37,1,0
BRDA:345,38,0,0
BRDA:345,38,1,1
BRDA:349,39,0,0
BRDA:349,39,1,1
BRDA:349,40,0,1
BRDA:349,40,1,0
BRDA:352,41,0,0
BRDA:352,41,1,1
BRDA:380,42,0,1
BRDA:380,42,1,0
BRDA:400,43,0,0
BRDA:400,43,1,10
BRDA:405,44,0,0
BRDA:405,44,1,10
BRDA:405,45,0,10
BRDA:405,45,1,1
BRDA:414,46,0,1
BRDA:414,46,1,9
BRDA:419,47,0,15
BRDA:419,47,1,18
BRDA:430,48,0,9
BRDA:430,48,1,1
BRDA:439,49,0,0
BRDA:439,49,1,1
BRDA:449,50,0,0
BRDA:449,50,1,1
BRDA:449,51,0,1
BRDA:449,51,1,1
BRDA:449,51,2,1
BRDA:450,52,0,0
BRDA:450,52,1,0
BRDA:450,52,2,0
BRDA:451,53,0,0
BRDA:451,53,1,0
BRDA:452,54,0,0
BRDA:452,54,1,0
BRDA:484,55,0,0
BRDA:484,55,1,5
BRDA:488,56,0,1
BRDA:488,56,1,4
BRDA:488,57,0,5
BRDA:488,57,1,2
BRDA:493,58,0,4
BRDA:493,58,1,4
BRDA:512,59,0,4
BRDA:512,59,1,0
BRDA:512,60,0,4
BRDA:512,60,1,4
BRDA:516,61,0,4
BRDA:516,61,1,0
BRDA:535,62,0,0
BRDA:535,62,1,5
BRDA:542,63,0,5
BRDA:542,63,1,0
BRDA:542,64,0,5
BRDA:542,64,1,5
BRDA:560,65,0,5
BRDA:560,65,1,0
BRDA:564,66,0,0
BRDA:564,66,1,0
BRDA:565,67,0,0
BRDA:565,67,1,0
BRDA:570,68,0,0
BRDA:570,68,1,0
BRDA:571,69,0,0
BRDA:571,69,1,0
BRDA:587,70,0,0
BRDA:587,70,1,0
BRDA:597,71,0,0
BRDA:597,71,1,0
BRDA:601,72,0,0
BRDA:601,72,1,0
BRDA:602,73,0,0
BRDA:602,73,1,0
BRDA:611,74,0,0
BRDA:611,74,1,0
BRDA:613,75,0,0
BRDA:613,75,1,0
BRDA:620,76,0,5
BRDA:620,76,1,0
BRDA:623,77,0,0
BRDA:623,77,1,5
BRDA:623,78,0,5
BRDA:623,78,1,0
BRDA:632,79,0,5
BRDA:632,79,1,0
BRDA:640,80,0,0
BRDA:640,80,1,0
BRDA:647,81,0,0
BRDA:647,81,1,0
BRDA:659,82,0,0
BRDA:659,82,1,0
BRDA:668,83,0,0
BRDA:668,83,1,0
BRDA:668,84,0,0
BRDA:668,84,1,0
BRDA:672,85,0,0
BRDA:672,85,1,0
BRDA:679,86,0,0
BRDA:679,86,1,5
BRDA:693,87,0,0
BRDA:693,87,1,0
BRDA:698,88,0,0
BRDA:698,88,1,0
BRDA:710,89,0,0
BRDA:710,89,1,0
BRDA:710,89,2,0
BRDA:711,90,0,0
BRDA:711,90,1,0
BRDA:712,91,0,0
BRDA:712,91,1,0
BRDA:717,92,0,0
BRDA:717,92,1,0
BRDA:744,93,0,0
BRDA:744,93,1,0
BRDA:748,94,0,0
BRDA:748,94,1,0
BRDA:768,95,0,0
BRDA:768,95,1,5
BRDA:772,96,0,1
BRDA:772,96,1,4
BRDA:772,97,0,5
BRDA:772,97,1,1
BRDA:776,98,0,1
BRDA:776,98,1,3
BRDA:782,99,0,3
BRDA:782,99,1,0
BRDA:783,100,0,3
BRDA:783,100,1,0
BRDA:784,101,0,3
BRDA:784,101,1,0
BRDA:786,102,0,3
BRDA:786,102,1,0
BRDA:794,103,0,0
BRDA:794,103,1,0
BRDA:818,104,0,0
BRDA:818,104,1,0
BRDA:820,105,0,0
BRDA:820,105,1,0
BRDA:852,106,0,0
BRDA:852,106,1,8
BRDA:862,107,0,0
BRDA:862,107,1,8
BRDA:868,108,0,0
BRDA:868,108,1,8
BRDA:886,109,0,0
BRDA:886,109,1,8
BRDA:897,110,0,8
BRDA:897,110,1,0
BRDA:901,111,0,2
BRDA:901,111,1,6
BRDA:928,112,0,1
BRDA:928,112,1,0
BRDA:931,113,0,1
BRDA:931,113,1,26
BRDA:949,114,0,1
BRDA:949,114,1,5
BRDA:953,115,0,1
BRDA:953,115,1,0
BRDA:973,116,0,24
BRDA:973,116,1,0
BRDA:988,117,0,24
BRDA:988,117,1,24
BRDA:1033,118,0,0
BRDA:1040,119,0,0
BRDA:1040,119,1,0
BRDA:1046,120,0,0
BRDA:1046,120,1,0
BRDA:1046,121,0,0
BRDA:1046,121,1,0
BRDA:1052,122,0,0
BRDA:1052,122,1,0
BRDA:1052,122,2,0
BRDA:1052,122,3,0
BRDA:1054,123,0,0
BRDA:1054,123,1,0
BRDA:1063,124,0,0
BRDA:1063,124,1,0
BRDA:1115,125,0,6
BRDA:1115,125,1,6
BRDA:1130,126,0,0
BRDA:1130,126,1,0
BRDA:1133,127,0,0
BRDA:1133,127,1,0
BRDA:1145,128,0,0
BRDA:1229,129,0,0
BRDA:1229,129,1,0
BRF:263
BRH:115
end_of_record
TN:
SF:controllers/roomController.js
FN:8,(anonymous_0)
FN:56,(anonymous_1)
FN:70,(anonymous_2)
FN:95,(anonymous_3)
FN:111,(anonymous_4)
FN:118,(anonymous_5)
FN:144,(anonymous_6)
FN:154,(anonymous_7)
FN:186,(anonymous_8)
FN:201,(anonymous_9)
FN:209,(anonymous_10)
FN:247,(anonymous_11)
FN:282,(anonymous_12)
FNF:13
FNH:9
FNDA:4,(anonymous_0)
FNDA:1,(anonymous_1)
FNDA:0,(anonymous_2)
FNDA:0,(anonymous_3)
FNDA:0,(anonymous_4)
FNDA:0,(anonymous_5)
FNDA:2,(anonymous_6)
FNDA:26,(anonymous_7)
FNDA:3,(anonymous_8)
FNDA:39,(anonymous_9)
FNDA:12,(anonymous_10)
FNDA:1,(anonymous_11)
FNDA:1,(anonymous_12)
DA:1,4
DA:2,4
DA:3,4
DA:4,4
DA:8,4
DA:9,4
DA:11,4
DA:12,4
DA:13,4
DA:14,4
DA:16,4
DA:18,4
DA:19,4
DA:20,1
DA:21,1
DA:22,0
DA:28,1
DA:30,4
DA:31,4
DA:32,1
DA:33,1
DA:34,0
DA:40,1
DA:47,4
DA:48,4
DA:50,0
DA:56,4
DA:57,1
DA:58,1
DA:59,1
DA:60,1
DA:62,0
DA:64,0
DA:70,4
DA:71,0
DA:72,0
DA:73,0
DA:75,0
DA:81,0
DA:83,0
DA:89,0
DA:95,4
DA:96,0
DA:97,0
DA:98,0
DA:99,0
DA:101,0
DA:102,0
DA:104,0
DA:111,0
DA:112,0
DA:113,0
DA:114,0
DA:117,0
DA:118,0
DA:119,0
DA:120,0
DA:121,0
DA:124,0
DA:125,0
DA:129,0
DA:138,0
DA:144,4
DA:145,2
DA:147,2
DA:153,2
DA:154,2
DA:155,26
DA:156,11
DA:161,2
DA:162,0
DA:168,2
DA:170,2
DA:178,2
DA:180,0
DA:186,4
DA:187,3
DA:188,3
DA:189,3
DA:190,0
DA:194,3
DA:200,3
DA:201,3
DA:202,39
DA:203,6
DA:208,3
DA:209,12
DA:211,3
DA:212,2
DA:220,1
DA:221,0
DA:228,1
DA:229,1
DA:231,1
DA:239,1
DA:241,0
DA:247,4
DA:248,1
DA:249,1
DA:250,1
DA:251,0
DA:255,1
DA:256,1
DA:257,1
DA:260,1
DA:266,1
DA:274,1
DA:276,0
DA:282,4
DA:283,1
DA:284,1
DA:285,1
DA:287,0
DA:291,4
LF:114
LH:74
BRDA:18,0,0,1
BRDA:18,0,1,3
BRDA:19,1,0,1
BRDA:19,1,1,3
BRDA:21,2,0,0
BRDA:21,2,1,1
BRDA:30,3,0,0
BRDA:30,3,1,4
BRDA:31,4,0,1
BRDA:31,4,1,3
BRDA:33,5,0,0
BRDA:33,5,1,1
BRDA:59,6,0,1
BRDA:59,6,1,0
BRDA:73,7,0,0
BRDA:73,7,1,0
BRDA:84,8,0,0
BRDA:84,8,1,0
BRDA:97,9,0,0
BRDA:102,10,0,0
BRDA:102,10,1,0
BRDA:112,11,0,0
BRDA:112,11,1,0
BRDA:113,12,0,0
BRDA:113,12,1,0
BRDA:125,13,0,0
BRDA:125,13,1,0
BRDA:155,14,0,11
BRDA:155,14,1,15
BRDA:161,15,0,0
BRDA:161,15,1,2
BRDA:161,16,0,2
BRDA:161,16,1,2
BRDA:161,16,2,2
BRDA:161,16,3,2
BRDA:189,17,0,0
BRDA:189,17,1,3
BRDA:202,18,0,6
BRDA:202,18,1,33
BRDA:211,19,0,2
BRDA:211,19,1,1
BRDA:220,20,0,0
BRDA:220,20,1,1
BRDA:250,21,0,0
BRDA:250,21,1,1
BRDA:270,22,0,1
BRDA:270,22,1,1
BRF:47
BRH:26
end_of_record
TN:
SF:controllers/userController.js
FN:8,(anonymous_0)
FN:49,(anonymous_1)
FN:76,(anonymous_2)
FN:112,(anonymous_3)
FN:162,(anonymous_4)
FN:197,(anonymous_5)
FNF:6
FNH:4
FNDA:1,(anonymous_0)
FNDA:2,(anonymous_1)
FNDA:0,(anonymous_2)
FNDA:3,(anonymous_3)
FNDA:3,(anonymous_4)
FNDA:0,(anonymous_5)
DA:1,1
DA:2,1
DA:3,1
DA:4,1
DA:8,1
DA:9,1
DA:11,1
DA:12,1
DA:13,1
DA:14,1
DA:15,1
DA:17,1
DA:19,1
DA:20,1
DA:21,1
DA:22,0
DA:23,0
DA:24,0
DA:31,0
DA:38,1
DA:39,1
DA:49,1
DA:50,2
DA:51,2
DA:56,2
DA:63,1
DA:70,0
DA:76,1
DA:77,0
DA:78,0
DA:79,0
DA:80,0
DA:83,0
DA:88,0
DA:104,0
DA:106,0
DA:112,1
DA:113,3
DA:114,3
DA:115,3
DA:117,3
DA:118,0
DA:122,3
DA:123,1
DA:126,2
DA:127,2
DA:128,2
DA:129,1
DA:130,1
DA:132,1
DA:133,1
DA:135,2
DA:137,2
DA:143,2
DA:151,2
DA:156,0
DA:162,1
DA:163,3
DA:164,3
DA:165,3
DA:166,3
DA:167,0
DA:170,3
DA:171,3
DA:174,3
DA:175,3
DA:176,1
DA:177,0
DA:179,3
DA:181,3
DA:189,3
DA:191,0
DA:197,1
DA:198,0
DA:199,0
DA:208,0
DA:213,0
DA:215,0
DA:219,1
LF:79
LH:56
BRDA:19,0,0,0
BRDA:19,0,1,1
BRDA:20,1,0,0
BRDA:20,1,1,1
BRDA:21,2,0,0
BRDA:21,2,1,1
BRDA:23,3,0,0
BRDA:23,3,1,0
BRDA:79,4,0,0
BRDA:79,4,1,0
BRDA:117,5,0,0
BRDA:117,5,1,3
BRDA:122,6,0,1
BRDA:122,6,1,2
BRDA:128,7,0,1
BRDA:128,7,1,1
BRDA:129,8,0,1
BRDA:129,8,1,0
BRDA:130,9,0,1
BRDA:130,9,1,1
BRDA:143,10,0,2
BRDA:143,10,1,0
BRDA:166,11,0,0
BRDA:166,11,1,3
BRDA:174,12,0,0
BRDA:174,12,1,3
BRDA:175,13,0,2
BRDA:175,13,1,1
BRDA:176,14,0,1
BRDA:176,14,1,0
BRF:30
BRH:17
end_of_record
TN:
SF:middleware/auth.js
FN:5,(anonymous_0)
FN:34,(anonymous_1)
FNF:2
FNH:2
FNDA:82,(anonymous_0)
FNDA:25,(anonymous_1)
DA:1,9
DA:2,9
DA:3,9
DA:5,9
DA:8,82
DA:9,81
DA:10,81
DA:11,81
DA:12,77
DA:13,0
DA:16,77
DA:17,77
DA:18,0
DA:20,77
DA:21,0
DA:23,77
DA:25,4
DA:29,1
DA:30,1
DA:34,9
DA:35,25
DA:36,22
DA:38,3
DA:42,9
LF:24
LH:21
BRDA:8,0,0,81
BRDA:8,0,1,1
BRDA:8,1,0,82
BRDA:8,1,1,81
BRDA:12,2,0,0
BRDA:12,2,1,77
BRDA:17,3,0,0
BRDA:17,3,1,77
BRDA:20,4,0,0
BRDA:20,4,1,77
BRDA:29,5,0,1
BRDA:29,5,1,0
BRDA:35,6,0,22
BRDA:35,6,1,3
BRDA:35,7,0,25
BRDA:35,7,1,25
BRF:16
BRH:12
end_of_record
TN:
SF:middleware/rateLimiters.js
FNF:0
FNH:0
DA:1,9
DA:3,9
DA:14,9
DA:25,9
LF:4
LH:4
BRF:0
BRH:0
end_of_record
TN:
SF:middleware/requestValidators.js
FN:6,(anonymous_0)
FN:13,(anonymous_1)
FNF:2
FNH:2
FNDA:75,(anonymous_0)
FNDA:10,(anonymous_1)
DA:1,9
DA:3,9
DA:4,9
DA:6,9
DA:7,75
DA:8,75
DA:10,8
DA:13,10
DA:20,9
DA:36,9
DA:72,9
DA:131,9
DA:149,9
LF:13
LH:13
BRDA:8,0,0,67
BRDA:8,0,1,8
BRF:2
BRH:2
end_of_record
TN:
SF:utils/IntervalTree.js
FN:8,(anonymous_0)
FN:19,(anonymous_1)
FN:27,(anonymous_2)
FN:38,(anonymous_3)
FN:45,(anonymous_4)
FN:72,(anonymous_5)
FN:80,(anonymous_6)
FN:106,(anonymous_7)
FN:110,(anonymous_8)
FN:158,(anonymous_9)
FN:166,(anonymous_10)
FN:172,(anonymous_11)
FNF:12
FNH:10
FNDA:12,(anonymous_0)
FNDA:7,(anonymous_1)
FNDA:44,(anonymous_2)
FNDA:12,(anonymous_3)
FNDA:20,(anonymous_4)
FNDA:8,(anonymous_5)
FNDA:15,(anonymous_6)
FNDA:2,(anonymous_7)
FNDA:6,(anonymous_8)
FNDA:1,(anonymous_9)
FNDA:0,(anonymous_10)
FNDA:0,(anonymous_11)
DA:9,12
DA:10,12
DA:11,12
DA:12,12
DA:13,12
DA:14,12
DA:20,7
DA:21,7
DA:28,44
DA:29,44
DA:39,12
DA:40,12
DA:41,12
DA:42,12
DA:46,20
DA:47,12
DA:51,8
DA:52,0
DA:54,8
DA:58,8
DA:59,8
DA:60,8
DA:62,8
DA:73,8
DA:74,8
DA:75,8
DA:76,8
DA:77,8
DA:81,15
DA:84,14
DA:85,14
DA:87,14
DA:88,4
DA:92,14
DA:93,0
DA:97,14
DA:98,7
DA:107,2
DA:111,6
DA:114,3
DA:115,1
DA:118,1
DA:119,0
DA:123,1
DA:124,0
DA:127,0
DA:128,0
DA:129,0
DA:133,0
DA:134,0
DA:135,0
DA:138,0
DA:141,2
DA:142,2
DA:146,2
DA:147,2
DA:148,2
DA:149,2
DA:152,2
DA:159,1
DA:160,1
DA:167,0
DA:168,0
DA:169,0
DA:173,0
DA:174,0
DA:175,0
DA:181,0
DA:185,8
LF:69
LH:51
BRDA:46,0,0,12
BRDA:46,0,1,8
BRDA:51,1,0,0
BRDA:51,1,1,8
BRDA:59,2,0,0
BRDA:59,2,1,8
BRDA:60,3,0,8
BRDA:60,3,1,0
BRDA:72,4,0,0
BRDA:81,5,0,1
BRDA:81,5,1,14
BRDA:87,6,0,4
BRDA:87,6,1,10
BRDA:87,7,0,14
BRDA:87,7,1,8
BRDA:92,8,0,0
BRDA:92,8,1,14
BRDA:92,9,0,14
BRDA:92,9,1,0
BRDA:97,10,0,7
BRDA:97,10,1,7
BRDA:97,11,0,14
BRDA:97,11,1,8
BRDA:111,12,0,3
BRDA:111,12,1,3
BRDA:114,13,0,1
BRDA:114,13,1,2
BRDA:118,14,0,0
BRDA:118,14,1,1
BRDA:118,15,0,1
BRDA:118,15,1,1
BRDA:123,16,0,1
BRDA:123,16,1,0
BRDA:124,17,0,0
BRDA:124,17,1,0
BRDA:146,18,0,2
BRDA:146,18,1,0
BRDA:148,19,0,0
BRDA:148,19,1,2
BRDA:149,20,0,1
BRDA:149,20,1,1
BRDA:173,21,0,0
BRDA:173,21,1,0
BRF:43
BRH:29
end_of_record
TN:
SF:utils/auditLogger.js
FN:8,(anonymous_0)
FN:27,(anonymous_1)
FNF:2
FNH:1
FNDA:19,(anonymous_0)
FNDA:0,(anonymous_1)
DA:1,9
DA:8,9
DA:9,19
DA:10,19
DA:20,5
DA:27,9
DA:28,0
DA:29,0
DA:32,9
LF:9
LH:7
BRDA:8,0,0,0
BRDA:12,1,0,19
BRDA:12,1,1,0
BRDA:13,2,0,19
BRDA:13,2,1,0
BRDA:14,3,0,19
BRDA:14,3,1,0
BRDA:15,4,0,19
BRDA:15,4,1,0
BRDA:16,5,0,19
BRDA:16,5,1,19
BRDA:28,6,0,0
BRDA:28,6,1,0
BRDA:28,6,2,0
BRF:14
BRH:6
end_of_record
TN:
SF:utils/autoReleaseWorker.js
FN:17,(anonymous_0)
FN:77,(anonymous_1)
FN:99,(anonymous_2)
FN:137,(anonymous_3)
FN:146,(anonymous_4)
FN:151,(anonymous_5)
FN:164,(anonymous_6)
FN:179,(anonymous_7)
FNF:8
FNH:1
FNDA:0,(anonymous_0)
FNDA:0,(anonymous_1)
FNDA:0,(anonymous_2)
FNDA:0,(anonymous_3)
FNDA:0,(anonymous_4)
FNDA:0,(anonymous_5)
FNDA:0,(anonymous_6)
FNDA:32,(anonymous_7)
DA:7,7
DA:8,7
DA:9,7
DA:11,7
DA:12,7
DA:17,7
DA:18,0
DA:19,0
DA:22,0
DA:28,0
DA:29,0
DA:32,0
DA:34,0
DA:35,0
DA:37,0
DA:53,0
DA:54,0
DA:57,0
DA:72,0
DA:73,0
DA:78,0
DA:82,0
DA:85,0
DA:89,0
DA:91,0
DA:92,0
DA:99,7
DA:100,0
DA:101,0
DA:108,0
DA:137,7
DA:138,0
DA:139,0
DA:140,0
DA:143,0
DA:146,0
DA:147,0
DA:151,0
DA:152,0
DA:153,0
DA:154,0
DA:158,0
DA:164,7
DA:165,0
DA:166,0
DA:167,0
DA:168,0
DA:179,7
DA:180,32
DA:181,32
DA:182,32
DA:183,32
DA:186,7
LF:53
LH:15
BRDA:28,0,0,0
BRDA:28,0,1,0
BRDA:53,1,0,0
BRDA:53,1,1,0
BRDA:72,2,0,0
BRDA:72,2,1,0
BRDA:100,3,0,0
BRDA:100,3,1,0
BRDA:116,4,0,0
BRDA:116,4,1,0
BRDA:117,5,0,0
BRDA:117,5,1,0
BRDA:138,6,0,0
BRDA:138,6,1,0
BRDA:153,7,0,0
BRDA:153,7,1,0
BRDA:165,8,0,0
BRDA:165,8,1,0
BRDA:179,9,0,0
BRF:19
BRH:0
end_of_record
TN:
SF:utils/bookingValidator.js
FN:14,(anonymous_0)
FN:32,(anonymous_1)
FN:63,(anonymous_2)
FN:93,(anonymous_3)
FN:120,(anonymous_4)
FN:127,(anonymous_5)
FN:150,(anonymous_6)
FN:179,(anonymous_7)
FN:192,(anonymous_8)
FNF:9
FNH:9
FNDA:29,(anonymous_0)
FNDA:33,(anonymous_1)
FNDA:33,(anonymous_2)
FNDA:28,(anonymous_3)
FNDA:13,(anonymous_4)
FNDA:15,(anonymous_5)
FNDA:15,(anonymous_6)
FNDA:188,(anonymous_7)
FNDA:22,(anonymous_8)
DA:7,11
DA:8,11
DA:9,11
DA:14,11
DA:15,29
DA:16,4
DA:18,25
DA:19,1
DA:22,24
DA:23,3
DA:26,21
DA:32,11
DA:33,33
DA:34,33
DA:35,33
DA:37,33
DA:38,4
DA:47,29
DA:48,2
DA:57,27
DA:63,11
DA:64,33
DA:65,33
DA:68,33
DA:69,33
DA:71,33
DA:72,5
DA:75,28
DA:76,28
DA:78,28
DA:79,3
DA:87,25
DA:93,11
DA:94,28
DA:95,2
DA:104,26
DA:105,2
DA:114,24
DA:120,11
DA:121,13
DA:127,11
DA:128,15
DA:129,1
DA:133,14
DA:134,14
DA:135,14
DA:138,14
DA:139,14
DA:140,14
DA:144,14
DA:150,11
DA:151,15
DA:152,2
DA:155,13
DA:156,2
DA:163,11
DA:164,4
DA:173,7
DA:179,11
DA:180,188
DA:181,188
DA:182,188
DA:183,188
DA:184,752
DA:186,188
DA:192,11
DA:193,22
DA:196,22
DA:197,22
DA:200,22
DA:201,21
DA:202,21
DA:206,22
DA:207,22
DA:208,22
DA:212,22
DA:213,20
DA:219,20
DA:223,22
DA:224,5
DA:225,5
DA:228,22
DA:229,3
DA:232,19
DA:235,11
LF:85
LH:85
BRDA:15,0,0,4
BRDA:15,0,1,25
BRDA:18,1,0,1
BRDA:18,1,1,24
BRDA:22,2,0,3
BRDA:22,2,1,21
BRDA:32,3,0,32
BRDA:32,4,0,32
BRDA:37,5,0,4
BRDA:37,5,1,29
BRDA:47,6,0,2
BRDA:47,6,1,27
BRDA:63,7,0,32
BRDA:71,8,0,5
BRDA:71,8,1,28
BRDA:78,9,0,3
BRDA:78,9,1,25
BRDA:93,10,0,1
BRDA:93,11,0,1
BRDA:94,12,0,2
BRDA:94,12,1,26
BRDA:104,13,0,2
BRDA:104,13,1,24
BRDA:121,14,0,13
BRDA:121,14,1,12
BRDA:127,15,0,0
BRDA:128,16,0,1
BRDA:128,16,1,14
BRDA:140,17,0,14
BRDA:140,17,1,0
BRDA:144,18,0,14
BRDA:144,18,1,11
BRDA:151,19,0,2
BRDA:151,19,1,13
BRDA:151,20,0,15
BRDA:151,20,1,14
BRDA:155,21,0,2
BRDA:155,21,1,11
BRDA:163,22,0,4
BRDA:163,22,1,7
BRDA:197,23,0,2
BRDA:197,23,1,20
BRDA:200,24,0,21
BRDA:200,24,1,1
BRDA:200,25,0,22
BRDA:200,25,1,21
BRDA:202,26,0,1
BRDA:202,26,1,20
BRDA:206,27,0,22
BRDA:206,27,1,0
BRDA:208,28,0,2
BRDA:208,28,1,20
BRDA:212,29,0,20
BRDA:212,29,1,2
BRDA:212,30,0,22
BRDA:212,30,1,21
BRDA:212,30,2,20
BRDA:216,31,0,20
BRDA:216,31,1,0
BRDA:217,32,0,20
BRDA:217,32,1,0
BRDA:219,33,0,0
BRDA:219,33,1,20
BRDA:223,34,0,5
BRDA:223,34,1,17
BRDA:223,35,0,22
BRDA:223,35,1,21
BRDA:225,36,0,1
BRDA:225,36,1,4
BRDA:228,37,0,3
BRDA:228,37,1,19
BRF:71
BRH:65
end_of_record
TN:
SF:utils/emailTemplates.js
FN:57,(anonymous_0)
FN:67,(anonymous_1)
FN:98,(anonymous_2)
FN:130,(anonymous_3)
FNF:4
FNH:2
FNDA:28,(anonymous_0)
FNDA:0,(anonymous_1)
FNDA:0,(anonymous_2)
FNDA:4,(anonymous_3)
DA:5,7
DA:15,7
DA:22,7
DA:28,7
DA:37,7
DA:49,7
DA:57,28
DA:67,7
DA:98,7
DA:130,7
DA:131,4
DA:138,4
DA:145,4
DA:147,4
DA:177,7
LF:15
LH:15
BRDA:57,0,0,28
BRDA:57,0,1,0
BRDA:86,1,0,0
BRDA:86,1,1,0
BRDA:113,2,0,0
BRDA:113,2,1,0
BRDA:118,3,0,0
BRDA:118,3,1,0
BRDA:145,4,0,4
BRDA:145,4,1,0
BRDA:161,5,0,4
BRDA:161,5,1,0
BRDA:167,6,0,4
BRDA:167,6,1,4
BRF:14
BRH:5
end_of_record
TN:
SF:utils/lockManager.js
FN:19,(anonymous_0)
FN:24,(anonymous_1)
FN:36,(anonymous_2)
FN:58,(anonymous_3)
FN:78,(anonymous_4)
FN:99,(anonymous_5)
FN:133,(anonymous_6)
FN:146,(anonymous_7)
FN:154,(anonymous_8)
FN:166,(anonymous_9)
FN:167,(anonymous_10)
FN:173,(anonymous_11)
FN:192,(anonymous_12)
FNF:13
FNH:11
FNDA:8,(anonymous_0)
FNDA:0,(anonymous_1)
FNDA:39,(anonymous_2)
FNDA:45,(anonymous_3)
FNDA:23,(anonymous_4)
FNDA:3,(anonymous_5)
FNDA:1,(anonymous_6)
FNDA:12,(anonymous_7)
FNDA:0,(anonymous_8)
FNDA:6,(anonymous_9)
FNDA:6,(anonymous_10)
FNDA:1,(anonymous_11)
FNDA:1,(anonymous_12)
DA:21,8
DA:24,8
DA:37,39
DA:38,45
DA:40,45
DA:41,37
DA:45,8
DA:46,6
DA:47,6
DA:48,6
DA:52,2
DA:59,45
DA:60,45
DA:63,45
DA:64,8
DA:68,37
DA:69,37
DA:70,37
DA:79,23
DA:81,23
DA:84,23
DA:85,22
DA:86,22
DA:89,1
DA:101,3
DA:102,3
DA:104,3
DA:105,3
DA:106,8
DA:108,8
DA:110,1
DA:111,1
DA:113,1
DA:116,7
DA:119,2
DA:122,0
DA:123,0
DA:125,0
DA:134,1
DA:136,1
DA:137,3
DA:147,12
DA:148,12
DA:155,0
DA:156,0
DA:157,0
DA:158,0
DA:167,6
DA:174,1
DA:175,1
DA:176,1
DA:178,1
DA:179,2
DA:180,2
DA:182,0
DA:186,1
DA:193,1
DA:194,1
DA:196,1
DA:201,8
DA:203,8
LF:61
LH:53
BRDA:36,0,0,0
BRDA:36,1,0,0
BRDA:36,2,0,13
BRDA:40,3,0,37
BRDA:40,3,1,8
BRDA:45,4,0,6
BRDA:45,4,1,2
BRDA:63,5,0,8
BRDA:63,5,1,37
BRDA:63,6,0,45
BRDA:63,6,1,10
BRDA:79,7,0,0
BRDA:79,7,1,23
BRDA:79,8,0,23
BRDA:79,8,1,23
BRDA:84,9,0,22
BRDA:84,9,1,1
BRDA:84,10,0,23
BRDA:84,10,1,23
BRDA:99,11,0,0
BRDA:108,12,0,1
BRDA:108,12,1,7
BRDA:134,13,0,0
BRDA:134,13,1,1
BRDA:134,14,0,1
BRDA:134,14,1,1
BRDA:148,15,0,12
BRDA:148,15,1,6
BRDA:157,16,0,0
BRDA:157,16,1,0
BRDA:179,17,0,2
BRDA:179,17,1,0
BRDA:193,18,0,1
BRDA:193,18,1,0
BRF:34
BRH:25
end_of_record
TN:
SF:utils/priorityCalculator.js
FN:20,(anonymous_0)
FN:30,(anonymous_1)
FN:50,(anonymous_2)
FN:51,(anonymous_3)
FN:63,(anonymous_4)
FN:76,(anonymous_5)
FNF:6
FNH:6
FNDA:56,(anonymous_0)
FNDA:42,(anonymous_1)
FNDA:3,(anonymous_2)
FNDA:6,(anonymous_3)
FNDA:3,(anonymous_4)
FNDA:6,(anonymous_5)
DA:7,8
DA:20,8
DA:21,56
DA:30,8
DA:32,42
DA:33,7
DA:37,35
DA:38,16
DA:41,19
DA:50,8
DA:51,3
DA:52,6
DA:53,6
DA:63,8
DA:64,3
DA:65,3
DA:68,3
DA:76,8
DA:77,6
DA:84,6
DA:87,8
LF:21
LH:21
BRDA:21,0,0,56
BRDA:21,0,1,2
BRDA:32,1,0,7
BRDA:32,1,1,35
BRDA:37,2,0,16
BRDA:37,2,1,19
BRDA:37,3,0,35
BRDA:37,3,1,24
BRDA:52,4,0,6
BRDA:52,4,1,0
BRDA:65,5,0,3
BRDA:65,5,1,0
BRDA:84,6,0,6
BRDA:84,6,1,1
BRF:14
BRH:12
end_of_record
TN:
SF:utils/recurrenceEngine.js
FN:14,(anonymous_0)
FN:43,(anonymous_1)
FN:68,(anonymous_2)
FN:126,(anonymous_3)
FN:172,(anonymous_4)
FN:181,(anonymous_5)
FNF:6
FNH:5
FNDA:31,(anonymous_0)
FNDA:14,(anonymous_1)
FNDA:3,(anonymous_2)
FNDA:15,(anonymous_3)
FNDA:8,(anonymous_4)
FNDA:0,(anonymous_5)
DA:7,8
DA:14,8
DA:15,31
DA:16,31
DA:18,31
DA:19,62
DA:20,62
DA:21,62
DA:25,31
DA:31,8
DA:43,8
DA:44,14
DA:45,14
DA:47,14
DA:48,0
DA:51,14
DA:52,14
DA:55,14
DA:56,14
DA:57,1
DA:58,1
DA:59,1
DA:60,1
DA:64,14
DA:65,14
DA:68,14
DA:70,14
DA:71,14
DA:73,14
DA:75,167
DA:76,1
DA:80,166
DA:82,166
DA:83,12
DA:84,12
DA:87,166
DA:88,160
DA:89,160
DA:90,160
DA:91,160
DA:95,166
DA:97,116
DA:98,116
DA:101,47
DA:102,47
DA:105,3
DA:106,3
DA:109,0
DA:113,166
DA:114,0
DA:118,14
DA:126,8
DA:127,15
DA:128,15
DA:130,15
DA:131,1
DA:134,14
DA:135,14
DA:136,1
DA:139,13
DA:140,2
DA:141,2
DA:142,2
DA:143,3
DA:144,1
DA:149,12
DA:150,2
DA:151,1
DA:155,11
DA:156,9
DA:157,9
DA:158,0
DA:162,11
DA:164,0
DA:172,8
DA:173,8
DA:181,8
DA:182,0
DA:183,0
DA:184,0
DA:185,0
DA:188,8
LF:82
LH:73
BRDA:20,0,0,62
BRDA:20,0,1,0
BRDA:20,1,0,62
BRDA:20,1,1,62
BRDA:43,2,0,13
BRDA:47,3,0,0
BRDA:47,3,1,14
BRDA:56,4,0,1
BRDA:56,4,1,13
BRDA:64,5,0,13
BRDA:64,5,1,1
BRDA:68,6,0,1
BRDA:68,6,1,13
BRDA:75,7,0,1
BRDA:75,7,1,166
BRDA:75,8,0,167
BRDA:75,8,1,6
BRDA:82,9,0,12
BRDA:82,9,1,154
BRDA:82,10,0,166
BRDA:82,10,1,47
BRDA:87,11,0,160
BRDA:87,11,1,6
BRDA:95,12,0,116
BRDA:95,12,1,47
BRDA:95,12,2,3
BRDA:95,12,3,0
BRDA:113,13,0,0
BRDA:113,13,1,166
BRDA:130,14,0,1
BRDA:130,14,1,14
BRDA:135,15,0,1
BRDA:135,15,1,13
BRDA:139,16,0,2
BRDA:139,16,1,11
BRDA:143,17,0,1
BRDA:143,17,1,2
BRDA:149,18,0,2
BRDA:149,18,1,10
BRDA:150,19,0,1
BRDA:150,19,1,1
BRDA:155,20,0,9
BRDA:155,20,1,2
BRDA:157,21,0,0
BRDA:157,21,1,9
BRDA:157,22,0,9
BRDA:157,22,1,9
BRDA:157,22,2,9
BRF:48
BRH:43
end_of_record
TN:
SF:utils/sanitizeQuery.js
FN:18,(anonymous_0)
FN:41,(anonymous_1)
FN:70,(anonymous_2)
FN:93,(anonymous_3)
FN:120,(anonymous_4)
FN:153,(anonymous_5)
FN:178,(anonymous_6)
FN:202,(anonymous_7)
FNF:8
FNH:6
FNDA:103,(anonymous_0)
FNDA:0,(anonymous_1)
FNDA:50,(anonymous_2)
FNDA:8,(anonymous_3)
FNDA:25,(anonymous_4)
FNDA:6,(anonymous_5)
FNDA:2,(anonymous_6)
FNDA:0,(anonymous_7)
DA:18,10
DA:20,103
DA:21,27
DA:25,76
DA:27,19
DA:31,57
DA:41,10
DA:42,0
DA:45,0
DA:49,0
DA:50,0
DA:51,0
DA:54,0
DA:55,0
DA:60,0
DA:70,10
DA:71,50
DA:73,50
DA:74,20
DA:77,30
DA:80,30
DA:81,5
DA:84,25
DA:93,10
DA:94,8
DA:96,8
DA:97,2
DA:100,6
DA:103,6
DA:104,5
DA:107,1
DA:120,10
DA:121,25
DA:123,25
DA:125,25
DA:126,10
DA:129,15
DA:132,15
DA:133,3
DA:137,12
DA:138,1
DA:140,11
DA:141,1
DA:144,10
DA:153,10
DA:154,6
DA:156,6
DA:157,3
DA:160,3
DA:163,3
DA:164,2
DA:167,1
DA:178,10
DA:179,2
DA:180,2
DA:182,2
DA:183,0
DA:186,2
DA:187,2
DA:188,0
DA:191,2
DA:192,0
DA:195,2
DA:202,10
DA:203,0
DA:204,0
DA:205,0
DA:208,0
DA:209,0
DA:218,0
DA:221,10
LF:71
LH:54
BRDA:20,0,0,27
BRDA:20,0,1,76
BRDA:20,1,0,103
BRDA:20,1,1,101
BRDA:25,2,0,19
BRDA:25,2,1,57
BRDA:41,3,0,0
BRDA:45,4,0,0
BRDA:45,4,1,0
BRDA:50,5,0,0
BRDA:50,5,1,0
BRDA:54,6,0,0
BRDA:54,6,1,0
BRDA:70,7,0,28
BRDA:73,8,0,20
BRDA:73,8,1,30
BRDA:80,9,0,5
BRDA:80,9,1,25
BRDA:80,10,0,30
BRDA:80,10,1,14
BRDA:96,11,0,2
BRDA:96,11,1,6
BRDA:103,12,0,5
BRDA:103,12,1,1
BRDA:120,13,0,12
BRDA:121,14,0,19
BRDA:125,15,0,10
BRDA:125,15,1,15
BRDA:132,16,0,3
BRDA:132,16,1,12
BRDA:137,17,0,1
BRDA:137,17,1,11
BRDA:137,18,0,12
BRDA:137,18,1,3
BRDA:140,19,0,1
BRDA:140,19,1,10
BRDA:140,20,0,11
BRDA:140,20,1,2
BRDA:156,21,0,3
BRDA:156,21,1,3
BRDA:163,22,0,2
BRDA:163,22,1,1
BRDA:178,23,0,0
BRDA:179,24,0,0
BRDA:182,25,0,0
BRDA:182,25,1,2
BRDA:187,26,0,0
BRDA:187,26,1,2
BRDA:191,27,0,0
BRDA:191,27,1,2
BRDA:203,28,0,0
BRDA:203,28,1,0
BRDA:208,29,0,0
BRDA:208,29,1,0
BRDA:208,30,0,0
BRDA:208,30,1,0
BRF:56
BRH:38
end_of_record
TN:
SF:utils/tokenRevocation.js
FN:4,(anonymous_0)
FN:18,(anonymous_1)
FN:27,(anonymous_2)
FN:33,(anonymous_3)
FNF:4
FNH:1
FNDA:0,(anonymous_0)
FNDA:0,(anonymous_1)
FNDA:0,(anonymous_2)
FNDA:77,(anonymous_3)
DA:1,9
DA:2,9
DA:4,9
DA:5,0
DA:6,0
DA:7,0
DA:10,0
DA:11,0
DA:18,9
DA:19,0
DA:20,0
DA:27,9
DA:28,0
DA:29,0
DA:30,0
DA:33,9
DA:34,77
DA:35,0
DA:36,0
DA:39,9
LF:20
LH:8
BRDA:6,0,0,0
BRDA:6,0,1,0
BRDA:6,1,0,0
BRDA:6,1,1,0
BRDA:10,2,0,0
BRDA:10,2,1,0
BRDA:19,3,0,0
BRDA:19,3,1,0
BRDA:19,4,0,0
BRDA:19,4,1,0
BRDA:29,5,0,0
BRDA:29,5,1,0
BRDA:34,6,0,77
BRDA:34,6,1,0
BRF:14
BRH:1
end_of_record
